<?xml version="1.0" encoding="UTF-8"?>
<!-- Generated by org.testng.reporters.JUnitReportReporter -->
<testsuite skipped="0" hostname="sravyakarthik" name="com.TestCases.TDB2386_VerifyLogout" tests="1" failures="0" timestamp="29 Mar 2019 04:25:54 GMT" time="25.943" errors="0">
  <testcase name="TDB2386_VerifyLogout" time="25.943" classname="com.TestCases.TDB2386_VerifyLogout"/>
</testsuite> <!-- com.TestCases.TDB2386_VerifyLogout -->
