<?xml version="1.0" encoding="UTF-8"?>
<!-- Generated by org.testng.reporters.JUnitReportReporter -->
<testsuite skipped="0" hostname="sravyakarthik" name="com.TestCases.TDB2647_VerifyCreateMessage" tests="1" failures="0" timestamp="11 Apr 2019 14:47:20 GMT" time="50.862" errors="0">
  <testcase name="TDB2647_VerifyCreateMessage" time="50.862" classname="com.TestCases.TDB2647_VerifyCreateMessage"/>
</testsuite> <!-- com.TestCases.TDB2647_VerifyCreateMessage -->
