<?xml version="1.0" encoding="UTF-8"?>
<!-- Generated by org.testng.reporters.JUnitReportReporter -->
<testsuite skipped="0" hostname="sravyakarthik" name="com.TestCases.TDB1056_VerifyActiveAccountStatus" tests="1" failures="0" timestamp="08 Apr 2019 03:01:55 GMT" time="71.563" errors="0">
  <testcase name="TDB1056_VerifyActiveAccountStatus" time="71.563" classname="com.TestCases.TDB1056_VerifyActiveAccountStatus"/>
</testsuite> <!-- com.TestCases.TDB1056_VerifyActiveAccountStatus -->
