<?xml version="1.0" encoding="UTF-8"?>
<!-- Generated by org.testng.reporters.JUnitReportReporter -->
<testsuite skipped="0" hostname="sravyakarthik" name="com.TestCases.TDB1411_VerifyRoutingNumberforAccount" tests="1" failures="0" timestamp="09 Apr 2019 01:40:35 GMT" time="34.423" errors="0">
  <testcase name="TDB1411_VerifyRoutingNumberforAccount" time="34.423" classname="com.TestCases.TDB1411_VerifyRoutingNumberforAccount"/>
</testsuite> <!-- com.TestCases.TDB1411_VerifyRoutingNumberforAccount -->
