<?xml version="1.0" encoding="UTF-8"?>
<!-- Generated by org.testng.reporters.JUnitReportReporter -->
<testsuite skipped="0" hostname="sravyakarthik" name="com.TestCases.TDB1059_VerifyChargeoffAccountStatus" tests="1" failures="0" timestamp="08 Apr 2019 03:11:16 GMT" time="37.627" errors="0">
  <testcase name="TDB1059_VerifyChargeoffAccountStatus" time="37.627" classname="com.TestCases.TDB1059_VerifyChargeoffAccountStatus"/>
</testsuite> <!-- com.TestCases.TDB1059_VerifyChargeoffAccountStatus -->
