<?xml version="1.0" encoding="UTF-8"?>
<!-- Generated by org.testng.reporters.JUnitReportReporter -->
<testsuite skipped="0" hostname="sravyakarthik" name="com.TestCases.TDB2281_VerifyOnetimeMyTdecuAccountTransfer" tests="1" failures="0" timestamp="03 Apr 2019 18:25:49 GMT" time="180.576" errors="0">
  <testcase name="TDB2281_VerifyOnetimeMyTdecuAccountTransfer" time="180.576" classname="com.TestCases.TDB2281_VerifyOnetimeMyTdecuAccountTransfer"/>
</testsuite> <!-- com.TestCases.TDB2281_VerifyOnetimeMyTdecuAccountTransfer -->
