<?xml version="1.0" encoding="UTF-8"?>
<!-- Generated by org.testng.reporters.JUnitReportReporter -->
<testsuite skipped="0" hostname="sravyakarthik" name="com.TestCases.TDB2546_VerifyRecipientAccountNumberEnter" tests="1" failures="0" timestamp="09 Apr 2019 13:18:38 GMT" time="113.573" errors="0">
  <testcase name="TDB2255_VerifyDailyMyTdecuAccountTransfer" time="113.573" classname="com.TestCases.TDB2546_VerifyRecipientAccountNumberEnter"/>
</testsuite> <!-- com.TestCases.TDB2546_VerifyRecipientAccountNumberEnter -->
