<?xml version="1.0" encoding="UTF-8"?>
<!-- Generated by org.testng.reporters.JUnitReportReporter -->
<testsuite skipped="0" hostname="sravyakarthik" name="com.TestCases.TDB2227_VerifyMakeTransferOption" tests="1" failures="0" timestamp="12 Apr 2019 02:11:05 GMT" time="33.978" errors="0">
  <testcase name="TDB2227_VerifyMakeTransferOption" time="33.978" classname="com.TestCases.TDB2227_VerifyMakeTransferOption"/>
</testsuite> <!-- com.TestCases.TDB2227_VerifyMakeTransferOption -->
