<?xml version="1.0" encoding="UTF-8"?>
<!-- Generated by org.testng.reporters.JUnitReportReporter -->
<testsuite skipped="0" hostname="sravyakarthik" name="com.TestCases.TDB2537_3_VerifyMonthlyOtherTdecuAccountTransfer" tests="1" failures="0" timestamp="28 Mar 2019 14:44:19 GMT" time="176.128" errors="0">
  <testcase name="TDB2537_3_VerifyMonthlyOtherTdecuAccountTransfer" time="176.128" classname="com.TestCases.TDB2537_3_VerifyMonthlyOtherTdecuAccountTransfer"/>
</testsuite> <!-- com.TestCases.TDB2537_3_VerifyMonthlyOtherTdecuAccountTransfer -->
