<?xml version="1.0" encoding="UTF-8"?>
<!-- Generated by org.testng.reporters.JUnitReportReporter -->
<testsuite skipped="0" hostname="sravyakarthik" name="com.TestCases.TDB2526_VerifyOtherTdecu45daysQuaterly" tests="1" failures="0" timestamp="01 Apr 2019 20:07:10 GMT" time="118.047" errors="0">
  <testcase name="TDB2526_VerifyOtherTdecu45daysQuaterly" time="118.047" classname="com.TestCases.TDB2526_VerifyOtherTdecu45daysQuaterly"/>
</testsuite> <!-- com.TestCases.TDB2526_VerifyOtherTdecu45daysQuaterly -->
