<?xml version="1.0" encoding="UTF-8"?>
<!-- Generated by org.testng.reporters.JUnitReportReporter -->
<testsuite skipped="0" hostname="sravyakarthik" name="com.TestCases.TDB2258_VerifyMonthlyMyTdecuAccountTransfer" tests="1" failures="0" timestamp="27 Mar 2019 13:20:02 GMT" time="151.502" errors="0">
  <testcase name="TDB2258_VerifyMonthlyMyTdecuAccountTransfer" time="151.502" classname="com.TestCases.TDB2258_VerifyMonthlyMyTdecuAccountTransfer"/>
</testsuite> <!-- com.TestCases.TDB2258_VerifyMonthlyMyTdecuAccountTransfer -->
