<?xml version="1.0" encoding="UTF-8"?>
<!-- Generated by org.testng.reporters.JUnitReportReporter -->
<testsuite skipped="0" hostname="sravyakarthik" name="com.TestCases.TDB2442_AddFundingAccountBankAccount" tests="1" failures="0" timestamp="05 Apr 2019 03:30:55 GMT" time="262.370" errors="0">
  <testcase name="TDB2442_AddFundingAccountBankAccount" time="262.370" classname="com.TestCases.TDB2442_AddFundingAccountBankAccount"/>
</testsuite> <!-- com.TestCases.TDB2442_AddFundingAccountBankAccount -->
