<?xml version="1.0" encoding="UTF-8"?>
<!-- Generated by org.testng.reporters.JUnitReportReporter -->
<testsuite skipped="0" hostname="sravyakarthik" name="com.TestCases.TDB2228_VerifyTransferTypeOption" tests="1" failures="0" timestamp="12 Apr 2019 02:43:46 GMT" time="58.427" errors="0">
  <testcase name="TDB2228_VerifyTransferTypeOption" time="58.427" classname="com.TestCases.TDB2228_VerifyTransferTypeOption"/>
</testsuite> <!-- com.TestCases.TDB2228_VerifyTransferTypeOption -->
