<?xml version="1.0" encoding="UTF-8"?>
<!-- Generated by org.testng.reporters.JUnitReportReporter -->
<testsuite skipped="0" hostname="sravyakarthik" name="com.TestCases.TDB86_VerifyAccountLastFiveDigitOnAccountDetail" tests="1" failures="0" timestamp="13 Apr 2019 14:19:10 GMT" time="44.877" errors="0">
  <testcase name="TDB86_VerifyAccountLastFiveDigitOnAccountDetail" time="44.877" classname="com.TestCases.TDB86_VerifyAccountLastFiveDigitOnAccountDetail"/>
</testsuite> <!-- com.TestCases.TDB86_VerifyAccountLastFiveDigitOnAccountDetail -->
