<?xml version="1.0" encoding="UTF-8"?>
<!-- Generated by org.testng.reporters.JUnitReportReporter -->
<testsuite skipped="0" hostname="sravyakarthik" name="com.TestCases.TDB2226_VerifyTransferOptionMainMenu" tests="1" failures="0" timestamp="12 Apr 2019 02:02:33 GMT" time="5.321" errors="0">
  <testcase name="TDB2226_VerifyTransferOptionMainMenu" time="5.321" classname="com.TestCases.TDB2226_VerifyTransferOptionMainMenu"/>
</testsuite> <!-- com.TestCases.TDB2226_VerifyTransferOptionMainMenu -->
