<?xml version="1.0" encoding="UTF-8"?>
<!-- Generated by org.testng.reporters.JUnitReportReporter -->
<testsuite skipped="0" hostname="sravyakarthik" name="com.TestCases.TDB956_VerifyLoginValidUsernamePassword" tests="1" failures="0" timestamp="03 Apr 2019 18:19:14 GMT" time="12.126" errors="0">
  <testcase name="TDB956_VerifyLoginValidUsernamePassword" time="12.126" classname="com.TestCases.TDB956_VerifyLoginValidUsernamePassword"/>
</testsuite> <!-- com.TestCases.TDB956_VerifyLoginValidUsernamePassword -->
