<?xml version="1.0" encoding="UTF-8"?>
<!-- Generated by org.testng.reporters.JUnitReportReporter -->
<testsuite skipped="0" hostname="sravyakarthik" name="com.TestCases.TDB1054_VerifyNonAccuralAccountStatus" tests="1" failures="0" timestamp="16 Apr 2019 16:58:18 GMT" time="41.429" errors="0">
  <testcase name="TDB1054_VerifyNonAccuralAccountStatus" time="41.429" classname="com.TestCases.TDB1054_VerifyNonAccuralAccountStatus"/>
</testsuite> <!-- com.TestCases.TDB1054_VerifyNonAccuralAccountStatus -->
