<?xml version="1.0" encoding="UTF-8"?>
<!-- Generated by org.testng.reporters.JUnitReportReporter -->
<testsuite skipped="0" hostname="sravyakarthik" name="com.TestCases.TDB2261_1_VerifyYearly45daysMyTdecu" tests="1" failures="0" timestamp="15 Apr 2019 18:41:24 GMT" time="146.031" errors="0">
  <testcase name="TDB2261_1_VerifyYearly45daysMyTdecu" time="146.031" classname="com.TestCases.TDB2261_1_VerifyYearly45daysMyTdecu"/>
</testsuite> <!-- com.TestCases.TDB2261_1_VerifyYearly45daysMyTdecu -->
