<?xml version="1.0" encoding="UTF-8"?>
<!-- Generated by org.testng.reporters.JUnitReportReporter -->
<testsuite skipped="0" hostname="sravyakarthik" name="com.TestCases.TDB2259_1_VerifyQuaterly45daysMytdecu" tests="1" failures="0" timestamp="01 Apr 2019 19:43:50 GMT" time="114.866" errors="0">
  <testcase name="TDB2259_1_VerifyQuaterly45daysMytdecu" time="114.866" classname="com.TestCases.TDB2259_1_VerifyQuaterly45daysMytdecu"/>
</testsuite> <!-- com.TestCases.TDB2259_1_VerifyQuaterly45daysMytdecu -->
