<?xml version="1.0" encoding="UTF-8"?>
<!-- Generated by org.testng.reporters.JUnitReportReporter -->
<testsuite skipped="0" hostname="sravyakarthik" name="com.TestCases.TDB1448_VerifyAccountLastFourDigit" tests="1" failures="0" timestamp="08 Apr 2019 04:10:37 GMT" time="9.987" errors="0">
  <testcase name="TDB1448_VerifyAccountLastFourDigit" time="9.987" classname="com.TestCases.TDB1448_VerifyAccountLastFourDigit"/>
</testsuite> <!-- com.TestCases.TDB1448_VerifyAccountLastFourDigit -->
