<?xml version="1.0" encoding="UTF-8"?>
<!-- Generated by org.testng.reporters.JUnitReportReporter -->
<testsuite skipped="0" hostname="sravyakarthik" name="com.TestCases.TDB2537_6_VerifyYearlyOtherTdecuAccountTransfer" tests="1" failures="0" timestamp="27 Mar 2019 13:54:52 GMT" time="172.153" errors="0">
  <testcase name="TDB2537_5_VerifyYearlyOtherTdecuAccountTransfer" time="172.153" classname="com.TestCases.TDB2537_6_VerifyYearlyOtherTdecuAccountTransfer"/>
</testsuite> <!-- com.TestCases.TDB2537_6_VerifyYearlyOtherTdecuAccountTransfer -->
