<?xml version="1.0" encoding="UTF-8"?>
<!-- Generated by org.testng.reporters.JUnitReportReporter -->
<testsuite skipped="0" hostname="sravyakarthik" name="com.TestCases.TDB2261_VerifyYearlyMyTdecuAccountTransfer" tests="1" failures="0" timestamp="27 Mar 2019 13:35:03 GMT" time="161.274" errors="0">
  <testcase name="TDB2261_VerifyYearlyMyTdecuAccountTransfer" time="161.274" classname="com.TestCases.TDB2261_VerifyYearlyMyTdecuAccountTransfer"/>
</testsuite> <!-- com.TestCases.TDB2261_VerifyYearlyMyTdecuAccountTransfer -->
