<?xml version="1.0" encoding="UTF-8"?>
<!-- Generated by org.testng.reporters.JUnitReportReporter -->
<testsuite skipped="0" hostname="sravyakarthik" name="com.TestCases.TDB2260_VerifyEverySixMonthMyTdecuTransfer" tests="1" failures="0" timestamp="27 Mar 2019 13:29:54 GMT" time="212.414" errors="0">
  <testcase name="TDB2260_VerifyEverySixMonthMyTdecuTransfer" time="212.414" classname="com.TestCases.TDB2260_VerifyEverySixMonthMyTdecuTransfer"/>
</testsuite> <!-- com.TestCases.TDB2260_VerifyEverySixMonthMyTdecuTransfer -->
