<?xml version="1.0" encoding="UTF-8"?>
<!-- Generated by org.testng.reporters.JUnitReportReporter -->
<testsuite skipped="0" hostname="sravyakarthik" name="com.TestCases.VerifyLoginPageValidationError" tests="1" failures="0" timestamp="03 Apr 2019 18:13:23 GMT" time="2.207" errors="0">
  <testcase name="VerifyLoginPageValidationError" time="2.207" classname="com.TestCases.VerifyLoginPageValidationError"/>
</testsuite> <!-- com.TestCases.VerifyLoginPageValidationError -->
