<?xml version="1.0" encoding="UTF-8"?>
<!-- Generated by org.testng.reporters.JUnitReportReporter -->
<testsuite skipped="0" hostname="sravyakarthik" name="com.TestCases.TDB2260_1_VerifyEvery6Months45daysMyTdecu" tests="1" failures="0" timestamp="01 Apr 2019 19:48:55 GMT" time="114.144" errors="0">
  <testcase name="TDB2260_1_VerifyEvery6Months45daysMyTdecu" time="114.144" classname="com.TestCases.TDB2260_1_VerifyEvery6Months45daysMyTdecu"/>
</testsuite> <!-- com.TestCases.TDB2260_1_VerifyEvery6Months45daysMyTdecu -->
