<?xml version="1.0" encoding="UTF-8"?>
<!-- Generated by org.testng.reporters.JUnitReportReporter -->
<testsuite skipped="0" hostname="sravyakarthik" name="com.TestCases.TDB2256_VerifyWeeklyMyTdecuAccountTransfer" tests="1" failures="0" timestamp="17 Apr 2019 15:24:35 GMT" time="284.251" errors="0">
  <testcase name="TDB2256_VerifyWeeklyMyTdecuAccountTransfer" time="284.251" classname="com.TestCases.TDB2256_VerifyWeeklyMyTdecuAccountTransfer"/>
</testsuite> <!-- com.TestCases.TDB2256_VerifyWeeklyMyTdecuAccountTransfer -->
