<?xml version="1.0" encoding="UTF-8"?>
<!-- Generated by org.testng.reporters.JUnitReportReporter -->
<testsuite skipped="0" hostname="sravyakarthik" name="com.TestCases.TDB2537_1_VerifyWeeklyOtherTdecuAccountTransfer" tests="1" failures="0" timestamp="09 Apr 2019 17:51:38 GMT" time="221.029" errors="0">
  <testcase name="TDB2537_1_VerifyWeeklyOtherTdecuAccountTransfer" time="221.029" classname="com.TestCases.TDB2537_1_VerifyWeeklyOtherTdecuAccountTransfer"/>
</testsuite> <!-- com.TestCases.TDB2537_1_VerifyWeeklyOtherTdecuAccountTransfer -->
