<?xml version="1.0" encoding="UTF-8"?>
<!-- Generated by org.testng.reporters.JUnitReportReporter -->
<testsuite skipped="0" hostname="sravyakarthik" name="com.TestCases.TDB2280_VerifyDescriptionClearMyTdecuTransfer" tests="1" failures="0" timestamp="17 Apr 2019 03:19:21 GMT" time="117.823" errors="0">
  <testcase name="TDB2280_VerifyDescriptionClearMyTdecuTransfer" time="117.823" classname="com.TestCases.TDB2280_VerifyDescriptionClearMyTdecuTransfer"/>
</testsuite> <!-- com.TestCases.TDB2280_VerifyDescriptionClearMyTdecuTransfer -->
