<?xml version="1.0" encoding="UTF-8"?>
<!-- Generated by org.testng.reporters.JUnitReportReporter -->
<testsuite skipped="0" hostname="sravyakarthik" name="com.TestCases.TDB361_VerifyInactiveAccountStatus" tests="1" failures="0" timestamp="08 Apr 2019 16:41:53 GMT" time="27.202" errors="0">
  <testcase name="TDB361_VerifyInactiveAccountStatus" time="27.202" classname="com.TestCases.TDB361_VerifyInactiveAccountStatus"/>
</testsuite> <!-- com.TestCases.TDB361_VerifyInactiveAccountStatus -->
