<?xml version="1.0" encoding="UTF-8"?>
<!-- Generated by org.testng.reporters.JUnitReportReporter -->
<testsuite skipped="0" hostname="sravyakarthik" name="com.TestCases.TDB1096_VerifyTransferOnChargeOffAccount" tests="1" failures="0" timestamp="17 Apr 2019 16:19:43 GMT" time="0.015" errors="0">
  <testcase name="TDB1096_VerifyTransferOnChargeOffAccount" time="0.015" classname="com.TestCases.TDB1096_VerifyTransferOnChargeOffAccount"/>
</testsuite> <!-- com.TestCases.TDB1096_VerifyTransferOnChargeOffAccount -->
