<?xml version="1.0" encoding="UTF-8"?>
<!-- Generated by org.testng.reporters.JUnitReportReporter -->
<testsuite skipped="0" hostname="sravyakarthik" name="com.TestCases.TDB2255_VerifyDailyMyTdecuAccountTransfer" tests="1" failures="0" timestamp="17 Apr 2019 15:17:43 GMT" time="364.240" errors="0">
  <testcase name="TDB2255_VerifyDailyMyTdecuAccountTransfer" time="364.240" classname="com.TestCases.TDB2255_VerifyDailyMyTdecuAccountTransfer"/>
</testsuite> <!-- com.TestCases.TDB2255_VerifyDailyMyTdecuAccountTransfer -->
