<?xml version="1.0" encoding="UTF-8"?>
<!-- Generated by org.testng.reporters.JUnitReportReporter -->
<testsuite skipped="0" hostname="sravyakarthik" name="com.tdecu.MobileAutomation.LaunchApp" tests="1" failures="0" timestamp="25 Jan 2019 16:09:41 GMT" time="57.535" errors="0">
  <testcase name="launchApp" time="57.535" classname="com.tdecu.MobileAutomation.LaunchApp"/>
</testsuite> <!-- com.tdecu.MobileAutomation.LaunchApp -->
