<?xml version="1.0" encoding="UTF-8"?>
<!-- Generated by org.testng.reporters.JUnitReportReporter -->
<testsuite skipped="0" hostname="sravyakarthik" name="com.TestCases.TDB2434_2_DeleteFundingAccountBankAccount" tests="1" failures="0" timestamp="05 Apr 2019 03:53:09 GMT" time="90.447" errors="0">
  <testcase name="TDB2440_AddFundingAccountDebitCard" time="90.447" classname="com.TestCases.TDB2434_2_DeleteFundingAccountBankAccount"/>
</testsuite> <!-- com.TestCases.TDB2434_2_DeleteFundingAccountBankAccount -->
