<?xml version="1.0" encoding="UTF-8"?>
<!-- Generated by org.testng.reporters.JUnitReportReporter -->
<testsuite skipped="0" hostname="sravyakarthik" name="com.TestCases.TDB2259_VerifyQuarterlyMyTdecuAccountTransfer" tests="1" failures="0" timestamp="27 Mar 2019 13:24:24 GMT" time="154.728" errors="0">
  <testcase name="TDB2259_VerifyQuarterlyMyTdecuAccountTransfer" time="154.728" classname="com.TestCases.TDB2259_VerifyQuarterlyMyTdecuAccountTransfer"/>
</testsuite> <!-- com.TestCases.TDB2259_VerifyQuarterlyMyTdecuAccountTransfer -->
