<?xml version="1.0" encoding="UTF-8"?>
<!-- Generated by org.testng.reporters.JUnitReportReporter -->
<testsuite skipped="0" hostname="sravyakarthik" name="com.TestCases.TDB1406_VerifyAccountNickname" tests="1" failures="0" timestamp="15 Apr 2019 17:04:13 GMT" time="20.596" errors="0">
  <testcase name="TDB1406_VerifyAccountNickname" time="20.596" classname="com.TestCases.TDB1406_VerifyAccountNickname"/>
</testsuite> <!-- com.TestCases.TDB1406_VerifyAccountNickname -->
