<?xml version="1.0" encoding="UTF-8"?>
<!-- Generated by org.testng.reporters.JUnitReportReporter -->
<testsuite skipped="0" hostname="sravyakarthik" name="com.TestCases.TDB2537_5_VerifyEverySixMonthOtherTdecuTransfer" tests="1" failures="0" timestamp="27 Mar 2019 14:01:42 GMT" time="162.964" errors="0">
  <testcase name="TDB2260_VerifyEverySixMonthMyTdecuTransfer" time="162.964" classname="com.TestCases.TDB2537_5_VerifyEverySixMonthOtherTdecuTransfer"/>
</testsuite> <!-- com.TestCases.TDB2537_5_VerifyEverySixMonthOtherTdecuTransfer -->
