<?xml version="1.0" encoding="UTF-8"?>
<!-- Generated by org.testng.reporters.JUnitReportReporter -->
<testsuite skipped="0" hostname="sravyakarthik" name="com.TestCases.TDB34_VerifyDisableEDocuments" tests="1" failures="0" timestamp="10 Apr 2019 14:26:07 GMT" time="55.409" errors="0">
  <testcase name="TDB34_VerifyDisableEDocuments" time="55.409" classname="com.TestCases.TDB34_VerifyDisableEDocuments"/>
</testsuite> <!-- com.TestCases.TDB34_VerifyDisableEDocuments -->
