<?xml version="1.0" encoding="UTF-8"?>
<!-- Generated by org.testng.reporters.JUnitReportReporter -->
<testsuite skipped="0" hostname="sravyakarthik" name="com.TestCases.TDB2527_VerifyOtherTdecu45daysEvery6Months" tests="1" failures="0" timestamp="29 Mar 2019 19:50:36 GMT" time="115.105" errors="0">
  <testcase name="TDB2527_VerifyOtherTdecu45daysEvery6Months" time="115.105" classname="com.TestCases.TDB2527_VerifyOtherTdecu45daysEvery6Months"/>
</testsuite> <!-- com.TestCases.TDB2527_VerifyOtherTdecu45daysEvery6Months -->
