<?xml version="1.0" encoding="UTF-8"?>
<!-- Generated by org.testng.reporters.JUnitReportReporter -->
<testsuite skipped="0" hostname="sravyakarthik" name="com.TestCases.TDB2528_VerifyOtherTdecu45daysYearly" tests="1" failures="0" timestamp="29 Mar 2019 19:54:04 GMT" time="115.289" errors="0">
  <testcase name="TDB2528_VerifyOtherTdecu45daysYearly" time="115.289" classname="com.TestCases.TDB2528_VerifyOtherTdecu45daysYearly"/>
</testsuite> <!-- com.TestCases.TDB2528_VerifyOtherTdecu45daysYearly -->
