<?xml version="1.0" encoding="UTF-8"?>
<!-- Generated by org.testng.reporters.JUnitReportReporter -->
<testsuite skipped="0" hostname="sravyakarthik" name="com.TestCases.TDB2650_VerifyMessageSearch" tests="1" failures="0" timestamp="11 Apr 2019 14:31:10 GMT" time="30.057" errors="0">
  <testcase name="TDB2650_VerifyMessageSearch" time="30.057" classname="com.TestCases.TDB2650_VerifyMessageSearch"/>
</testsuite> <!-- com.TestCases.TDB2650_VerifyMessageSearch -->
