<?xml version="1.0" encoding="UTF-8"?>
<!-- Generated by org.testng.reporters.JUnitReportReporter -->
<testsuite skipped="0" hostname="sravyakarthik" name="com.TestCases.TDB2233_VerifySourceAccountNickname" tests="1" failures="0" timestamp="22 Apr 2019 16:37:45 GMT" time="50.084" errors="0">
  <testcase name="TDB2233_VerifySourceAccountNickname" time="50.084" classname="com.TestCases.TDB2233_VerifySourceAccountNickname"/>
</testsuite> <!-- com.TestCases.TDB2233_VerifySourceAccountNickname -->
