<?xml version="1.0" encoding="UTF-8"?>
<!-- Generated by org.testng.reporters.JUnitReportReporter -->
<testsuite skipped="0" hostname="sravyakarthik" name="com.TestCases.TDB146_VerifyAccountLastFiveDigit" tests="1" failures="0" timestamp="06 Apr 2019 03:46:38 GMT" time="11.950" errors="0">
  <testcase name="TDB146_VerifyAccountLastFiveDigit" time="11.950" classname="com.TestCases.TDB146_VerifyAccountLastFiveDigit"/>
</testsuite> <!-- com.TestCases.TDB146_VerifyAccountLastFiveDigit -->
