<?xml version="1.0" encoding="UTF-8"?>
<!-- Generated by org.testng.reporters.JUnitReportReporter -->
<testsuite skipped="0" hostname="sravyakarthik" name="com.TestCases.TDB1055_VerifyDormantAccountStatus" tests="1" failures="0" timestamp="08 Apr 2019 03:32:54 GMT" time="44.627" errors="0">
  <testcase name="TDB1055_VerifyDormantAccountStatus" time="44.627" classname="com.TestCases.TDB1055_VerifyDormantAccountStatus"/>
</testsuite> <!-- com.TestCases.TDB1055_VerifyDormantAccountStatus -->
