<?xml version="1.0" encoding="UTF-8"?>
<!-- Generated by org.testng.reporters.JUnitReportReporter -->
<testsuite skipped="0" hostname="sravyakarthik" name="com.TestCases.TDB135_VerifyAccountInfoOnAccountDetail" tests="1" failures="0" timestamp="13 Apr 2019 15:15:16 GMT" time="49.740" errors="0">
  <testcase name="TDB135_VerifyAccountInfoOnAccountDetail" time="49.740" classname="com.TestCases.TDB135_VerifyAccountInfoOnAccountDetail"/>
</testsuite> <!-- com.TestCases.TDB135_VerifyAccountInfoOnAccountDetail -->
