<?xml version="1.0" encoding="UTF-8"?>
<!-- Generated by org.testng.reporters.JUnitReportReporter -->
<testsuite skipped="0" hostname="sravyakarthik" name="com.TestCases.TDB2434_1_DeleteFundingAccountDebitCard" tests="1" failures="0" timestamp="05 Apr 2019 21:15:40 GMT" time="66.548" errors="0">
  <testcase name="TDB2440_AddFundingAccountDebitCard" time="66.548" classname="com.TestCases.TDB2434_1_DeleteFundingAccountDebitCard"/>
</testsuite> <!-- com.TestCases.TDB2434_1_DeleteFundingAccountDebitCard -->
