<?xml version="1.0" encoding="UTF-8"?>
<!-- Generated by org.testng.reporters.JUnitReportReporter -->
<testsuite skipped="0" hostname="sravyakarthik" name="com.TestCases.TDB2257_VerifyEveryTwoWeekMyTdecuAccountTransfer" tests="1" failures="0" timestamp="05 Apr 2019 20:52:50 GMT" time="189.288" errors="0">
  <testcase name="TDB2257_VerifyEveryTwoWeekMyTdecuAccountTransfer" time="189.288" classname="com.TestCases.TDB2257_VerifyEveryTwoWeekMyTdecuAccountTransfer"/>
</testsuite> <!-- com.TestCases.TDB2257_VerifyEveryTwoWeekMyTdecuAccountTransfer -->
