<?xml version="1.0" encoding="UTF-8"?>
<!-- Generated by org.testng.reporters.JUnitReportReporter -->
<testsuite skipped="0" hostname="LAPTOP-1F0JMU93" name="com.TestCases.TDB3242_VerifyPaymentActivityTab" tests="1" failures="0" timestamp="04 Apr 2019 18:42:44 GMT" time="9.416" errors="0">
  <testcase name="TDB3242_VerifyPaymentActivityTab" time="9.416" classname="com.TestCases.TDB3242_VerifyPaymentActivityTab"/>
</testsuite> <!-- com.TestCases.TDB3242_VerifyPaymentActivityTab -->
