<?xml version="1.0" encoding="UTF-8"?>
<!-- Generated by org.testng.reporters.JUnitReportReporter -->
<testsuite skipped="0" hostname="LAPTOP-1F0JMU93" name="com.TestCases.TDB2079_VerifyTransferAmountInTransactionDetail" tests="1" failures="0" timestamp="17 Apr 2019 14:07:05 GMT" time="49.518" errors="0">
  <testcase name="TDB2079_VerifyTransferAmountInTransactionDetail" time="49.518" classname="com.TestCases.TDB2079_VerifyTransferAmountInTransactionDetail"/>
</testsuite> <!-- com.TestCases.TDB2079_VerifyTransferAmountInTransactionDetail -->
