<?xml version="1.0" encoding="UTF-8"?>
<!-- Generated by org.testng.reporters.JUnitReportReporter -->
<testsuite skipped="0" hostname="LAPTOP-1F0JMU93" name="com.TestCases.TDB1256_VerifyCreditCardInformation" tests="1" failures="0" timestamp="15 Mar 2019 03:04:26 GMT" time="36.920" errors="0">
  <testcase name="TDB1256_VerifyCreditCardInformation" time="36.920" classname="com.TestCases.TDB1256_VerifyCreditCardInformation"/>
</testsuite> <!-- com.TestCases.TDB1256_VerifyCreditCardInformation -->
