<?xml version="1.0" encoding="UTF-8"?>
<!-- Generated by org.testng.reporters.JUnitReportReporter -->
<testsuite skipped="0" hostname="LAPTOP-1F0JMU93" name="com.TestCases.TDB2088_VerifyModifyScheduledTransaction" tests="1" failures="0" timestamp="22 Apr 2019 14:21:15 GMT" time="63.306" errors="0">
  <testcase name="TDB2088_VerifyModifyScheduledTransaction" time="63.306" classname="com.TestCases.TDB2088_VerifyModifyScheduledTransaction"/>
</testsuite> <!-- com.TestCases.TDB2088_VerifyModifyScheduledTransaction -->
