<?xml version="1.0" encoding="UTF-8"?>
<!-- Generated by org.testng.reporters.JUnitReportReporter -->
<testsuite skipped="0" hostname="LAPTOP-1F0JMU93" name="com.TestCases.DeleteFundingAccountBankAccount" tests="1" failures="0" timestamp="27 Mar 2019 15:39:25 GMT" time="15.074" errors="0">
  <testcase name="DeleteFundingAccountBankAccount" time="15.074" classname="com.TestCases.DeleteFundingAccountBankAccount"/>
</testsuite> <!-- com.TestCases.DeleteFundingAccountBankAccount -->
