<?xml version="1.0" encoding="UTF-8"?>
<!-- Generated by org.testng.reporters.JUnitReportReporter -->
<testsuite skipped="0" hostname="LAPTOP-1F0JMU93" name="com.TestCases.TDB1333_VerifyAdvanceTransactionSearchModify" tests="1" failures="0" timestamp="08 Apr 2019 02:17:25 GMT" time="54.380" errors="0">
  <testcase name="TDB1333_VerifyAdvanceTransactionSearchModify" time="54.380" classname="com.TestCases.TDB1333_VerifyAdvanceTransactionSearchModify"/>
</testsuite> <!-- com.TestCases.TDB1333_VerifyAdvanceTransactionSearchModify -->
