<?xml version="1.0" encoding="UTF-8"?>
<!-- Generated by org.testng.reporters.JUnitReportReporter -->
<testsuite skipped="0" hostname="LAPTOP-1F0JMU93" name="com.TestCases.TDB1236_VerifyAccountNumberLastFiveDigit" tests="1" failures="0" timestamp="11 Mar 2019 16:20:46 GMT" time="4.226" errors="0">
  <testcase name="TDB1236_VerifyAccountNumberLastFiveDigit" time="4.226" classname="com.TestCases.TDB1236_VerifyAccountNumberLastFiveDigit"/>
</testsuite> <!-- com.TestCases.TDB1236_VerifyAccountNumberLastFiveDigit -->
