<?xml version="1.0" encoding="UTF-8"?>
<!-- Generated by org.testng.reporters.JUnitReportReporter -->
<testsuite skipped="0" hostname="LAPTOP-1F0JMU93" name="com.TestCases.TDB6_VerifyloginWithValidUsernameAndPassword" tests="1" failures="0" timestamp="03 Apr 2019 18:20:36 GMT" time="10.295" errors="0">
  <testcase name="TDB6_VerifyloginWithValidUsernameAndPassword" time="10.295" classname="com.TestCases.TDB6_VerifyloginWithValidUsernameAndPassword"/>
</testsuite> <!-- com.TestCases.TDB6_VerifyloginWithValidUsernameAndPassword -->
