<?xml version="1.0" encoding="UTF-8"?>
<!-- Generated by org.testng.reporters.JUnitReportReporter -->
<testsuite skipped="0" hostname="LAPTOP-1F0JMU93" name="com.TestCases.TDB2023_VerifyMonthlyMyTdecuAccountTransfer" tests="1" failures="0" timestamp="08 Apr 2019 18:09:09 GMT" time="40.569" errors="0">
  <testcase name="verifyMonthlyTransfer" time="40.569" classname="com.TestCases.TDB2023_VerifyMonthlyMyTdecuAccountTransfer"/>
</testsuite> <!-- com.TestCases.TDB2023_VerifyMonthlyMyTdecuAccountTransfer -->
