<?xml version="1.0" encoding="UTF-8"?>
<!-- Generated by org.testng.reporters.JUnitReportReporter -->
<testsuite skipped="0" hostname="LAPTOP-1F0JMU93" name="com.TestCases.TDB2070_VerifyConfirmTransfer" tests="1" failures="0" timestamp="09 Apr 2019 01:08:58 GMT" time="50.381" errors="0">
  <testcase name="TDB2070_VerifyConfirmTransfer" time="50.381" classname="com.TestCases.TDB2070_VerifyConfirmTransfer"/>
</testsuite> <!-- com.TestCases.TDB2070_VerifyConfirmTransfer -->
