<?xml version="1.0" encoding="UTF-8"?>
<!-- Generated by org.testng.reporters.JUnitReportReporter -->
<testsuite skipped="0" hostname="LAPTOP-1F0JMU93" name="com.TestCases.TDB2639_CreateNewMessage" tests="1" failures="0" timestamp="16 Apr 2019 13:51:27 GMT" time="32.559" errors="0">
  <testcase name="TDB2639_CreateNewMessage" time="32.559" classname="com.TestCases.TDB2639_CreateNewMessage"/>
</testsuite> <!-- com.TestCases.TDB2639_CreateNewMessage -->
