<?xml version="1.0" encoding="UTF-8"?>
<!-- Generated by org.testng.reporters.JUnitReportReporter -->
<testsuite skipped="0" hostname="LAPTOP-1F0JMU93" name="com.TestCases.TDB882_VerifyProfileSettings" tests="1" failures="0" timestamp="16 Apr 2019 13:51:27 GMT" time="10.343" errors="0">
  <testcase name="TDB882_VerifyProfileSettings" time="10.343" classname="com.TestCases.TDB882_VerifyProfileSettings"/>
</testsuite> <!-- com.TestCases.TDB882_VerifyProfileSettings -->
