<?xml version="1.0" encoding="UTF-8"?>
<!-- Generated by org.testng.reporters.JUnitReportReporter -->
<testsuite skipped="0" hostname="LAPTOP-1F0JMU93" name="com.TestCases.TDB2605_VerifyEveryTwoWeekOtherTdecuTransfer" tests="1" failures="0" timestamp="11 Apr 2019 18:21:39 GMT" time="47.002" errors="0">
  <testcase name="TDB2605_VerifyEveryTwoWeekOtherTdecuTransfer" time="47.002" classname="com.TestCases.TDB2605_VerifyEveryTwoWeekOtherTdecuTransfer"/>
</testsuite> <!-- com.TestCases.TDB2605_VerifyEveryTwoWeekOtherTdecuTransfer -->
