<?xml version="1.0" encoding="UTF-8"?>
<!-- Generated by org.testng.reporters.JUnitReportReporter -->
<testsuite skipped="0" hostname="LAPTOP-1F0JMU93" name="com.TestCases.TDB2056_Verify45DaysMyTdecuTransfer" tests="1" failures="0" timestamp="04 Apr 2019 18:47:33 GMT" time="31.310" errors="0">
  <testcase name="TDB2056_Verify45DaysMyTdecuTransfer" time="31.310" classname="com.TestCases.TDB2056_Verify45DaysMyTdecuTransfer"/>
</testsuite> <!-- com.TestCases.TDB2056_Verify45DaysMyTdecuTransfer -->
