<?xml version="1.0" encoding="UTF-8"?>
<!-- Generated by org.testng.reporters.JUnitReportReporter -->
<testsuite skipped="0" hostname="LAPTOP-1F0JMU93" name="com.TestCases.TDB2642_SearchMessage" tests="1" failures="0" timestamp="08 Apr 2019 18:16:48 GMT" time="22.163" errors="0">
  <testcase name="TDB2642_SearchMessage" time="22.163" classname="com.TestCases.TDB2642_SearchMessage"/>
</testsuite> <!-- com.TestCases.TDB2642_SearchMessage -->
