<?xml version="1.0" encoding="UTF-8"?>
<!-- Generated by org.testng.reporters.JUnitReportReporter -->
<testsuite skipped="0" hostname="LAPTOP-1F0JMU93" name="com.TestCases.TDB2081_VerifySourceAccountInTransactionDetail" tests="1" failures="0" timestamp="17 Apr 2019 14:40:38 GMT" time="52.588" errors="0">
  <testcase name="TDB2081_VerifySourceAccountInTransactionDetail" time="52.588" classname="com.TestCases.TDB2081_VerifySourceAccountInTransactionDetail"/>
</testsuite> <!-- com.TestCases.TDB2081_VerifySourceAccountInTransactionDetail -->
