<?xml version="1.0" encoding="UTF-8"?>
<!-- Generated by org.testng.reporters.JUnitReportReporter -->
<testsuite skipped="0" hostname="LAPTOP-1F0JMU93" name="com.TestCases.TDB359_VerifyNonAccrualAccount" tests="1" failures="0" timestamp="04 Apr 2019 18:36:44 GMT" time="9.790" errors="0">
  <testcase name="VerifyNonAccrualAccount" time="9.790" classname="com.TestCases.TDB359_VerifyNonAccrualAccount"/>
</testsuite> <!-- com.TestCases.TDB359_VerifyNonAccrualAccount -->
