<?xml version="1.0" encoding="UTF-8"?>
<!-- Generated by org.testng.reporters.JUnitReportReporter -->
<testsuite skipped="0" hostname="LAPTOP-1F0JMU93" name="com.TestCases.TDB2609_VerifyYearlyOtherTdecuTransfer" tests="1" failures="0" timestamp="12 Mar 2019 15:48:33 GMT" time="48.589" errors="0">
  <testcase name="TDB2609_VerifyYearlyOtherTdecuTransfer" time="48.589" classname="com.TestCases.TDB2609_VerifyYearlyOtherTdecuTransfer"/>
</testsuite> <!-- com.TestCases.TDB2609_VerifyYearlyOtherTdecuTransfer -->
