<?xml version="1.0" encoding="UTF-8"?>
<!-- Generated by org.testng.reporters.JUnitReportReporter -->
<testsuite skipped="0" hostname="LAPTOP-1F0JMU93" name="com.TestCases.TDB1312_VerifyRefNumberInTransactionDetail" tests="1" failures="0" timestamp="16 Apr 2019 17:27:28 GMT" time="52.591" errors="0">
  <testcase name="TDB1312_VerifyRefNumberInTransactionDetail" time="52.591" classname="com.TestCases.TDB1312_VerifyRefNumberInTransactionDetail"/>
</testsuite> <!-- com.TestCases.TDB1312_VerifyRefNumberInTransactionDetail -->
