<?xml version="1.0" encoding="UTF-8"?>
<!-- Generated by org.testng.reporters.JUnitReportReporter -->
<testsuite skipped="0" hostname="LAPTOP-1F0JMU93" name="com.TestCases.TDB2061_VerifyTDECUTransferNotesFieldDescription" tests="1" failures="0" timestamp="02 Apr 2019 13:29:37 GMT" time="28.454" errors="0">
  <testcase name="TDB2061_VerifyTDECUTransferNotesFieldDescription" time="28.454" classname="com.TestCases.TDB2061_VerifyTDECUTransferNotesFieldDescription"/>
</testsuite> <!-- com.TestCases.TDB2061_VerifyTDECUTransferNotesFieldDescription -->
