<?xml version="1.0" encoding="UTF-8"?>
<!-- Generated by org.testng.reporters.JUnitReportReporter -->
<testsuite skipped="0" hostname="LAPTOP-1F0JMU93" name="com.TestCases.TDB1058_VerifyChargeOffAccountStatus" tests="1" failures="0" timestamp="29 Mar 2019 01:38:47 GMT" time="31.520" errors="0">
  <testcase name="TDB1058_VerifyChargeOffAccountStatus" time="31.520" classname="com.TestCases.TDB1058_VerifyChargeOffAccountStatus"/>
</testsuite> <!-- com.TestCases.TDB1058_VerifyChargeOffAccountStatus -->
