<?xml version="1.0" encoding="UTF-8"?>
<!-- Generated by org.testng.reporters.JUnitReportReporter -->
<testsuite skipped="0" hostname="LAPTOP-1F0JMU93" name="com.TestCases.TDB3538_DeleteTdecuMemberAccountBeneficiary" tests="1" failures="0" timestamp="09 Apr 2019 16:51:09 GMT" time="20.039" errors="0">
  <testcase name="DeleteTdecuMemberAccountBeneficiary" time="20.039" classname="com.TestCases.TDB3538_DeleteTdecuMemberAccountBeneficiary"/>
</testsuite> <!-- com.TestCases.TDB3538_DeleteTdecuMemberAccountBeneficiary -->
