<?xml version="1.0" encoding="UTF-8"?>
<!-- Generated by org.testng.reporters.JUnitReportReporter -->
<testsuite skipped="0" hostname="LAPTOP-1F0JMU93" name="com.TestCases.TDB9_VerifyLoginPageValidationError" tests="1" failures="0" timestamp="03 Apr 2019 18:21:31 GMT" time="4.178" errors="0">
  <testcase name="TDB9_VerifyLoginPageValidationError" time="4.178" classname="com.TestCases.TDB9_VerifyLoginPageValidationError"/>
</testsuite> <!-- com.TestCases.TDB9_VerifyLoginPageValidationError -->
