<?xml version="1.0" encoding="UTF-8"?>
<!-- Generated by org.testng.reporters.JUnitReportReporter -->
<testsuite skipped="0" hostname="LAPTOP-1F0JMU93" name="com.TestCases.TDB1235_VerifyAccountNickname" tests="1" failures="0" timestamp="11 Mar 2019 16:19:02 GMT" time="4.314" errors="0">
  <testcase name="TDB1235_VerifyAccountNickname" time="4.314" classname="com.TestCases.TDB1235_VerifyAccountNickname"/>
</testsuite> <!-- com.TestCases.TDB1235_VerifyAccountNickname -->
