<?xml version="1.0" encoding="UTF-8"?>
<!-- Generated by org.testng.reporters.JUnitReportReporter -->
<testsuite skipped="0" hostname="LAPTOP-1F0JMU93" name="com.TestCases.TDB2608_VerifyEverySixMonthOtherTdecuTransfer" tests="1" failures="0" timestamp="12 Mar 2019 15:46:50 GMT" time="50.828" errors="0">
  <testcase name="TDB2608_VerifyEverySixMonthOtherTdecuTransfer" time="50.828" classname="com.TestCases.TDB2608_VerifyEverySixMonthOtherTdecuTransfer"/>
</testsuite> <!-- com.TestCases.TDB2608_VerifyEverySixMonthOtherTdecuTransfer -->
