<?xml version="1.0" encoding="UTF-8"?>
<!-- Generated by org.testng.reporters.JUnitReportReporter -->
<testsuite skipped="0" hostname="LAPTOP-1F0JMU93" name="com.TestCases.TDB2089_VerifyCancellingScheduledTransaction" tests="1" failures="0" timestamp="22 Apr 2019 14:48:47 GMT" time="65.047" errors="0">
  <testcase name="TDB2089_VerifyCancellingScheduledTransaction" time="65.047" classname="com.TestCases.TDB2089_VerifyCancellingScheduledTransaction"/>
</testsuite> <!-- com.TestCases.TDB2089_VerifyCancellingScheduledTransaction -->
