<?xml version="1.0" encoding="UTF-8"?>
<!-- Generated by org.testng.reporters.JUnitReportReporter -->
<testsuite skipped="0" hostname="LAPTOP-1F0JMU93" name="com.TestCases.TDB1258_VerifyAccountNumbersRoutingNumbers" tests="1" failures="0" timestamp="05 Apr 2019 14:32:26 GMT" time="31.566" errors="0">
  <testcase name="TDB1258_VerifyAccountNumbersRoutingNumbers" time="31.566" classname="com.TestCases.TDB1258_VerifyAccountNumbersRoutingNumbers"/>
</testsuite> <!-- com.TestCases.TDB1258_VerifyAccountNumbersRoutingNumbers -->
