<?xml version="1.0" encoding="UTF-8"?>
<!-- Generated by org.testng.reporters.JUnitReportReporter -->
<testsuite skipped="0" hostname="LAPTOP-1F0JMU93" name="com.TestCases.TDB1305_VerifyTransactionArrowClick" tests="1" failures="0" timestamp="10 Apr 2019 16:52:00 GMT" time="14.343" errors="0">
  <testcase name="TDB1305_VerifyTransactionArrowClick" time="14.343" classname="com.TestCases.TDB1305_VerifyTransactionArrowClick"/>
</testsuite> <!-- com.TestCases.TDB1305_VerifyTransactionArrowClick -->
