<?xml version="1.0" encoding="UTF-8"?>
<!-- Generated by org.testng.reporters.JUnitReportReporter -->
<testsuite skipped="0" hostname="LAPTOP-1F0JMU93" name="com.TestCases.TDB1363_VerifyAccountNicknameEdit" tests="1" failures="0" timestamp="08 Apr 2019 20:59:19 GMT" time="38.619" errors="0">
  <testcase name="TDB1363_VerifyAccountNicknameEdit" time="38.619" classname="com.TestCases.TDB1363_VerifyAccountNicknameEdit"/>
</testsuite> <!-- com.TestCases.TDB1363_VerifyAccountNicknameEdit -->
