<?xml version="1.0" encoding="UTF-8"?>
<!-- Generated by org.testng.reporters.JUnitReportReporter -->
<testsuite skipped="0" hostname="LAPTOP-1F0JMU93" name="com.TestCases.TDB2021_VerifyWeeklyMyTdecuAccountTransfer" tests="1" failures="0" timestamp="05 Apr 2019 17:27:25 GMT" time="46.709" errors="0">
  <testcase name="TDB2012_VerifyWeeklyMyTdecuAccountTransfer" time="46.709" classname="com.TestCases.TDB2021_VerifyWeeklyMyTdecuAccountTransfer"/>
</testsuite> <!-- com.TestCases.TDB2021_VerifyWeeklyMyTdecuAccountTransfer -->
