<?xml version="1.0" encoding="UTF-8"?>
<!-- Generated by org.testng.reporters.JUnitReportReporter -->
<testsuite skipped="0" hostname="LAPTOP-1F0JMU93" name="com.TestCases.TDB716_VerifyCurrentLocation" tests="1" failures="0" timestamp="16 Apr 2019 13:51:27 GMT" time="7.215" errors="0">
  <testcase name="TDB716_VerifyCurrentLocation" time="7.215" classname="com.TestCases.TDB716_VerifyCurrentLocation"/>
</testsuite> <!-- com.TestCases.TDB716_VerifyCurrentLocation -->
