<?xml version="1.0" encoding="UTF-8"?>
<!-- Generated by org.testng.reporters.JUnitReportReporter -->
<testsuite skipped="0" hostname="LAPTOP-1F0JMU93" name="com.TestCases.TDB2022_VerifyEveryTwoWeekMyTdecuTransfer" tests="1" failures="0" timestamp="08 Apr 2019 18:06:54 GMT" time="45.789" errors="0">
  <testcase name="TDB2022_VerifyEveryTwoWeekMyTdecuTransfer" time="45.789" classname="com.TestCases.TDB2022_VerifyEveryTwoWeekMyTdecuTransfer"/>
</testsuite> <!-- com.TestCases.TDB2022_VerifyEveryTwoWeekMyTdecuTransfer -->
