<?xml version="1.0" encoding="UTF-8"?>
<!-- Generated by org.testng.reporters.JUnitReportReporter -->
<testsuite skipped="0" hostname="LAPTOP-1F0JMU93" name="com.TestCases.TDB1237_VerifyCreditCardLastFourDigit" tests="1" failures="0" timestamp="11 Apr 2019 01:26:42 GMT" time="4.117" errors="0">
  <testcase name="TDB1237_VerifyCreditCardLastFourDigit" time="4.117" classname="com.TestCases.TDB1237_VerifyCreditCardLastFourDigit"/>
</testsuite> <!-- com.TestCases.TDB1237_VerifyCreditCardLastFourDigit -->
