<?xml version="1.0" encoding="UTF-8"?>
<!-- Generated by org.testng.reporters.JUnitReportReporter -->
<testsuite skipped="0" hostname="LAPTOP-1F0JMU93" name="com.TestCases.TDB1306_VerifyAmountInTransactionDetail" tests="1" failures="0" timestamp="11 Apr 2019 18:30:27 GMT" time="40.315" errors="0">
  <testcase name="TDB1306_VerifyAmountInTransactionDetail" time="40.315" classname="com.TestCases.TDB1306_VerifyAmountInTransactionDetail"/>
</testsuite> <!-- com.TestCases.TDB1306_VerifyAmountInTransactionDetail -->
