<?xml version="1.0" encoding="UTF-8"?>
<!-- Generated by org.testng.reporters.JUnitReportReporter -->
<testsuite skipped="0" hostname="LAPTOP-1F0JMU93" name="com.TestCases.TDB2082_VerifyDestinationAccountInTransactionDetail" tests="1" failures="0" timestamp="18 Apr 2019 13:11:25 GMT" time="50.591" errors="0">
  <testcase name="TDB2082_VerifyDestinationAccountInTransactionDetail" time="50.591" classname="com.TestCases.TDB2082_VerifyDestinationAccountInTransactionDetail"/>
</testsuite> <!-- com.TestCases.TDB2082_VerifyDestinationAccountInTransactionDetail -->
