<?xml version="1.0" encoding="UTF-8"?>
<!-- Generated by org.testng.reporters.JUnitReportReporter -->
<testsuite skipped="0" hostname="LAPTOP-1F0JMU93" name="com.TestCases.TDB2604_VerifyWeeklyOtherTdecuAccountTransfer" tests="1" failures="0" timestamp="12 Mar 2019 15:39:13 GMT" time="64.951" errors="0">
  <testcase name="TDB2604_VerifyWeeklyOtherTdecuAccountTransfer" time="64.951" classname="com.TestCases.TDB2604_VerifyWeeklyOtherTdecuAccountTransfer"/>
</testsuite> <!-- com.TestCases.TDB2604_VerifyWeeklyOtherTdecuAccountTransfer -->
