<?xml version="1.0" encoding="UTF-8"?>
<!-- Generated by org.testng.reporters.JUnitReportReporter -->
<testsuite skipped="0" hostname="LAPTOP-1F0JMU93" name="com.TestCases.TDB362_VerifyDormantAccount" tests="1" failures="0" timestamp="04 Apr 2019 18:40:38 GMT" time="7.805" errors="0">
  <testcase name="VerifyDormantAccount" time="7.805" classname="com.TestCases.TDB362_VerifyDormantAccount"/>
</testsuite> <!-- com.TestCases.TDB362_VerifyDormantAccount -->
