<?xml version="1.0" encoding="UTF-8"?>
<!-- Generated by org.testng.reporters.JUnitReportReporter -->
<testsuite skipped="0" hostname="LAPTOP-1F0JMU93" name="com.TestCases.TDB2024_VerifyQuarterlyMyTdecuTransfer" tests="1" failures="0" timestamp="08 Apr 2019 18:11:16 GMT" time="44.524" errors="0">
  <testcase name="TDB2024_VerifyQuarterlyMyTdecuTransfer" time="44.524" classname="com.TestCases.TDB2024_VerifyQuarterlyMyTdecuTransfer"/>
</testsuite> <!-- com.TestCases.TDB2024_VerifyQuarterlyMyTdecuTransfer -->
