<?xml version="1.0" encoding="UTF-8"?>
<!-- Generated by org.testng.reporters.JUnitReportReporter -->
<testsuite skipped="0" hostname="LAPTOP-1F0JMU93" name="com.TestCases.TDB2607_VerifyQuarterlyOtherTdecuTransfer" tests="1" failures="0" timestamp="12 Mar 2019 15:45:13 GMT" time="47.935" errors="0">
  <testcase name="TDB2607_VerifyQuarterlyOtherTdecuTransfer" time="47.935" classname="com.TestCases.TDB2607_VerifyQuarterlyOtherTdecuTransfer"/>
</testsuite> <!-- com.TestCases.TDB2607_VerifyQuarterlyOtherTdecuTransfer -->
