<?xml version="1.0" encoding="UTF-8"?>
<!-- Generated by org.testng.reporters.JUnitReportReporter -->
<testsuite skipped="0" hostname="LAPTOP-1F0JMU93" name="com.TestCases.TDB1332_VerifyAdvanceTransactionSearchClear" tests="1" failures="0" timestamp="08 Apr 2019 21:06:20 GMT" time="52.958" errors="0">
  <testcase name="TDB1332_VerifyAdvanceTransactionSearchClear" time="52.958" classname="com.TestCases.TDB1332_VerifyAdvanceTransactionSearchClear"/>
</testsuite> <!-- com.TestCases.TDB1332_VerifyAdvanceTransactionSearchClear -->
