<?xml version="1.0" encoding="UTF-8"?>
<!-- Generated by org.testng.reporters.JUnitReportReporter -->
<testsuite skipped="0" hostname="LAPTOP-1F0JMU93" name="com.TestCases.TDB2426_AddFundingAccountDebitCard" tests="1" failures="0" timestamp="26 Mar 2019 16:32:52 GMT" time="14.473" errors="0">
  <testcase name="TDB2426_AddFundingAccountDebitCard" time="14.473" classname="com.TestCases.TDB2426_AddFundingAccountDebitCard"/>
</testsuite> <!-- com.TestCases.TDB2426_AddFundingAccountDebitCard -->
