<?xml version="1.0" encoding="UTF-8"?>
<!-- Generated by org.testng.reporters.JUnitReportReporter -->
<testsuite skipped="0" hostname="LAPTOP-1F0JMU93" name="com.TestCases.TDB2053_VerifyFromAccountKeywordSearch" tests="1" failures="0" timestamp="04 Apr 2019 18:50:23 GMT" time="21.628" errors="0">
  <testcase name="TDB2053_VerifyFromAccountKeywordSearch" time="21.628" classname="com.TestCases.TDB2053_VerifyFromAccountKeywordSearch"/>
</testsuite> <!-- com.TestCases.TDB2053_VerifyFromAccountKeywordSearch -->
