<?xml version="1.0" encoding="UTF-8"?>
<!-- Generated by org.testng.reporters.JUnitReportReporter -->
<testsuite skipped="0" hostname="LAPTOP-1F0JMU93" name="com.TestCases.DeleteFundingAccountDebitCard" tests="1" failures="0" timestamp="27 Mar 2019 15:32:26 GMT" time="14.467" errors="0">
  <testcase name="DeleteFundingAccountDebitCard" time="14.467" classname="com.TestCases.DeleteFundingAccountDebitCard"/>
</testsuite> <!-- com.TestCases.DeleteFundingAccountDebitCard -->
