<?xml version="1.0" encoding="UTF-8"?>
<!-- Generated by org.testng.reporters.JUnitReportReporter -->
<testsuite skipped="0" hostname="LAPTOP-1F0JMU93" name="com.TestCases.TDB1734_VerifyCancellingMyTdecuTransfer" tests="1" failures="0" timestamp="17 Apr 2019 12:59:34 GMT" time="25.326" errors="0">
  <testcase name="TDB1734_VerifyCancellingMyTdecuTransfer" time="25.326" classname="com.TestCases.TDB1734_VerifyCancellingMyTdecuTransfer"/>
</testsuite> <!-- com.TestCases.TDB1734_VerifyCancellingMyTdecuTransfer -->
