<?xml version="1.0" encoding="UTF-8"?>
<!-- Generated by org.testng.reporters.JUnitReportReporter -->
<testsuite skipped="0" hostname="LAPTOP-1F0JMU93" name="com.TestCases.TDB2083_VerifyFrequencyInTransactionDetail" tests="1" failures="0" timestamp="11 Apr 2019 18:29:02 GMT" time="49.157" errors="0">
  <testcase name="TDB2083_VerifyFrequencyInTransactionDetail" time="49.157" classname="com.TestCases.TDB2083_VerifyFrequencyInTransactionDetail"/>
</testsuite> <!-- com.TestCases.TDB2083_VerifyFrequencyInTransactionDetail -->
