<?xml version="1.0" encoding="UTF-8"?>
<!-- Generated by org.testng.reporters.JUnitReportReporter -->
<testsuite skipped="0" hostname="LAPTOP-1F0JMU93" name="com.TestCases.VerifyNoAccountsMessage" tests="1" failures="0" timestamp="01 Mar 2019 18:24:07 GMT" time="7.636" errors="0">
  <testcase name="VerifyNoAccountsMessage" time="7.636" classname="com.TestCases.VerifyNoAccountsMessage"/>
</testsuite> <!-- com.TestCases.VerifyNoAccountsMessage -->
