<?xml version="1.0" encoding="UTF-8"?>
<!-- Generated by org.testng.reporters.JUnitReportReporter -->
<testsuite skipped="0" hostname="LAPTOP-1F0JMU93" name="com.TestCases.TDB1057_VerifyActiveAccountStatus" tests="1" failures="0" timestamp="29 Mar 2019 01:37:35 GMT" time="33.949" errors="0">
  <testcase name="TDB1057_VerifyActiveAccountStatus" time="33.949" classname="com.TestCases.TDB1057_VerifyActiveAccountStatus"/>
</testsuite> <!-- com.TestCases.TDB1057_VerifyActiveAccountStatus -->
