<?xml version="1.0" encoding="UTF-8"?>
<!-- Generated by org.testng.reporters.JUnitReportReporter -->
<testsuite skipped="0" hostname="LAPTOP-1F0JMU93" name="com.TestCases.TDB1138_VerifyLogout" tests="1" failures="0" timestamp="08 Apr 2019 20:56:39 GMT" time="7.571" errors="0">
  <testcase name="VerifyLogout" time="7.571" classname="com.TestCases.TDB1138_VerifyLogout"/>
</testsuite> <!-- com.TestCases.TDB1138_VerifyLogout -->
