<?xml version="1.0" encoding="UTF-8"?>
<!-- Generated by org.testng.reporters.JUnitReportReporter -->
<testsuite skipped="0" hostname="LAPTOP-1F0JMU93" name="com.TestCases.TDB2096_VerifySourceAccountInPostedTransaction" tests="1" failures="0" timestamp="18 Apr 2019 13:42:50 GMT" time="45.268" errors="0">
  <testcase name="TDB2096_VerifySourceAccountInPostedTransaction" time="45.268" classname="com.TestCases.TDB2096_VerifySourceAccountInPostedTransaction"/>
</testsuite> <!-- com.TestCases.TDB2096_VerifySourceAccountInPostedTransaction -->
