<?xml version="1.0" encoding="UTF-8"?>
<!-- Generated by org.testng.reporters.JUnitReportReporter -->
<testsuite skipped="0" hostname="LAPTOP-1F0JMU93" name="com.TestCases.TDB2098_VerifyDestinationAccountInPostedTransaction" tests="1" failures="0" timestamp="18 Apr 2019 13:44:08 GMT" time="46.014" errors="0">
  <testcase name="TDB2098_VerifyDestinationAccountInPostedTransaction" time="46.014" classname="com.TestCases.TDB2098_VerifyDestinationAccountInPostedTransaction"/>
</testsuite> <!-- com.TestCases.TDB2098_VerifyDestinationAccountInPostedTransaction -->
