<?xml version="1.0" encoding="UTF-8"?>
<!-- Generated by org.testng.reporters.JUnitReportReporter -->
<testsuite skipped="0" hostname="LAPTOP-1F0JMU93" name="com.TestCases.TDB1252_VerifyAccountNicknameLastFiveDigit" tests="1" failures="0" timestamp="03 Apr 2019 18:16:01 GMT" time="4.290" errors="0">
  <testcase name="TDB1252_VerifyAccountNicknameLastFiveDigit" time="4.290" classname="com.TestCases.TDB1252_VerifyAccountNicknameLastFiveDigit"/>
</testsuite> <!-- com.TestCases.TDB1252_VerifyAccountNicknameLastFiveDigit -->
