<?xml version="1.0" encoding="UTF-8"?>
<!-- Generated by org.testng.reporters.JUnitReportReporter -->
<testsuite skipped="0" hostname="LAPTOP-1F0JMU93" name="com.TestCases.TDB1330_VerifyAdvanceTransactionSearchRetain" tests="1" failures="0" timestamp="11 Apr 2019 18:18:44 GMT" time="49.503" errors="0">
  <testcase name="TDB1330_VerifyAdvanceTransactionSearchRetain" time="49.503" classname="com.TestCases.TDB1330_VerifyAdvanceTransactionSearchRetain"/>
</testsuite> <!-- com.TestCases.TDB1330_VerifyAdvanceTransactionSearchRetain -->
