<?xml version="1.0" encoding="UTF-8"?>
<!-- Generated by org.testng.reporters.JUnitReportReporter -->
<testsuite skipped="0" hostname="LAPTOP-1F0JMU93" name="com.TestCases.TDB1278_VerifyAccountStatusAvailable" tests="1" failures="0" timestamp="28 Mar 2019 04:00:00 GMT" time="31.578" errors="0">
  <testcase name="TDB1278_VerifyAccountStatusAvailable" time="31.578" classname="com.TestCases.TDB1278_VerifyAccountStatusAvailable"/>
</testsuite> <!-- com.TestCases.TDB1278_VerifyAccountStatusAvailable -->
