<?xml version="1.0" encoding="UTF-8"?>
<!-- Generated by org.testng.reporters.JUnitReportReporter -->
<testsuite skipped="0" hostname="LAPTOP-1F0JMU93" name="com.TestCases.TDB2087_VerifyNotesInTransactionDetail" tests="1" failures="0" timestamp="12 Apr 2019 14:10:57 GMT" time="56.492" errors="0">
  <testcase name="TDB2087_VerifyNotesInTransactionDetail" time="56.492" classname="com.TestCases.TDB2087_VerifyNotesInTransactionDetail"/>
</testsuite> <!-- com.TestCases.TDB2087_VerifyNotesInTransactionDetail -->
