<?xml version="1.0" encoding="UTF-8"?>
<!-- Generated by org.testng.reporters.JUnitReportReporter -->
<testsuite skipped="0" hostname="LAPTOP-1F0JMU93" name="com.TestCases.TDB3243_VerifyRecurringPaymentTab" tests="1" failures="0" timestamp="04 Apr 2019 18:44:04 GMT" time="10.947" errors="0">
  <testcase name="TDB3243_VerifyRecurringPaymentTab" time="10.947" classname="com.TestCases.TDB3243_VerifyRecurringPaymentTab"/>
</testsuite> <!-- com.TestCases.TDB3243_VerifyRecurringPaymentTab -->
