<?xml version="1.0" encoding="UTF-8"?>
<!-- Generated by org.testng.reporters.JUnitReportReporter -->
<testsuite skipped="0" hostname="LAPTOP-1F0JMU93" name="com.TestCases.TDB2603_VerifyOnetimeOtherTdecuAccountTransfer" tests="1" failures="0" timestamp="27 Mar 2019 17:29:06 GMT" time="68.430" errors="0">
  <testcase name="TDB2603_VerifyOnetimeOtherTdecuAccountTransfer" time="68.430" classname="com.TestCases.TDB2603_VerifyOnetimeOtherTdecuAccountTransfer"/>
</testsuite> <!-- com.TestCases.TDB2603_VerifyOnetimeOtherTdecuAccountTransfer -->
