<?xml version="1.0" encoding="UTF-8"?>
<!-- Generated by org.testng.reporters.JUnitReportReporter -->
<testsuite skipped="0" hostname="LAPTOP-1F0JMU93" name="com.TestCases.TDB1257_VerifyRoutingNumberForAccount" tests="1" failures="0" timestamp="16 Apr 2019 13:51:27 GMT" time="4.108" errors="0">
  <testcase name="TDB1257_VerifyRoutingNumberForAccount" time="4.108" classname="com.TestCases.TDB1257_VerifyRoutingNumberForAccount"/>
</testsuite> <!-- com.TestCases.TDB1257_VerifyRoutingNumberForAccount -->
