<?xml version="1.0" encoding="UTF-8"?>
<!-- Generated by org.testng.reporters.JUnitReportReporter -->
<testsuite skipped="0" hostname="LAPTOP-1F0JMU93" name="com.TestCases.TDB1253_VerifyCreditCardNicknameLastFourDigit" tests="1" failures="0" timestamp="03 Apr 2019 14:03:10 GMT" time="4.216" errors="0">
  <testcase name="TDB1253_VerifyCreditCardNicknameLastFourDigit" time="4.216" classname="com.TestCases.TDB1253_VerifyCreditCardNicknameLastFourDigit"/>
</testsuite> <!-- com.TestCases.TDB1253_VerifyCreditCardNicknameLastFourDigit -->
