<?xml version="1.0" encoding="UTF-8"?>
<!-- Generated by org.testng.reporters.JUnitReportReporter -->
<testsuite skipped="0" hostname="LAPTOP-1F0JMU93" name="com.TestCases.TDB2054_VerifyToAccountKeywordSearch" tests="1" failures="0" timestamp="04 Apr 2019 18:49:04 GMT" time="26.814" errors="0">
  <testcase name="TDB2054_VerifyToAccountKeywordSearch" time="26.814" classname="com.TestCases.TDB2054_VerifyToAccountKeywordSearch"/>
</testsuite> <!-- com.TestCases.TDB2054_VerifyToAccountKeywordSearch -->
