<?xml version="1.0" encoding="UTF-8"?>
<!-- Generated by org.testng.reporters.JUnitReportReporter -->
<testsuite skipped="0" hostname="LAPTOP-1F0JMU93" name="com.TestCases.TDB2606_VerifyMonthlyOtherTdecuAccountTransfer" tests="1" failures="0" timestamp="12 Mar 2019 15:43:30 GMT" time="43.720" errors="0">
  <testcase name="TDB2606_VerifyMonthlyOtherTdecuAccountTransfer" time="43.720" classname="com.TestCases.TDB2606_VerifyMonthlyOtherTdecuAccountTransfer"/>
</testsuite> <!-- com.TestCases.TDB2606_VerifyMonthlyOtherTdecuAccountTransfer -->
