<?xml version="1.0" encoding="UTF-8"?>
<!-- Generated by org.testng.reporters.JUnitReportReporter -->
<testsuite skipped="0" hostname="LAPTOP-1F0JMU93" name="com.TestCases.TDB727_VerifyLocationSearch" tests="1" failures="0" timestamp="04 Apr 2019 18:39:25 GMT" time="29.859" errors="0">
  <testcase name="TDB727_VerifyLocationSearch" time="29.859" classname="com.TestCases.TDB727_VerifyLocationSearch"/>
</testsuite> <!-- com.TestCases.TDB727_VerifyLocationSearch -->
