<?xml version="1.0" encoding="UTF-8"?>
<!-- Generated by org.testng.reporters.JUnitReportReporter -->
<testsuite skipped="0" hostname="LAPTOP-1F0JMU93" name="com.TestCases.TDB2025_VerifyEverySixMonthMyTdecuTransfer" tests="1" failures="0" timestamp="11 Mar 2019 15:56:24 GMT" time="50.753" errors="0">
  <testcase name="TDB2025_VerifyEverySixMonthMyTdecuTransfer" time="50.753" classname="com.TestCases.TDB2025_VerifyEverySixMonthMyTdecuTransfer"/>
</testsuite> <!-- com.TestCases.TDB2025_VerifyEverySixMonthMyTdecuTransfer -->
