<?xml version="1.0" encoding="UTF-8"?>
<!-- Generated by org.testng.reporters.JUnitReportReporter -->
<testsuite skipped="0" hostname="LAPTOP-1F0JMU93" name="com.TestCases.TDB1230_VerifyAccountsDashboardOption" tests="1" failures="0" timestamp="21 Apr 2019 03:24:13 GMT" time="9.801" errors="0">
  <testcase name="TDB1230_VerifyAccountsDashboardOption" time="9.801" classname="com.TestCases.TDB1230_VerifyAccountsDashboardOption"/>
</testsuite> <!-- com.TestCases.TDB1230_VerifyAccountsDashboardOption -->
