<?xml version="1.0" encoding="UTF-8"?>
<!-- Generated by org.testng.reporters.JUnitReportReporter -->
<testsuite skipped="0" hostname="LAPTOP-1F0JMU93" name="com.TestCases.TDB1729_VerifySelectedInformationTransfer" tests="1" failures="0" timestamp="21 Mar 2019 13:14:39 GMT" time="23.131" errors="0">
  <testcase name="TDB1729_VerifySelectedInformationTransfer" time="23.131" classname="com.TestCases.TDB1729_VerifySelectedInformationTransfer"/>
</testsuite> <!-- com.TestCases.TDB1729_VerifySelectedInformationTransfer -->
