<?xml version="1.0" encoding="UTF-8"?>
<!-- Generated by org.testng.reporters.JUnitReportReporter -->
<testsuite skipped="0" hostname="LAPTOP-1F0JMU93" name="com.TestCases.TDB1307_VerifyTransactionTypeInTransactionDetail" tests="1" failures="0" timestamp="12 Apr 2019 13:58:50 GMT" time="58.453" errors="0">
  <testcase name="TDB1307_VerifyTransactionTypeInTransactionDetail" time="58.453" classname="com.TestCases.TDB1307_VerifyTransactionTypeInTransactionDetail"/>
</testsuite> <!-- com.TestCases.TDB1307_VerifyTransactionTypeInTransactionDetail -->
