<?xml version="1.0" encoding="UTF-8"?>
<!-- Generated by org.testng.reporters.JUnitReportReporter -->
<testsuite skipped="0" hostname="LAPTOP-1F0JMU93" name="com.TestCases.TDB1229_VerifyAccountDashboardOnLogin" tests="1" failures="0" timestamp="10 Apr 2019 16:38:04 GMT" time="0.038" errors="0">
  <testcase name="TDB1229_VerifyAccountDashboardOnLogin" time="0.038" classname="com.TestCases.TDB1229_VerifyAccountDashboardOnLogin"/>
</testsuite> <!-- com.TestCases.TDB1229_VerifyAccountDashboardOnLogin -->
