<?xml version="1.0" encoding="UTF-8"?>
<!-- Generated by org.testng.reporters.JUnitReportReporter -->
<testsuite skipped="0" hostname="LAPTOP-1F0JMU93" name="com.TestCases.TDB2012_VerifyWeeklyMyTdecuAccountTransfer" tests="1" failures="0" timestamp="01 Mar 2019 18:09:39 GMT" time="74.232" errors="0">
  <testcase name="TDB2012_VerifyWeeklyMyTdecuAccountTransfer" time="74.232" classname="com.TestCases.TDB2012_VerifyWeeklyMyTdecuAccountTransfer"/>
</testsuite> <!-- com.TestCases.TDB2012_VerifyWeeklyMyTdecuAccountTransfer -->
