<?xml version="1.0" encoding="UTF-8"?>
<!-- Generated by org.testng.reporters.JUnitReportReporter -->
<testsuite skipped="0" hostname="LAPTOP-1F0JMU93" name="com.TestCases.TDB2602_VerifyDailyOtherTdecuAccountTransfer" tests="1" failures="0" timestamp="11 Apr 2019 18:03:49 GMT" time="47.962" errors="0">
  <testcase name="TDB2602_VerifyDailyOtherTdecuAccountTransfer" time="47.962" classname="com.TestCases.TDB2602_VerifyDailyOtherTdecuAccountTransfer"/>
</testsuite> <!-- com.TestCases.TDB2602_VerifyDailyOtherTdecuAccountTransfer -->
