<?xml version="1.0" encoding="UTF-8"?>
<!-- Generated by org.testng.reporters.JUnitReportReporter -->
<testsuite skipped="0" hostname="LAPTOP-1F0JMU93" name="com.TestCases.TDB1233_VerifyAccountsInAccountDashboard" tests="1" failures="0" timestamp="21 Apr 2019 03:49:07 GMT" time="1.344" errors="0">
  <testcase name="TDB1233_VerifyAccountsInAccountDashboard" time="1.344" classname="com.TestCases.TDB1233_VerifyAccountsInAccountDashboard"/>
</testsuite> <!-- com.TestCases.TDB1233_VerifyAccountsInAccountDashboard -->
