<?xml version="1.0" encoding="UTF-8"?>
<!-- Generated by org.testng.reporters.JUnitReportReporter -->
<testsuite skipped="0" hostname="LAPTOP-1F0JMU93" name="com.TestCases.TDB2062_VerifyTDECUTransferClearNotesFieldDescription" tests="1" failures="0" timestamp="02 Apr 2019 13:31:24 GMT" time="24.807" errors="0">
  <testcase name="TDB2062_VerifyTDECUTransferClearNotesFieldDescription" time="24.807" classname="com.TestCases.TDB2062_VerifyTDECUTransferClearNotesFieldDescription"/>
</testsuite> <!-- com.TestCases.TDB2062_VerifyTDECUTransferClearNotesFieldDescription -->
