<?xml version="1.0" encoding="UTF-8"?>
<!-- Generated by org.testng.reporters.JUnitReportReporter -->
<testsuite skipped="0" hostname="LAPTOP-1F0JMU93" name="com.testcases.C24119_RegisterThroughMembersOption" tests="1" failures="0" timestamp="21 Nov 2019 18:19:39 GMT" time="67.376" errors="0">
  <testcase name="C24119_RegisterThroughMembersOption" time="67.376" classname="com.testcases.C24119_RegisterThroughMembersOption"/>
</testsuite> <!-- com.testcases.C24119_RegisterThroughMembersOption -->
