<?xml version="1.0" encoding="UTF-8"?>
<!-- Generated by org.testng.reporters.JUnitReportReporter -->
<testsuite skipped="0" hostname="LAPTOP-1F0JMU93" name="com.testcases.C24119_RegisterThroughMembersOption" tests="1" failures="0" timestamp="15 Nov 2019 18:47:50 GMT" time="97.445" errors="0">
  <testcase name="C24119_RegisterThroughMembersOption" time="97.445" classname="com.testcases.C24119_RegisterThroughMembersOption"/>
</testsuite> <!-- com.testcases.C24119_RegisterThroughMembersOption -->
