<?xml version="1.0" encoding="UTF-8"?>
<!-- Generated by org.testng.reporters.JUnitReportReporter -->
<testsuite skipped="0" hostname="LAPTOP-1F0JMU93" name="com.testcases.C24119_RegisterThroughMembersOption" tests="1" failures="0" timestamp="31 Jul 2019 14:49:28 GMT" time="66.369" errors="0">
  <testcase name="C24119_RegisterThroughMembersOption" time="66.369" classname="com.testcases.C24119_RegisterThroughMembersOption"/>
</testsuite> <!-- com.testcases.C24119_RegisterThroughMembersOption -->
