<?xml version="1.0" encoding="UTF-8"?>
<!-- Generated by org.testng.reporters.JUnitReportReporter -->
<testsuite skipped="0" hostname="LAPTOP-1F0JMU93" name="JointOwser_Beneficiaries.C24325_NonMemberUserCanSeeTheAssignedRoleToTheJointOwner" tests="1" failures="0" timestamp="24 Dec 2019 20:08:09 GMT" time="178.159" errors="0">
  <testcase name="C24325_NonMemberUserCanSeeTheAssignedRoleToTheJointOwner" time="178.159" classname="JointOwser_Beneficiaries.C24325_NonMemberUserCanSeeTheAssignedRoleToTheJointOwner"/>
</testsuite> <!-- JointOwser_Beneficiaries.C24325_NonMemberUserCanSeeTheAssignedRoleToTheJointOwner -->
