<?xml version="1.0" encoding="UTF-8"?>
<!-- Generated by org.testng.reporters.JUnitReportReporter -->
<testsuite skipped="0" hostname="LAPTOP-1F0JMU93" name="com.testcases.C24249_VerifyUserNeedsToCheckAccountOptionToProccedNextPage" tests="1" failures="0" timestamp="10 Jan 2020 15:22:20 GMT" time="20.308" errors="0">
  <testcase name="C24249_VerifyUserNeedsToCheckAccountOptionToProccedNextPage" time="20.308" classname="com.testcases.C24249_VerifyUserNeedsToCheckAccountOptionToProccedNextPage"/>
</testsuite> <!-- com.testcases.C24249_VerifyUserNeedsToCheckAccountOptionToProccedNextPage -->
