<?xml version="1.0" encoding="UTF-8"?>
<!-- Generated by org.testng.reporters.JUnitReportReporter -->
<testsuite skipped="0" hostname="LAPTOP-1F0JMU93" name="CreditCard.C23889_NonMemberUserNeedToKnowMaxAndMinCreditLimit" tests="1" failures="0" timestamp="10 Jan 2020 18:55:09 GMT" time="25.826" errors="0">
  <testcase name="C23889_NonMemberUserNeedToKnowMaxAndMinCreditLimit" time="25.826" classname="CreditCard.C23889_NonMemberUserNeedToKnowMaxAndMinCreditLimit"/>
</testsuite> <!-- CreditCard.C23889_NonMemberUserNeedToKnowMaxAndMinCreditLimit -->
