<?xml version="1.0" encoding="UTF-8"?>
<!-- Generated by org.testng.reporters.JUnitReportReporter -->
<testsuite skipped="0" hostname="LAPTOP-1F0JMU93" name="com.testcases.C23836_VerifyCheckingOptionsListedTopOfAccountSelection" tests="1" failures="0" timestamp="09 Sep 2019 20:41:46 GMT" time="48.028" errors="0">
  <testcase name="C23836_VerifyCheckingOptionsListedTopOfAccountSelection" time="48.028" classname="com.testcases.C23836_VerifyCheckingOptionsListedTopOfAccountSelection"/>
</testsuite> <!-- com.testcases.C23836_VerifyCheckingOptionsListedTopOfAccountSelection -->
