<?xml version="1.0" encoding="UTF-8"?>
<!-- Generated by org.testng.reporters.JUnitReportReporter -->
<testsuite skipped="0" hostname="LAPTOP-1F0JMU93" name="com.testcases.C23835_VerifyInformationAboutAccountandProductSelection" tests="1" failures="0" timestamp="10 Jan 2020 15:23:11 GMT" time="7.124" errors="0">
  <testcase name="C23835_VerifyInformationAboutAccountandProductSelection" time="7.124" classname="com.testcases.C23835_VerifyInformationAboutAccountandProductSelection"/>
</testsuite> <!-- com.testcases.C23835_VerifyInformationAboutAccountandProductSelection -->
