<?xml version="1.0" encoding="UTF-8"?>
<!-- Generated by org.testng.reporters.JUnitReportReporter -->
<testsuite skipped="0" hostname="LAPTOP-1F0JMU93" name="SaveProgress.C23863_VerifySaveProgressOption" tests="1" failures="0" timestamp="30 Dec 2019 18:48:20 GMT" time="82.833" errors="0">
  <testcase name="C23832_VerifyMembershipEligibilityLiveWorkOptionSelection" time="82.833" classname="SaveProgress.C23863_VerifySaveProgressOption"/>
</testsuite> <!-- SaveProgress.C23863_VerifySaveProgressOption -->
