<?xml version="1.0" encoding="UTF-8"?>
<!-- Generated by org.testng.reporters.JUnitReportReporter -->
<testsuite skipped="0" hostname="LAPTOP-1F0JMU93" name="JointOwser_Beneficiaries.C23966_NonMemberUserCanDeleteExistingBeneficiarydetails" tests="1" failures="0" timestamp="24 Dec 2019 19:10:38 GMT" time="45.477" errors="0">
  <testcase name="C23966_NonMemberUserCanDeleteExistingBeneficiarydetails" time="45.477" classname="JointOwser_Beneficiaries.C23966_NonMemberUserCanDeleteExistingBeneficiarydetails"/>
</testsuite> <!-- JointOwser_Beneficiaries.C23966_NonMemberUserCanDeleteExistingBeneficiarydetails -->
