<?xml version="1.0" encoding="UTF-8"?>
<!-- Generated by org.testng.reporters.JUnitReportReporter -->
<testsuite skipped="0" hostname="LAPTOP-1F0JMU93" name="JointOwser_Beneficiaries.C23946_NonMemberUserCanAddOneJointOwnerAlongWithOneBeneficiary" tests="1" failures="0" timestamp="23 Dec 2019 18:47:31 GMT" time="82.877" errors="0">
  <testcase name="C23946_NonMemberUserCanAddOneJointOwnerAlongWithOneBeneficiary" time="82.877" classname="JointOwser_Beneficiaries.C23946_NonMemberUserCanAddOneJointOwnerAlongWithOneBeneficiary"/>
</testsuite> <!-- JointOwser_Beneficiaries.C23946_NonMemberUserCanAddOneJointOwnerAlongWithOneBeneficiary -->
