<?xml version="1.0" encoding="UTF-8"?>
<!-- Generated by org.testng.reporters.JUnitReportReporter -->
<testsuite skipped="0" hostname="LAPTOP-1F0JMU93" name="JointOwser_Beneficiaries.C23964_NonMemberUserCanModifyExistingBeneficiariesInfo" tests="1" failures="0" timestamp="24 Dec 2019 18:30:50 GMT" time="58.535" errors="0">
  <testcase name="C23964_NonMemberUserCanModifyExistingBeneficiariesInfo" time="58.535" classname="JointOwser_Beneficiaries.C23964_NonMemberUserCanModifyExistingBeneficiariesInfo"/>
</testsuite> <!-- JointOwser_Beneficiaries.C23964_NonMemberUserCanModifyExistingBeneficiariesInfo -->
