<?xml version="1.0" encoding="UTF-8"?>
<!-- Generated by org.testng.reporters.JUnitReportReporter -->
<testsuite skipped="0" hostname="LAPTOP-1F0JMU93" name="JointOwser_Beneficiaries.C23965_NonMemberUserCanDeleteExistingJointOwner" tests="1" failures="0" timestamp="24 Dec 2019 18:59:05 GMT" time="96.716" errors="0">
  <testcase name="C23965_NonMemberUserCanDeleteExistingJointOwner" time="96.716" classname="JointOwser_Beneficiaries.C23965_NonMemberUserCanDeleteExistingJointOwner"/>
</testsuite> <!-- JointOwser_Beneficiaries.C23965_NonMemberUserCanDeleteExistingJointOwner -->
