<?xml version="1.0" encoding="UTF-8"?>
<!-- Generated by org.testng.reporters.JUnitReportReporter -->
<testsuite skipped="0" hostname="LAPTOP-1F0JMU93" name="JointOwser_Beneficiaries.C23942_NonMemberUserCanAddOneJointOwnerToTheApplicationForm" tests="1" failures="0" timestamp="30 Dec 2019 18:18:20 GMT" time="76.197" errors="0">
  <testcase name="C23942_NonMemberUserCanAddOneJointOwnerToTheApplicationForm" time="76.197" classname="JointOwser_Beneficiaries.C23942_NonMemberUserCanAddOneJointOwnerToTheApplicationForm"/>
</testsuite> <!-- JointOwser_Beneficiaries.C23942_NonMemberUserCanAddOneJointOwnerToTheApplicationForm -->
