<?xml version="1.0" encoding="UTF-8"?>
<!-- Generated by org.testng.reporters.JUnitReportReporter -->
<testsuite skipped="0" hostname="LAPTOP-1F0JMU93" name="AgreementsDisclosures.C24290_VerifyCourtesyPayAgreements" tests="1" failures="0" timestamp="10 Jan 2020 18:55:09 GMT" time="25.339" errors="0">
  <testcase name="C24290_VerifyCourtesyPayAgreements" time="25.339" classname="AgreementsDisclosures.C24290_VerifyCourtesyPayAgreements"/>
</testsuite> <!-- AgreementsDisclosures.C24290_VerifyCourtesyPayAgreements -->
