<?xml version="1.0" encoding="UTF-8"?>
<!-- Generated by org.testng.reporters.JUnitReportReporter -->
<testsuite skipped="0" hostname="LAPTOP-1F0JMU93" name="JointOwser_Beneficiaries.C23945_NonMemberUserCanAddMultipleBeneficiariesToTheApplicationForm" tests="1" failures="0" timestamp="23 Dec 2019 18:21:15 GMT" time="83.042" errors="0">
  <testcase name="C23945_NonMemberUserCanAddMultipleBeneficiariesToTheApplicationForm" time="83.042" classname="JointOwser_Beneficiaries.C23945_NonMemberUserCanAddMultipleBeneficiariesToTheApplicationForm"/>
</testsuite> <!-- JointOwser_Beneficiaries.C23945_NonMemberUserCanAddMultipleBeneficiariesToTheApplicationForm -->
