<?xml version="1.0" encoding="UTF-8"?>
<!-- Generated by org.testng.reporters.JUnitReportReporter -->
<testsuite skipped="0" hostname="LAPTOP-1F0JMU93" name="JointOwser_Beneficiaries.C23947_VerifyTheRequiredFieldsArePopulatedForJointOwnerApplicantForm" tests="1" failures="0" timestamp="23 Dec 2019 19:47:11 GMT" time="37.567" errors="0">
  <testcase name="C23947_VerifyTheRequiredFieldsArePopulatedForJointOwnerApplicantForm" time="37.567" classname="JointOwser_Beneficiaries.C23947_VerifyTheRequiredFieldsArePopulatedForJointOwnerApplicantForm"/>
</testsuite> <!-- JointOwser_Beneficiaries.C23947_VerifyTheRequiredFieldsArePopulatedForJointOwnerApplicantForm -->
