<?xml version="1.0" encoding="UTF-8"?>
<!-- Generated by org.testng.reporters.JUnitReportReporter -->
<testsuite skipped="0" hostname="LAPTOP-1F0JMU93" name="JointOwser_Beneficiaries.C24332_NonMemberBeneficiaryPersonalLoanRole" tests="1" failures="0" timestamp="23 Dec 2019 18:22:16 GMT" time="33.107" errors="0">
  <testcase name="C24332_NonMemberBeneficiaryPersonalLoanRole" time="33.107" classname="JointOwser_Beneficiaries.C24332_NonMemberBeneficiaryPersonalLoanRole"/>
</testsuite> <!-- JointOwser_Beneficiaries.C24332_NonMemberBeneficiaryPersonalLoanRole -->
