<?xml version="1.0" encoding="UTF-8"?>
<!-- Generated by org.testng.reporters.JUnitReportReporter -->
<testsuite skipped="0" hostname="LAPTOP-1F0JMU93" name="JointOwser_Beneficiaries.C24327_NonMemberUserCanNotSeeRoleAssignIfNoProductIsSelected" tests="1" failures="0" timestamp="26 Dec 2019 18:02:25 GMT" time="64.412" errors="0">
  <testcase name="C24327_NonMemberUserCanNotSeeRoleAssignIfNoProductIsSelected" time="64.412" classname="JointOwser_Beneficiaries.C24327_NonMemberUserCanNotSeeRoleAssignIfNoProductIsSelected"/>
</testsuite> <!-- JointOwser_Beneficiaries.C24327_NonMemberUserCanNotSeeRoleAssignIfNoProductIsSelected -->
