<?xml version="1.0" encoding="UTF-8"?>
<!-- Generated by org.testng.reporters.JUnitReportReporter -->
<testsuite skipped="0" hostname="LAPTOP-1F0JMU93" name="JointOwser_Beneficiaries.C23963_NonMemberUserCanModifyTheJointOwnerInfo" tests="1" failures="0" timestamp="24 Dec 2019 18:22:44 GMT" time="54.688" errors="0">
  <testcase name="C23963_NonMemberUserCanModifyTheJointOwnerInfo" time="54.688" classname="JointOwser_Beneficiaries.C23963_NonMemberUserCanModifyTheJointOwnerInfo"/>
</testsuite> <!-- JointOwser_Beneficiaries.C23963_NonMemberUserCanModifyTheJointOwnerInfo -->
