<?xml version="1.0" encoding="UTF-8"?>
<!-- Generated by org.testng.reporters.JUnitReportReporter -->
<testsuite skipped="0" hostname="LAPTOP-1F0JMU93" name="JointOwser_Beneficiaries.C23948_VerifyTheRequiredFieldsArePopulatedForBeneficiaryApplicantForm" tests="1" failures="0" timestamp="23 Dec 2019 19:56:33 GMT" time="38.445" errors="0">
  <testcase name="C23948_VerifyTheRequiredFieldsArePopulatedForBeneficiaryApplicantForm" time="38.445" classname="JointOwser_Beneficiaries.C23948_VerifyTheRequiredFieldsArePopulatedForBeneficiaryApplicantForm"/>
</testsuite> <!-- JointOwser_Beneficiaries.C23948_VerifyTheRequiredFieldsArePopulatedForBeneficiaryApplicantForm -->
