<?xml version="1.0" encoding="UTF-8"?>
<!-- Generated by org.testng.reporters.JUnitReportReporter -->
<testsuite skipped="0" hostname="LAPTOP-1F0JMU93" name="JointOwser_Beneficiaries.C24329_NonMemberUserCanSeeRoleAssignIfHighYieldCheckingIsSelected" tests="1" failures="0" timestamp="26 Dec 2019 18:21:12 GMT" time="38.883" errors="0">
  <testcase name="C24329_NonMemberUserCanSeeRoleAssignIfHighYieldCheckingIsSelected" time="38.883" classname="JointOwser_Beneficiaries.C24329_NonMemberUserCanSeeRoleAssignIfHighYieldCheckingIsSelected"/>
</testsuite> <!-- JointOwser_Beneficiaries.C24329_NonMemberUserCanSeeRoleAssignIfHighYieldCheckingIsSelected -->
