<?xml version="1.0" encoding="UTF-8"?>
<!-- Generated by org.testng.reporters.JUnitReportReporter -->
<testsuite skipped="0" hostname="LAPTOP-1F0JMU93" name="com.testcases.C24249_VerifyUserNeedsToCheckAccountOptionToProccedNextPage" tests="1" failures="0" timestamp="10 Sep 2019 03:38:09 GMT" time="21.294" errors="0">
  <testcase name="C24249_VerifyUserNeedsToCheckAccountOptionToProccedNextPage" time="21.294" classname="com.testcases.C24249_VerifyUserNeedsToCheckAccountOptionToProccedNextPage"/>
</testsuite> <!-- com.testcases.C24249_VerifyUserNeedsToCheckAccountOptionToProccedNextPage -->
