<?xml version="1.0" encoding="UTF-8"?>
<!-- Generated by org.testng.reporters.JUnitReportReporter -->
<testsuite skipped="0" hostname="LAPTOP-1F0JMU93" name="JointOwser_Beneficiaries.C24331_NonMemberUserCanSeeTheRoleAssignPageWhileSelectingVehicleLoan" tests="1" failures="0" timestamp="26 Dec 2019 19:02:53 GMT" time="40.130" errors="0">
  <testcase name="C24331_NonMemberUserCanSeeTheRoleAssignPageWhileSelectingVehicleLoan" time="40.130" classname="JointOwser_Beneficiaries.C24331_NonMemberUserCanSeeTheRoleAssignPageWhileSelectingVehicleLoan"/>
</testsuite> <!-- JointOwser_Beneficiaries.C24331_NonMemberUserCanSeeTheRoleAssignPageWhileSelectingVehicleLoan -->
