<?xml version="1.0" encoding="UTF-8"?>
<!-- Generated by org.testng.reporters.JUnitReportReporter -->
<testsuite skipped="0" hostname="LAPTOP-1F0JMU93" name="com.testcases.C23901_VerifyCustomizeOptionForUserCheckingAccount" tests="1" failures="0" timestamp="10 Sep 2019 03:39:23 GMT" time="46.906" errors="0">
  <testcase name="C23901_VerifyCustomizeOptionForUserCheckingAccount" time="46.906" classname="com.testcases.C23901_VerifyCustomizeOptionForUserCheckingAccount"/>
</testsuite> <!-- com.testcases.C23901_VerifyCustomizeOptionForUserCheckingAccount -->
