<?xml version="1.0" encoding="UTF-8"?>
<!-- Generated by org.testng.reporters.JUnitReportReporter -->
<testsuite skipped="0" hostname="LAPTOP-1F0JMU93" name="AgreementsDisclosures.C24297_VerifySelectOneTaxOption" tests="1" failures="0" timestamp="10 Jan 2020 18:55:09 GMT" time="26.084" errors="0">
  <testcase name="C24297_VerifySelectOneTaxOption" time="26.084" classname="AgreementsDisclosures.C24297_VerifySelectOneTaxOption"/>
</testsuite> <!-- AgreementsDisclosures.C24297_VerifySelectOneTaxOption -->
