<?xml version="1.0" encoding="UTF-8"?>
<!-- Generated by org.testng.reporters.JUnitReportReporter -->
<testsuite skipped="0" hostname="LAPTOP-1F0JMU93" name="JointOwser_Beneficiaries.C24326_NonMemberUserCanConfirmTheAssignedRoleToTheJointOwner" tests="1" failures="0" timestamp="24 Dec 2019 20:18:03 GMT" time="74.876" errors="0">
  <testcase name="C24326_NonMemberUserCanConfirmTheAssignedRoleToTheJointOwner" time="74.876" classname="JointOwser_Beneficiaries.C24326_NonMemberUserCanConfirmTheAssignedRoleToTheJointOwner"/>
</testsuite> <!-- JointOwser_Beneficiaries.C24326_NonMemberUserCanConfirmTheAssignedRoleToTheJointOwner -->
