<?xml version="1.0" encoding="UTF-8"?>
<!-- Generated by org.testng.reporters.JUnitReportReporter -->
<testsuite skipped="0" hostname="sravyakarthik" name="Services.C23629_VerifyStopPaymentViaServices" tests="1" failures="0" timestamp="01 Oct 2019 16:06:53 GMT" time="71.549" errors="0">
  <testcase name="C23629_VerifyStopPaymentViaServices" time="71.549" classname="Services.C23629_VerifyStopPaymentViaServices"/>
</testsuite> <!-- Services.C23629_VerifyStopPaymentViaServices -->
