<?xml version="1.0" encoding="UTF-8"?>
<!-- Generated by org.testng.reporters.JUnitReportReporter -->
<testsuite skipped="0" hostname="sravyakarthik" name="M2M_Transfers.C23712_VerifyMemberToMemberSingleTransfer" tests="1" failures="0" timestamp="19 Oct 2019 11:30:25 GMT" time="245.966" errors="0">
  <testcase name="C23712_VerifyMemberToMemberSingleTransfer" time="245.966" classname="M2M_Transfers.C23712_VerifyMemberToMemberSingleTransfer"/>
</testsuite> <!-- M2M_Transfers.C23712_VerifyMemberToMemberSingleTransfer -->
