<?xml version="1.0" encoding="UTF-8"?>
<!-- Generated by org.testng.reporters.JUnitReportReporter -->
<testsuite skipped="0" hostname="sravyakarthik" name="Make_Payments.C25306_VerifyLoanPaymentOption" tests="1" failures="0" timestamp="02 Nov 2019 16:18:26 GMT" time="95.885" errors="0">
  <testcase name="C25306_VerifyLoanPaymentOption" time="95.885" classname="Make_Payments.C25306_VerifyLoanPaymentOption"/>
</testsuite> <!-- Make_Payments.C25306_VerifyLoanPaymentOption -->
