<?xml version="1.0" encoding="UTF-8"?>
<!-- Generated by org.testng.reporters.JUnitReportReporter -->
<testsuite skipped="0" hostname="sravyakarthik" name="Home.C23559_VerifyHomePageTransferMoneyNowOption" tests="1" failures="0" timestamp="27 Oct 2019 04:18:31 GMT" time="58.510" errors="0">
  <testcase name="C23559_VerifyHomePageTransferMoneyNowOption" time="58.510" classname="Home.C23559_VerifyHomePageTransferMoneyNowOption"/>
</testsuite> <!-- Home.C23559_VerifyHomePageTransferMoneyNowOption -->
