<?xml version="1.0" encoding="UTF-8"?>
<!-- Generated by org.testng.reporters.JUnitReportReporter -->
<testsuite skipped="0" hostname="sravyakarthik" name="Transfers.C23690_VerifyTransferActivityFromTransferLandingPage" tests="1" failures="0" timestamp="20 Oct 2019 17:33:12 GMT" time="115.833" errors="0">
  <testcase name="C23690_VerifyTransferActivityFromTransferLandingPage" time="115.833" classname="Transfers.C23690_VerifyTransferActivityFromTransferLandingPage"/>
</testsuite> <!-- Transfers.C23690_VerifyTransferActivityFromTransferLandingPage -->
