<?xml version="1.0" encoding="UTF-8"?>
<!-- Generated by org.testng.reporters.JUnitReportReporter -->
<testsuite skipped="0" hostname="sravyakarthik" name="Settings.C23612_VerifySendingAccountAlertViaPhone" tests="1" failures="0" timestamp="06 Nov 2019 16:05:48 GMT" time="208.853" errors="0">
  <testcase name="C23612_VerifySendingAccountAlertViaPhone" time="208.853" classname="Settings.C23612_VerifySendingAccountAlertViaPhone"/>
</testsuite> <!-- Settings.C23612_VerifySendingAccountAlertViaPhone -->
