<?xml version="1.0" encoding="UTF-8"?>
<!-- Generated by org.testng.reporters.JUnitReportReporter -->
<testsuite skipped="0" hostname="sravyakarthik" name="M2M_Transfers.C23730_VerifyMemberToMemberInvalidLastNameLinkingValidation" tests="1" failures="0" timestamp="15 Oct 2019 12:57:22 GMT" time="100.691" errors="0">
  <testcase name="C23730_VerifyMemberToMemberInvalidLastNameLinkingValidation" time="100.691" classname="M2M_Transfers.C23730_VerifyMemberToMemberInvalidLastNameLinkingValidation"/>
</testsuite> <!-- M2M_Transfers.C23730_VerifyMemberToMemberInvalidLastNameLinkingValidation -->
