<?xml version="1.0" encoding="UTF-8"?>
<!-- Generated by org.testng.reporters.JUnitReportReporter -->
<testsuite skipped="0" hostname="sravyakarthik" name="com.TestCases.C23605_VerifyMyAlertsViaSettings" tests="1" failures="0" timestamp="08 Jul 2019 00:11:47 GMT" time="28.960" errors="0">
  <testcase name="C23605_VerifyMyAlertsViaSettings" time="28.960" classname="com.TestCases.C23605_VerifyMyAlertsViaSettings"/>
</testsuite> <!-- com.TestCases.C23605_VerifyMyAlertsViaSettings -->
