<?xml version="1.0" encoding="UTF-8"?>
<!-- Generated by org.testng.reporters.JUnitReportReporter -->
<testsuite skipped="0" hostname="sravyakarthik" name="M2M_Transfers.C23711_VerifyMemberToMemberTransferModule" tests="1" failures="0" timestamp="07 Oct 2019 14:46:15 GMT" time="69.703" errors="0">
  <testcase name="C23711_VerifyMemberToMemberTransferModule" time="69.703" classname="M2M_Transfers.C23711_VerifyMemberToMemberTransferModule"/>
</testsuite> <!-- M2M_Transfers.C23711_VerifyMemberToMemberTransferModule -->
