<?xml version="1.0" encoding="UTF-8"?>
<!-- Generated by org.testng.reporters.JUnitReportReporter -->
<testsuite skipped="0" hostname="sravyakarthik" name="Stop_payments.C23629_VerifyStopPaymentViaServices" tests="1" failures="0" timestamp="22 Oct 2019 10:21:23 GMT" time="86.607" errors="0">
  <testcase name="C23629_VerifyStopPaymentViaServices" time="86.607" classname="Stop_payments.C23629_VerifyStopPaymentViaServices"/>
</testsuite> <!-- Stop_payments.C23629_VerifyStopPaymentViaServices -->
