<?xml version="1.0" encoding="UTF-8"?>
<!-- Generated by org.testng.reporters.JUnitReportReporter -->
<testsuite skipped="0" hostname="sravyakarthik" name="com.TestCases.C23551_VerifyPassingSecureAccessCode" tests="1" failures="0" timestamp="01 Jul 2019 15:36:26 GMT" time="17.785" errors="0">
  <testcase name="C23551_VerifyPassingSecureAccessCode" time="17.785" classname="com.TestCases.C23551_VerifyPassingSecureAccessCode"/>
</testsuite> <!-- com.TestCases.C23551_VerifyPassingSecureAccessCode -->
