<?xml version="1.0" encoding="UTF-8"?>
<!-- Generated by org.testng.reporters.JUnitReportReporter -->
<testsuite skipped="0" hostname="sravyakarthik" name="Services.C23654_VerifyWireTransferRecipientCreation" tests="1" failures="0" timestamp="08 Oct 2019 16:00:59 GMT" time="340.479" errors="0">
  <testcase name="C23654_VerifyWireTransferRecipientCreation" time="340.479" classname="Services.C23654_VerifyWireTransferRecipientCreation"/>
</testsuite> <!-- Services.C23654_VerifyWireTransferRecipientCreation -->
