<?xml version="1.0" encoding="UTF-8"?>
<!-- Generated by org.testng.reporters.JUnitReportReporter -->
<testsuite skipped="0" hostname="sravyakarthik" name="Login.C23548_VerifyLoginWithInValidPassword" tests="1" failures="0" timestamp="21 Oct 2019 11:15:37 GMT" time="5.544" errors="0">
  <testcase name="C23548_VerifyLoginWithInValidPassword" time="5.544" classname="Login.C23548_VerifyLoginWithInValidPassword"/>
</testsuite> <!-- Login.C23548_VerifyLoginWithInValidPassword -->
