<?xml version="1.0" encoding="UTF-8"?>
<!-- Generated by org.testng.reporters.JUnitReportReporter -->
<testsuite skipped="0" hostname="sravyakarthik" name="com.TestCases.C23547_VerifyLoginWithInValidUsername" tests="1" failures="0" timestamp="03 Jul 2019 04:31:22 GMT" time="3.393" errors="0">
  <testcase name="C23547_VerifyLoginWithInValidUsername" time="3.393" classname="com.TestCases.C23547_VerifyLoginWithInValidUsername"/>
</testsuite> <!-- com.TestCases.C23547_VerifyLoginWithInValidUsername -->
