<?xml version="1.0" encoding="UTF-8"?>
<!-- Generated by org.testng.reporters.JUnitReportReporter -->
<testsuite skipped="0" hostname="sravyakarthik" name="Home.C23560_VerifyHomePageWelcomeMessage" tests="1" failures="0" timestamp="27 Oct 2019 03:54:59 GMT" time="58.933" errors="0">
  <testcase name="C23560_VerifyHomePageWelcomeMessage" time="58.933" classname="Home.C23560_VerifyHomePageWelcomeMessage"/>
</testsuite> <!-- Home.C23560_VerifyHomePageWelcomeMessage -->
