<?xml version="1.0" encoding="UTF-8"?>
<!-- Generated by org.testng.reporters.JUnitReportReporter -->
<testsuite skipped="0" hostname="sravyakarthik" name="M2M_Transfers.C23729_VerifyMemberToMemberInvalidAccountNumberLinkingValidation" tests="1" failures="0" timestamp="15 Oct 2019 12:51:20 GMT" time="141.075" errors="0">
  <testcase name="C23729_VerifyMemberToMemberInvalidAccountNumberLinkingValidation" time="141.075" classname="M2M_Transfers.C23729_VerifyMemberToMemberInvalidAccountNumberLinkingValidation"/>
</testsuite> <!-- M2M_Transfers.C23729_VerifyMemberToMemberInvalidAccountNumberLinkingValidation -->
