<?xml version="1.0" encoding="UTF-8"?>
<!-- Generated by org.testng.reporters.JUnitReportReporter -->
<testsuite skipped="0" hostname="sravyakarthik" name="com.TestCases.C23682_VerifyHelpMenuOption" tests="1" failures="0" timestamp="08 Jul 2019 13:42:22 GMT" time="30.226" errors="0">
  <testcase name="C23682_VerifyHelpMenuOption" time="30.226" classname="com.TestCases.C23682_VerifyHelpMenuOption"/>
</testsuite> <!-- com.TestCases.C23682_VerifyHelpMenuOption -->
