<?xml version="1.0" encoding="UTF-8"?>
<!-- Generated by org.testng.reporters.JUnitReportReporter -->
<testsuite skipped="0" hostname="sravyakarthik" name="Settings.C23606_VerifyDateAlertSetup" tests="1" failures="0" timestamp="29 Oct 2019 16:01:28 GMT" time="186.431" errors="0">
  <testcase name="C23606_VerifyDateAlertSetup" time="186.431" classname="Settings.C23606_VerifyDateAlertSetup"/>
</testsuite> <!-- Settings.C23606_VerifyDateAlertSetup -->
