<?xml version="1.0" encoding="UTF-8"?>
<!-- Generated by org.testng.reporters.JUnitReportReporter -->
<testsuite skipped="0" hostname="sravyakarthik" name="Make_Payments.C25043_VerifyOneTimeLoanPaymentSetup" tests="1" failures="0" timestamp="03 Nov 2019 05:20:52 GMT" time="149.537" errors="0">
  <testcase name="C25043_VerifyOneTimeLoanPaymentSetup" time="149.537" classname="Make_Payments.C25043_VerifyOneTimeLoanPaymentSetup"/>
</testsuite> <!-- Make_Payments.C25043_VerifyOneTimeLoanPaymentSetup -->
