<?xml version="1.0" encoding="UTF-8"?>
<!-- Generated by org.testng.reporters.JUnitReportReporter -->
<testsuite skipped="0" hostname="sravyakarthik" name="Settings.C23607_VerifyAccountAlertSetup" tests="1" failures="0" timestamp="30 Oct 2019 14:27:41 GMT" time="118.009" errors="0">
  <testcase name="C23607_VerifyAccountAlertSetup" time="118.009" classname="Settings.C23607_VerifyAccountAlertSetup"/>
</testsuite> <!-- Settings.C23607_VerifyAccountAlertSetup -->
