<?xml version="1.0" encoding="UTF-8"?>
<!-- Generated by org.testng.reporters.JUnitReportReporter -->
<testsuite skipped="0" hostname="sravyakarthik" name="Services.C23635_VerifyTDECURatesViaServices" tests="1" failures="0" timestamp="01 Oct 2019 16:10:08 GMT" time="58.246" errors="0">
  <testcase name="C23635_VerifyTDECURatesViaServices" time="58.246" classname="Services.C23635_VerifyTDECURatesViaServices"/>
</testsuite> <!-- Services.C23635_VerifyTDECURatesViaServices -->
