<?xml version="1.0" encoding="UTF-8"?>
<!-- Generated by org.testng.reporters.JUnitReportReporter -->
<testsuite skipped="0" hostname="sravyakarthik" name="com.TestCases.C23550_VerifyApplicationLogout" tests="1" failures="0" timestamp="03 Jul 2019 14:42:20 GMT" time="23.666" errors="0">
  <testcase name="C23550_VerifyApplicationLogout" time="23.666" classname="com.TestCases.C23550_VerifyApplicationLogout"/>
</testsuite> <!-- com.TestCases.C23550_VerifyApplicationLogout -->
