<?xml version="1.0" encoding="UTF-8"?>
<!-- Generated by org.testng.reporters.JUnitReportReporter -->
<testsuite skipped="0" hostname="sravyakarthik" name="com.TestCases.C23560_VerifyHomePageWelcomeMessage" tests="1" failures="0" timestamp="30 Jun 2019 04:57:29 GMT" time="17.004" errors="0">
  <testcase name="C23560_VerifyHomePageWelcomeMessage" time="17.004" classname="com.TestCases.C23560_VerifyHomePageWelcomeMessage"/>
</testsuite> <!-- com.TestCases.C23560_VerifyHomePageWelcomeMessage -->
