<?xml version="1.0" encoding="UTF-8"?>
<!-- Generated by org.testng.reporters.JUnitReportReporter -->
<testsuite skipped="0" hostname="sravyakarthik" name="Login.C23550_VerifyApplicationLogout" tests="1" failures="0" timestamp="21 Oct 2019 11:41:23 GMT" time="58.755" errors="0">
  <testcase name="C23550_VerifyApplicationLogout" time="58.755" classname="Login.C23550_VerifyApplicationLogout"/>
</testsuite> <!-- Login.C23550_VerifyApplicationLogout -->
