<?xml version="1.0" encoding="UTF-8"?>
<!-- Generated by org.testng.reporters.JUnitReportReporter -->
<testsuite skipped="0" hostname="sravyakarthik" name="Login.C23547_VerifyLoginWithInValidUsername" tests="1" failures="0" timestamp="21 Oct 2019 11:14:03 GMT" time="5.974" errors="0">
  <testcase name="C23547_VerifyLoginWithInValidUsername" time="5.974" classname="Login.C23547_VerifyLoginWithInValidUsername"/>
</testsuite> <!-- Login.C23547_VerifyLoginWithInValidUsername -->
