<?xml version="1.0" encoding="UTF-8"?>
<!-- Generated by org.testng.reporters.JUnitReportReporter -->
<testsuite skipped="0" hostname="sravyakarthik" name="com.TestCases.TestAppLaunch" tests="1" failures="0" timestamp="17 Jun 2019 05:15:07 GMT" time="35.430" errors="0">
  <testcase name="verifyAppLaunch" time="35.430" classname="com.TestCases.TestAppLaunch"/>
</testsuite> <!-- com.TestCases.TestAppLaunch -->
