<?xml version="1.0" encoding="UTF-8"?>
<!-- Generated by org.testng.reporters.JUnitReportReporter -->
<testsuite skipped="0" hostname="sravyakarthik" name="M2M_Transfers.C23714_VerifyMemberToMemberSingleTransferWithInValidToAccount" tests="1" failures="0" timestamp="14 Oct 2019 16:35:52 GMT" time="269.642" errors="0">
  <testcase name="C23714_VerifyMemberToMemberSingleTransferWithInValidToAccount" time="269.642" classname="M2M_Transfers.C23714_VerifyMemberToMemberSingleTransferWithInValidToAccount"/>
</testsuite> <!-- M2M_Transfers.C23714_VerifyMemberToMemberSingleTransferWithInValidToAccount -->
