<?xml version="1.0" encoding="UTF-8"?>
<!-- Generated by org.testng.reporters.JUnitReportReporter -->
<testsuite skipped="0" hostname="sravyakarthik" name="M2M_Transfers.C23715_VerifyMemberToMemberSingleTransferWithInValidLastName" tests="1" failures="0" timestamp="15 Oct 2019 11:05:06 GMT" time="141.316" errors="0">
  <testcase name="C23715_VerifyMemberToMemberSingleTransferWithInValidLastName" time="141.316" classname="M2M_Transfers.C23715_VerifyMemberToMemberSingleTransferWithInValidLastName"/>
</testsuite> <!-- M2M_Transfers.C23715_VerifyMemberToMemberSingleTransferWithInValidLastName -->
