<?xml version="1.0" encoding="UTF-8"?>
<!-- Generated by org.testng.reporters.JUnitReportReporter -->
<testsuite skipped="0" hostname="sravyakarthik" name="com.TestCases.VerifyPSCUCreditCard" tests="1" failures="0" timestamp="28 Jun 2019 21:42:16 GMT" time="41.457" errors="0">
  <testcase name="VerifyPSCUCreditCard" time="41.457" classname="com.TestCases.VerifyPSCUCreditCard"/>
</testsuite> <!-- com.TestCases.VerifyPSCUCreditCard -->
