<?xml version="1.0" encoding="UTF-8"?>
<!-- Generated by org.testng.reporters.JUnitReportReporter -->
<testsuite skipped="0" hostname="sravyakarthik" name="com.TestCases.C23549_VerifySelectRememberMeOption" tests="1" failures="0" timestamp="05 Jul 2019 14:11:20 GMT" time="85.117" errors="0">
  <testcase name="C23549_VerifySelectRememberMeOption" time="85.117" classname="com.TestCases.C23549_VerifySelectRememberMeOption"/>
</testsuite> <!-- com.TestCases.C23549_VerifySelectRememberMeOption -->
