<?xml version="1.0" encoding="UTF-8"?>
<!-- Generated by org.testng.reporters.JUnitReportReporter -->
<testsuite skipped="0" hostname="sravyakarthik" name="com.TestCases.C23559_VerifyHomePageTransferMoneyNowOption" tests="1" failures="0" timestamp="01 Jul 2019 15:19:46 GMT" time="26.401" errors="0">
  <testcase name="C23559_VerifyHomePageTransferMoneyNowOption" time="26.401" classname="com.TestCases.C23559_VerifyHomePageTransferMoneyNowOption"/>
</testsuite> <!-- com.TestCases.C23559_VerifyHomePageTransferMoneyNowOption -->
