<?xml version="1.0" encoding="UTF-8"?>
<!-- Generated by org.testng.reporters.JUnitReportReporter -->
<testsuite skipped="0" hostname="sravyakarthik" name="M2M_Transfers.C23716_VerifyMemberToMemberSingleTransfer" tests="1" failures="0" timestamp="15 Oct 2019 11:41:43 GMT" time="204.139" errors="0">
  <testcase name="C23716_VerifyMemberToMemberSingleTransfer" time="204.139" classname="M2M_Transfers.C23716_VerifyMemberToMemberSingleTransfer"/>
</testsuite> <!-- M2M_Transfers.C23716_VerifyMemberToMemberSingleTransfer -->
