<?xml version="1.0" encoding="UTF-8"?>
<!-- Generated by org.testng.reporters.JUnitReportReporter -->
<testsuite skipped="0" hostname="sravyakarthik" name="Settings.C23605_VerifyMyAlertsViaSettings" tests="1" failures="0" timestamp="28 Oct 2019 15:33:50 GMT" time="72.444" errors="0">
  <testcase name="C23605_VerifyMyAlertsViaSettings" time="72.444" classname="Settings.C23605_VerifyMyAlertsViaSettings"/>
</testsuite> <!-- Settings.C23605_VerifyMyAlertsViaSettings -->
