<?xml version="1.0" encoding="UTF-8"?>
<!-- Generated by org.testng.reporters.JUnitReportReporter -->
<testsuite skipped="0" hostname="sravyakarthik" name="com.TestCases.C23552_VerifyRegisterMyDeviceOption" tests="1" failures="0" timestamp="03 Jul 2019 14:45:48 GMT" time="86.609" errors="0">
  <testcase name="VerifyPSCUCreditCard" time="86.609" classname="com.TestCases.C23552_VerifyRegisterMyDeviceOption"/>
</testsuite> <!-- com.TestCases.C23552_VerifyRegisterMyDeviceOption -->
