<?xml version="1.0" encoding="UTF-8"?>
<!-- Generated by org.testng.reporters.JUnitReportReporter -->
<testsuite skipped="0" hostname="sravyakarthik" name="com.TestCases.VerifyLoginValidUsernamePassword" tests="1" failures="0" timestamp="18 Jun 2019 15:42:42 GMT" time="15.350" errors="0">
  <testcase name="TDB956_VerifyLoginValidUsernamePassword" time="15.350" classname="com.TestCases.VerifyLoginValidUsernamePassword"/>
</testsuite> <!-- com.TestCases.VerifyLoginValidUsernamePassword -->
