<?xml version="1.0" encoding="UTF-8"?>
<!-- Generated by org.testng.reporters.JUnitReportReporter -->
<testsuite skipped="0" hostname="sravyakarthik" name="Home.C23554_VerifyHomePageInformativeMessage" tests="1" failures="0" timestamp="27 Oct 2019 03:48:04 GMT" time="51.270" errors="0">
  <testcase name="C23554_VerifyHomePageInformativeMessage" time="51.270" classname="Home.C23554_VerifyHomePageInformativeMessage"/>
</testsuite> <!-- Home.C23554_VerifyHomePageInformativeMessage -->
