<?xml version="1.0" encoding="UTF-8"?>
<!-- Generated by org.testng.reporters.JUnitReportReporter -->
<testsuite skipped="0" hostname="sravyakarthik" name="Transfers.C23688_VerifyRecurringFundTransfer" tests="1" failures="0" timestamp="20 Oct 2019 16:43:45 GMT" time="174.433" errors="0">
  <testcase name="C23688_VerifyRecurringFundTransfer" time="174.433" classname="Transfers.C23688_VerifyRecurringFundTransfer"/>
</testsuite> <!-- Transfers.C23688_VerifyRecurringFundTransfer -->
