<?xml version="1.0" encoding="UTF-8"?>
<!-- Generated by org.testng.reporters.JUnitReportReporter -->
<testsuite skipped="0" hostname="sravyakarthik" name="Services.C23631_VerifyMultipleCheckStopPaymentCreation" tests="1" failures="0" timestamp="04 Oct 2019 16:58:27 GMT" time="505.480" errors="0">
  <testcase name="C23631_VerifyMultipleCheckStopPaymentCreation" time="505.480" classname="Services.C23631_VerifyMultipleCheckStopPaymentCreation"/>
</testsuite> <!-- Services.C23631_VerifyMultipleCheckStopPaymentCreation -->
