<?xml version="1.0" encoding="UTF-8"?>
<!-- Generated by org.testng.reporters.JUnitReportReporter -->
<testsuite skipped="0" hostname="sravyakarthik" name="Settings.C24231_VerifyAddressChangeOption" tests="1" failures="0" timestamp="08 Nov 2019 16:22:13 GMT" time="57.084" errors="0">
  <testcase name="C24231_VerifyAddressChangeOption" time="57.084" classname="Settings.C24231_VerifyAddressChangeOption"/>
</testsuite> <!-- Settings.C24231_VerifyAddressChangeOption -->
