<?xml version="1.0" encoding="UTF-8"?>
<!-- Generated by org.testng.reporters.JUnitReportReporter -->
<testsuite skipped="0" hostname="sravyakarthik" name="Login.C23549_VerifySelectRememberMeOption" tests="1" failures="0" timestamp="21 Oct 2019 11:38:58 GMT" time="111.027" errors="0">
  <testcase name="C23549_VerifySelectRememberMeOption" time="111.027" classname="Login.C23549_VerifySelectRememberMeOption"/>
</testsuite> <!-- Login.C23549_VerifySelectRememberMeOption -->
