<?xml version="1.0" encoding="UTF-8"?>
<!-- Generated by org.testng.reporters.JUnitReportReporter -->
<testsuite skipped="0" hostname="sravyakarthik" name="Transfers.C23687_VerifyOneTimeFundTransfer" tests="1" failures="0" timestamp="18 Oct 2019 13:31:48 GMT" time="160.916" errors="0">
  <testcase name="C23687_VerifyOneTimeFundTransfer" time="160.916" classname="Transfers.C23687_VerifyOneTimeFundTransfer"/>
</testsuite> <!-- Transfers.C23687_VerifyOneTimeFundTransfer -->
