<?xml version="1.0" encoding="UTF-8"?>
<!-- Generated by org.testng.reporters.JUnitReportReporter -->
<testsuite skipped="0" hostname="sravyakarthik" name="M2M_Transfers.C23731_VerifyMemberToMemberLinkingSameAccountValidation" tests="1" failures="0" timestamp="18 Oct 2019 11:44:42 GMT" time="103.942" errors="0">
  <testcase name="C23731_VerifyMemberToMemberLinkingSameAccountValidation" time="103.942" classname="M2M_Transfers.C23731_VerifyMemberToMemberLinkingSameAccountValidation"/>
</testsuite> <!-- M2M_Transfers.C23731_VerifyMemberToMemberLinkingSameAccountValidation -->
