<?xml version="1.0" encoding="UTF-8"?>
<!-- Generated by org.testng.reporters.JUnitReportReporter -->
<testsuite skipped="0" hostname="sravyakarthik" name="com.TestCases.C23554_VerifyHomePageInformativeMessage" tests="1" failures="0" timestamp="30 Jun 2019 04:49:06 GMT" time="17.721" errors="0">
  <testcase name="C23554_VerifyHomePageInformativeMessage" time="17.721" classname="com.TestCases.C23554_VerifyHomePageInformativeMessage"/>
</testsuite> <!-- com.TestCases.C23554_VerifyHomePageInformativeMessage -->
