<?xml version="1.0" encoding="UTF-8"?>
<!-- Generated by org.testng.reporters.JUnitReportReporter -->
<testsuite skipped="0" hostname="sravyakarthik" name="Settings.C23608_VerifyHistoryAlertSetup" tests="1" failures="0" timestamp="30 Oct 2019 14:35:57 GMT" time="119.402" errors="0">
  <testcase name="C23608_VerifyHistoryAlertSetup" time="119.402" classname="Settings.C23608_VerifyHistoryAlertSetup"/>
</testsuite> <!-- Settings.C23608_VerifyHistoryAlertSetup -->
