<?xml version="1.0" encoding="UTF-8"?>
<!-- Generated by org.testng.reporters.JUnitReportReporter -->
<testsuite skipped="0" hostname="LAPTOP-1F0JMU93" name="com.testcases.VerifyUserEnroll" tests="1" failures="0" timestamp="16 Jul 2019 13:42:41 GMT" time="20.885" errors="0">
  <testcase name="TDB1249_VerifyAccountDetails" time="20.885" classname="com.testcases.VerifyUserEnroll"/>
</testsuite> <!-- com.testcases.VerifyUserEnroll -->
