<?xml version="1.0" encoding="UTF-8"?>
<!-- Generated by org.testng.reporters.JUnitReportReporter -->
<testsuite skipped="0" hostname="LAPTOP-1F0JMU93" name="com.testcases.VerifyTRODeceasedMemberEnrollValidation" tests="1" failures="0" timestamp="16 Jul 2019 17:40:58 GMT" time="7.281" errors="0">
  <testcase name="VerifyTRODeceasedMemberEnrollValidation" time="7.281" classname="com.testcases.VerifyTRODeceasedMemberEnrollValidation"/>
</testsuite> <!-- com.testcases.VerifyTRODeceasedMemberEnrollValidation -->
