<?xml version="1.0" encoding="UTF-8"?>
<!-- Generated by org.testng.reporters.JUnitReportReporter -->
<testsuite skipped="0" hostname="LAPTOP-1F0JMU93" name="com.testcases.VerifyOpenAccountDisplayed" tests="1" failures="0" timestamp="01 Jul 2019 17:24:58 GMT" time="5.546" errors="0">
  <testcase name="TDB1249_VerifyAccountDetails" time="5.546" classname="com.testcases.VerifyOpenAccountDisplayed"/>
</testsuite> <!-- com.testcases.VerifyOpenAccountDisplayed -->
