<?xml version="1.0" encoding="UTF-8"?>
<!-- Generated by org.testng.reporters.JUnitReportReporter -->
<testsuite skipped="0" hostname="LAPTOP-1F0JMU93" name="com.testcases.VerifyValidationWithTROMultpleCheckAccount" tests="1" failures="0" timestamp="12 Jul 2019 16:23:23 GMT" time="6.792" errors="0">
  <testcase name="VerifyValidationWithTROMultpleCheckAccount" time="6.792" classname="com.testcases.VerifyValidationWithTROMultpleCheckAccount"/>
</testsuite> <!-- com.testcases.VerifyValidationWithTROMultpleCheckAccount -->
