<?xml version="1.0" encoding="UTF-8"?>
<!-- Generated by org.testng.reporters.JUnitReportReporter -->
<testsuite skipped="0" hostname="LAPTOP-1F0JMU93" name="com.testcases.VerifyCommercialAccountNotDisplayedForEnroll" tests="1" failures="0" timestamp="17 Jul 2019 13:13:57 GMT" time="4.995" errors="0">
  <testcase name="VerifyCommercialAccountNotDisplayedForEnroll" time="4.995" classname="com.testcases.VerifyCommercialAccountNotDisplayedForEnroll"/>
</testsuite> <!-- com.testcases.VerifyCommercialAccountNotDisplayedForEnroll -->
