<?xml version="1.0" encoding="UTF-8"?>
<!-- Generated by org.testng.reporters.JUnitReportReporter -->
<testsuite skipped="0" hostname="LAPTOP-1F0JMU93" name="com.testcases.VerifyClosedAccountNotDisplayed" tests="1" failures="0" timestamp="16 Jul 2019 16:12:39 GMT" time="7.506" errors="0">
  <testcase name="VerifyClosedAccountNotDisplayed" time="7.506" classname="com.testcases.VerifyClosedAccountNotDisplayed"/>
</testsuite> <!-- com.testcases.VerifyClosedAccountNotDisplayed -->
