<?xml version="1.0" encoding="UTF-8"?>
<!-- Generated by org.testng.reporters.JUnitReportReporter -->
<testsuite skipped="0" hostname="LAPTOP-1F0JMU93" name="com.testcases.VerifyUserAlreadyEnrolled" tests="1" failures="0" timestamp="16 Jul 2019 16:07:13 GMT" time="6.230" errors="0">
  <testcase name="VerifyUserAlreadyEnrolled" time="6.230" classname="com.testcases.VerifyUserAlreadyEnrolled"/>
</testsuite> <!-- com.testcases.VerifyUserAlreadyEnrolled -->
