<?xml version="1.0" encoding="UTF-8"?>
<!-- Generated by org.testng.reporters.JUnitReportReporter -->
<testsuite hostname="abrown-813SZW1" name="com.testcases.C24190_VerifyHousingTypeField" tests="1" failures="0" timestamp="3 Dec 2019 21:35:36 GMT" time="18.831" errors="0">
  <testcase name="C24190_VerifyHousingTypeField" time="18.831" classname="com.testcases.C24190_VerifyHousingTypeField"/>
</testsuite> <!-- com.testcases.C24190_VerifyHousingTypeField -->
