<?xml version="1.0" encoding="UTF-8"?>
<!-- Generated by org.testng.reporters.JUnitReportReporter -->
<testsuite hostname="LAPTOP-1F0JMU93" name="JointOwnersBeneficiaries.C24295_VerifyMultipleJointOwners" tests="1" failures="0" timestamp="19 Mar 2020 19:50:22 GMT" time="185.646" errors="0">
  <testcase name="C24295_VerifyMultipleJointOwners" time="185.646" classname="JointOwnersBeneficiaries.C24295_VerifyMultipleJointOwners"/>
</testsuite> <!-- JointOwnersBeneficiaries.C24295_VerifyMultipleJointOwners -->
