<?xml version="1.0" encoding="UTF-8"?>
<!-- Generated by org.testng.reporters.JUnitReportReporter -->
<testsuite hostname="abrown-813SZW1" name="com.testcases.C24107_VerifyPersonalLoanSelection" tests="1" failures="0" timestamp="3 Dec 2019 17:12:09 GMT" time="116.039" errors="0">
  <testcase name="C24107_VerifyPersonalLoanSelection" time="116.039" classname="com.testcases.C24107_VerifyPersonalLoanSelection"/>
</testsuite> <!-- com.testcases.C24107_VerifyPersonalLoanSelection -->
