<?xml version="1.0" encoding="UTF-8"?>
<!-- Generated by org.testng.reporters.JUnitReportReporter -->
<testsuite hostname="abrown-813SZW1" name="com.testcases.C24103_VerifyProductSelectionInfo" tests="1" failures="0" timestamp="19 Sep 2019 13:39:45 GMT" time="6.176" errors="0">
  <testcase name="C23835_VerifyProductSelectionInfo" time="6.176" classname="com.testcases.C24103_VerifyProductSelectionInfo"/>
</testsuite> <!-- com.testcases.C24103_VerifyProductSelectionInfo -->
