<?xml version="1.0" encoding="UTF-8"?>
<!-- Generated by org.testng.reporters.JUnitReportReporter -->
<testsuite hostname="abrown-813SZW1" name="com.testcases.C24313_VerifyCheckingOptions" tests="1" failures="0" timestamp="9 Dec 2019 16:22:10 GMT" time="4.722" errors="0">
  <testcase name="C24313_VerifyCheckingOptions" time="4.722" classname="com.testcases.C24313_VerifyCheckingOptions"/>
</testsuite> <!-- com.testcases.C24313_VerifyCheckingOptions -->
