<?xml version="1.0" encoding="UTF-8"?>
<!-- Generated by org.testng.reporters.JUnitReportReporter -->
<testsuite hostname="abrown-813SZW1" name="com.testcases.VerifyTestNG" tests="1" failures="0" timestamp="10 Sep 2019 15:45:59 GMT" time="0.018" errors="0">
  <testcase name="verifyTest" time="0.018" classname="com.testcases.VerifyTestNG"/>
</testsuite> <!-- com.testcases.VerifyTestNG -->
