<?xml version="1.0" encoding="UTF-8"?>
<!-- Generated by org.testng.reporters.JUnitReportReporter -->
<testsuite hostname="abrown-813SZW1" name="com.testcases.C24024_VerifyAccountSelections" tests="1" failures="0" timestamp="4 Oct 2019 21:01:00 GMT" time="28.289" errors="0">
  <testcase name="C24024_VerifyAccountSelections" time="28.289" classname="com.testcases.C24024_VerifyAccountSelections"/>
</testsuite> <!-- com.testcases.C24024_VerifyAccountSelections -->
