<?xml version="1.0" encoding="UTF-8"?>
<!-- Generated by org.testng.reporters.JUnitReportReporter -->
<testsuite hostname="abrown-813SZW1" name="com.testcases.C24208_VerifyPreviousIncomeField" tests="1" failures="0" timestamp="2 Oct 2019 19:58:43 GMT" time="23.463" errors="0">
  <testcase name="C24208_VerifyPreviousIncomeField" time="23.463" classname="com.testcases.C24208_VerifyPreviousIncomeField"/>
</testsuite> <!-- com.testcases.C24208_VerifyPreviousIncomeField -->
