<?xml version="1.0" encoding="UTF-8"?>
<!-- Generated by org.testng.reporters.JUnitReportReporter -->
<testsuite hostname="abrown-813SZW1" name="com.testcases.C24189_VerifyAdditionalLoanInfo" tests="1" failures="0" timestamp="2 Oct 2019 20:55:41 GMT" time="18.786" errors="0">
  <testcase name="C24189_VerifyAdditionalLoanInfo" time="18.786" classname="com.testcases.C24189_VerifyAdditionalLoanInfo"/>
</testsuite> <!-- com.testcases.C24189_VerifyAdditionalLoanInfo -->
