<?xml version="1.0" encoding="UTF-8"?>
<!-- Generated by org.testng.reporters.JUnitReportReporter -->
<testsuite hostname="abrown-813SZW1" name="com.testcases.C24108_VerifyCDSelection" tests="1" failures="0" timestamp="18 Sep 2019 18:37:03 GMT" time="22.737" errors="0">
  <testcase name="C24108_VerifyCDSelection" time="22.737" classname="com.testcases.C24108_VerifyCDSelection"/>
</testsuite> <!-- com.testcases.C24108_VerifyCDSelection -->
