<?xml version="1.0" encoding="UTF-8"?>
<!-- Generated by org.testng.reporters.JUnitReportReporter -->
<testsuite hostname="abrown-813SZW1" name="com.testcases.C24105_VerifyCreditCardSelection" tests="1" failures="0" timestamp="18 Sep 2019 15:05:31 GMT" time="41.223" errors="0">
  <testcase name="C24105_VerifyCreditCardSelection" time="41.223" classname="com.testcases.C24105_VerifyCreditCardSelection"/>
</testsuite> <!-- com.testcases.C24105_VerifyCreditCardSelection -->
