<?xml version="1.0" encoding="UTF-8"?>
<!-- Generated by org.testng.reporters.JUnitReportReporter -->
<testsuite hostname="abrown-813SZW1" name="com.testcases.C24288_VerifyIdentificationInfo" tests="1" failures="0" timestamp="3 Oct 2019 14:36:03 GMT" time="46.264" errors="0">
  <testcase name="C24288_VerifyIdentificationInfo" time="46.264" classname="com.testcases.C24288_VerifyIdentificationInfo"/>
</testsuite> <!-- com.testcases.C24288_VerifyIdentificationInfo -->
