<?xml version="1.0" encoding="UTF-8"?>
<!-- Generated by org.testng.reporters.JUnitReportReporter -->
<testsuite hostname="abrown-813SZW1" name="com.testcases.C24176_VerifyValidVehicleInfo" tests="1" failures="0" timestamp="3 Dec 2019 20:58:07 GMT" time="33.961" errors="0">
  <testcase name="C24176_VerifyValidVehicleInfo" time="33.961" classname="com.testcases.C24176_VerifyValidVehicleInfo"/>
</testsuite> <!-- com.testcases.C24176_VerifyValidVehicleInfo -->
