<?xml version="1.0" encoding="UTF-8"?>
<!-- Generated by org.testng.reporters.JUnitReportReporter -->
<testsuite hostname="abrown-813SZW1" name="com.testcases.C24191_VerifyHousingPaymentField" tests="1" failures="0" timestamp="2 Oct 2019 15:04:01 GMT" time="22.095" errors="0">
  <testcase name="C24191_VerifyHousingPaymentField" time="22.095" classname="com.testcases.C24191_VerifyHousingPaymentField"/>
</testsuite> <!-- com.testcases.C24191_VerifyHousingPaymentField -->
