<?xml version="1.0" encoding="UTF-8"?>
<!-- Generated by org.testng.reporters.JUnitReportReporter -->
<testsuite hostname="abrown-813SZW1" name="com.testcases.C24070_VerifyMemberVerification" tests="1" failures="0" timestamp="4 Dec 2019 14:28:43 GMT" time="19.103" errors="0">
  <testcase name="C24070_VerifyMemberVerification" time="19.103" classname="com.testcases.C24070_VerifyMemberVerification"/>
</testsuite> <!-- com.testcases.C24070_VerifyMemberVerification -->
