<?xml version="1.0" encoding="UTF-8"?>
<!-- Generated by org.testng.reporters.JUnitReportReporter -->
<testsuite hostname="abrown-813SZW1" name="com.testcases.C24158_VerifyVehicleLoanReqFields" tests="1" failures="0" timestamp="1 Oct 2019 14:43:00 GMT" time="23.520" errors="0">
  <testcase name="C24158_VerifyVehicleLoanReqFields" time="23.520" classname="com.testcases.C24158_VerifyVehicleLoanReqFields"/>
</testsuite> <!-- com.testcases.C24158_VerifyVehicleLoanReqFields -->
