<?xml version="1.0" encoding="UTF-8"?>
<!-- Generated by org.testng.reporters.JUnitReportReporter -->
<testsuite hostname="LAPTOP-1F0JMU93" name="JointOwnersBeneficiaries.C28341_VerifyThatInformationTabIsHighLightedWhenUserInJointOwnerLookupPage" tests="1" failures="0" timestamp="2 Mar 2020 19:33:09 GMT" time="73.838" errors="0">
  <testcase name="C28341_VerifyThatInformationTabIsHighLightedWhenUserInJointOwnerLookupPage" time="73.838" classname="JointOwnersBeneficiaries.C28341_VerifyThatInformationTabIsHighLightedWhenUserInJointOwnerLookupPage"/>
</testsuite> <!-- JointOwnersBeneficiaries.C28341_VerifyThatInformationTabIsHighLightedWhenUserInJointOwnerLookupPage -->
