<?xml version="1.0" encoding="UTF-8"?>
<!-- Generated by org.testng.reporters.JUnitReportReporter -->
<testsuite hostname="abrown-813SZW1" name="com.testcases.C24286_VerifyMethodofComm" tests="1" failures="0" timestamp="4 Dec 2019 14:07:13 GMT" time="15.671" errors="0">
  <testcase name="C24286_VerifyMethodofComm" time="15.671" classname="com.testcases.C24286_VerifyMethodofComm"/>
</testsuite> <!-- com.testcases.C24286_VerifyMethodofComm -->
