<?xml version="1.0" encoding="UTF-8"?>
<!-- Generated by org.testng.reporters.JUnitReportReporter -->
<testsuite hostname="abrown-813SZW1" name="com.testcases.C24105_VerifyCreditCardSelection" tests="1" failures="0" timestamp="9 Dec 2019 14:34:02 GMT" time="117.602" errors="0">
  <testcase name="C24105_VerifyCreditCardSelection" time="117.602" classname="com.testcases.C24105_VerifyCreditCardSelection"/>
</testsuite> <!-- com.testcases.C24105_VerifyCreditCardSelection -->
