<?xml version="1.0" encoding="UTF-8"?>
<!-- Generated by org.testng.reporters.JUnitReportReporter -->
<testsuite hostname="abrown-813SZW1" name="com.testcases.C24268_VerifyDeclineDisclosures" tests="1" failures="0" timestamp="8 Oct 2019 19:40:05 GMT" time="35.195" errors="0">
  <testcase name="C24268_VerifyDeclineDisclosures" time="35.195" classname="com.testcases.C24268_VerifyDeclineDisclosures"/>
</testsuite> <!-- com.testcases.C24268_VerifyDeclineDisclosures -->
