<?xml version="1.0" encoding="UTF-8"?>
<!-- Generated by org.testng.reporters.JUnitReportReporter -->
<testsuite hostname="abrown-813SZW1" name="com.testcases.C24156_VerifyVehicleLoanLimit" tests="1" failures="0" timestamp="3 Dec 2019 20:33:29 GMT" time="16.408" errors="0">
  <testcase name="C24156_VerifyVehicleLoanLimit" time="16.408" classname="com.testcases.C24156_VerifyVehicleLoanLimit"/>
</testsuite> <!-- com.testcases.C24156_VerifyVehicleLoanLimit -->
