<?xml version="1.0" encoding="UTF-8"?>
<!-- Generated by org.testng.reporters.JUnitReportReporter -->
<testsuite hostname="abrown-813SZW1" name="com.testcases.C24028_VerifyConfirmAccounts" tests="1" failures="0" timestamp="8 Oct 2019 20:28:37 GMT" time="43.449" errors="0">
  <testcase name="C24028_VerifyConfirmAccounts" time="43.449" classname="com.testcases.C24028_VerifyConfirmAccounts"/>
</testsuite> <!-- com.testcases.C24028_VerifyConfirmAccounts -->
