<?xml version="1.0" encoding="UTF-8"?>
<!-- Generated by org.testng.reporters.JUnitReportReporter -->
<testsuite hostname="abrown-813SZW1" name="com.testcases.C24071_VerifyInvalidMemberInput" tests="1" failures="0" timestamp="3 Oct 2019 20:53:05 GMT" time="25.776" errors="0">
  <testcase name="C24071_VerifyInvalidMemberInput" time="25.776" classname="com.testcases.C24071_VerifyInvalidMemberInput"/>
</testsuite> <!-- com.testcases.C24071_VerifyInvalidMemberInput -->
