<?xml version="1.0" encoding="UTF-8"?>
<!-- Generated by org.testng.reporters.JUnitReportReporter -->
<testsuite hostname="abrown-813SZW1" name="com.testcases.C24208_VerifyPreviousIncomeField" tests="1" failures="0" timestamp="4 Dec 2019 13:49:51 GMT" time="22.301" errors="0">
  <testcase name="C24208_VerifyPreviousIncomeField" time="22.301" classname="com.testcases.C24208_VerifyPreviousIncomeField"/>
</testsuite> <!-- com.testcases.C24208_VerifyPreviousIncomeField -->
