<?xml version="1.0" encoding="UTF-8"?>
<!-- Generated by org.testng.reporters.JUnitReportReporter -->
<testsuite hostname="abrown-813SZW1" name="com.testcases.C24190_VerifyHousingTypeField" tests="1" failures="0" timestamp="2 Oct 2019 13:54:50 GMT" time="25.400" errors="0">
  <testcase name="C24190_VerifyHousingTypeField" time="25.400" classname="com.testcases.C24190_VerifyHousingTypeField"/>
</testsuite> <!-- com.testcases.C24190_VerifyHousingTypeField -->
