<?xml version="1.0" encoding="UTF-8"?>
<!-- Generated by org.testng.reporters.JUnitReportReporter -->
<testsuite hostname="abrown-813SZW1" name="com.testcases.C24157_VerifyVehicleLoanMinMax" tests="1" failures="0" timestamp="27 Sep 2019 14:40:07 GMT" time="21.852" errors="0">
  <testcase name="C24157_VerifyVehicleLoanMinMax" time="21.852" classname="com.testcases.C24157_VerifyVehicleLoanMinMax"/>
</testsuite> <!-- com.testcases.C24157_VerifyVehicleLoanMinMax -->
