<?xml version="1.0" encoding="UTF-8"?>
<!-- Generated by org.testng.reporters.JUnitReportReporter -->
<testsuite hostname="abrown-813SZW1" name="com.testcases.C24106_VerifyVehicleLoanSelection" tests="1" failures="0" timestamp="18 Sep 2019 21:01:08 GMT" time="155.835" errors="0">
  <testcase name="C24106_VerifyVehicleLoanSelection" time="155.835" classname="com.testcases.C24106_VerifyVehicleLoanSelection"/>
</testsuite> <!-- com.testcases.C24106_VerifyVehicleLoanSelection -->
