<?xml version="1.0" encoding="UTF-8"?>
<!-- Generated by org.testng.reporters.JUnitReportReporter -->
<testsuite hostname="abrown-813SZW1" name="com.testcases.C24286_VerifyMethodofComm" tests="1" failures="0" timestamp="3 Oct 2019 18:25:11 GMT" time="19.161" errors="0">
  <testcase name="C24286_VerifyMethodofComm" time="19.161" classname="com.testcases.C24286_VerifyMethodofComm"/>
</testsuite> <!-- com.testcases.C24286_VerifyMethodofComm -->
