<?xml version="1.0" encoding="UTF-8"?>
<!-- Generated by org.testng.reporters.JUnitReportReporter -->
<testsuite hostname="abrown-813SZW1" name="com.testcases.C24313_VerifyCheckingOptions" tests="1" failures="0" timestamp="3 Dec 2019 19:25:45 GMT" time="4.545" errors="0">
  <testcase name="C24313_VerifyCheckingOptions" time="4.545" classname="com.testcases.C24313_VerifyCheckingOptions"/>
</testsuite> <!-- com.testcases.C24313_VerifyCheckingOptions -->
