<?xml version="1.0" encoding="UTF-8"?>
<!-- Generated by org.testng.reporters.JUnitReportReporter -->
<testsuite hostname="abrown-813SZW1" name="com.testcases.C24188_VerifyPersonalInfo" tests="1" failures="0" timestamp="3 Oct 2019 16:10:54 GMT" time="19.213" errors="0">
  <testcase name="C24188_VerifyPersonalInfo" time="19.213" classname="com.testcases.C24188_VerifyPersonalInfo"/>
</testsuite> <!-- com.testcases.C24188_VerifyPersonalInfo -->
