<?xml version="1.0" encoding="UTF-8"?>
<!-- Generated by org.testng.reporters.JUnitReportReporter -->
<testsuite hostname="abrown-813SZW1" name="com.testcases.C24161_VerifyPersonalLoanLimit" tests="1" failures="0" timestamp="3 Dec 2019 21:18:53 GMT" time="15.782" errors="0">
  <testcase name="C24161_VerifyPersonalLoanLimit" time="15.782" classname="com.testcases.C24161_VerifyPersonalLoanLimit"/>
</testsuite> <!-- com.testcases.C24161_VerifyPersonalLoanLimit -->
