<?xml version="1.0" encoding="UTF-8"?>
<!-- Generated by org.testng.reporters.JUnitReportReporter -->
<testsuite hostname="abrown-813SZW1" name="com.testcases.C24158_VerifyVehicleLoanReqFields2" tests="1" failures="0" timestamp="3 Dec 2019 20:55:55 GMT" time="19.974" errors="0">
  <testcase name="C24158_VerifyVehicleLoanReqFields2" time="19.974" classname="com.testcases.C24158_VerifyVehicleLoanReqFields2"/>
</testsuite> <!-- com.testcases.C24158_VerifyVehicleLoanReqFields2 -->
