<?xml version="1.0" encoding="UTF-8"?>
<!-- Generated by org.testng.reporters.JUnitReportReporter -->
<testsuite hostname="abrown-813SZW1" name="com.testcases.C24107_VerifyPersonalLoanSelection" tests="1" failures="0" timestamp="18 Sep 2019 21:12:36 GMT" time="86.056" errors="0">
  <testcase name="C24107_VerifyPersonalLoanSelection" time="86.056" classname="com.testcases.C24107_VerifyPersonalLoanSelection"/>
</testsuite> <!-- com.testcases.C24107_VerifyPersonalLoanSelection -->
