<?xml version="1.0" encoding="UTF-8"?>
<!-- Generated by org.testng.reporters.JUnitReportReporter -->
<testsuite hostname="LAPTOP-1F0JMU93" name="JointOwnersBeneficiaries.C28345_VerifyThatInformationTabIsHighLightedWhenUserOnLookupBeneficiariesPage" tests="1" failures="0" timestamp="6 Mar 2020 18:25:14 GMT" time="67.032" errors="0">
  <testcase name="C28345_VerifyThatInformationTabIsHighLightedWhenUserOnLookupBeneficiariesPage" time="67.032" classname="JointOwnersBeneficiaries.C28345_VerifyThatInformationTabIsHighLightedWhenUserOnLookupBeneficiariesPage"/>
</testsuite> <!-- JointOwnersBeneficiaries.C28345_VerifyThatInformationTabIsHighLightedWhenUserOnLookupBeneficiariesPage -->
