<?xml version="1.0" encoding="UTF-8"?>
<!-- Generated by org.testng.reporters.JUnitReportReporter -->
<testsuite hostname="LAPTOP-1F0JMU93" name="SelectAccounts.C28347_VerifyProductsProgressBarHighlightedWhenOnSelectProductPage" tests="1" failures="0" timestamp="11 Feb 2020 18:03:28 GMT" time="5.198" errors="0">
  <testcase name="C28347_VerifyProductsProgressBarHighlightedWhenOnSelectProductPage" time="5.198" classname="SelectAccounts.C28347_VerifyProductsProgressBarHighlightedWhenOnSelectProductPage"/>
</testsuite> <!-- SelectAccounts.C28347_VerifyProductsProgressBarHighlightedWhenOnSelectProductPage -->
