<?xml version="1.0" encoding="UTF-8"?>
<!-- Generated by org.testng.reporters.JUnitReportReporter -->
<testsuite hostname="abrown-813SZW1" name="com.testcases.C24108_VerifyCDSelection" tests="1" failures="0" timestamp="9 Dec 2019 14:43:53 GMT" time="54.513" errors="0">
  <testcase name="C24108_VerifyCDSelection" time="54.513" classname="com.testcases.C24108_VerifyCDSelection"/>
</testsuite> <!-- com.testcases.C24108_VerifyCDSelection -->
