<?xml version="1.0" encoding="UTF-8"?>
<!-- Generated by org.testng.reporters.JUnitReportReporter -->
<testsuite hostname="LAPTOP-1F0JMU93" name="AccountFunding.C24052_VerifyAccountFundingOption" tests="1" failures="0" timestamp="11 Mar 2020 19:42:08 GMT" time="119.271" errors="0">
  <testcase name="C24052_VerifyAccountFundingOption" time="119.271" classname="AccountFunding.C24052_VerifyAccountFundingOption"/>
</testsuite> <!-- AccountFunding.C24052_VerifyAccountFundingOption -->
