<?xml version="1.0" encoding="UTF-8"?>
<!-- Generated by org.testng.reporters.JUnitReportReporter -->
<testsuite hostname="abrown-813SZW1" name="com.testcases.C24029_VerifyIdentityQuestions" tests="1" failures="0" timestamp="25 Nov 2019 17:32:01 GMT" time="32.328" errors="0">
  <testcase name="C24029_VerifyIdentityQuestions" time="32.328" classname="com.testcases.C24029_VerifyIdentityQuestions"/>
</testsuite> <!-- com.testcases.C24029_VerifyIdentityQuestions -->
