<?xml version="1.0" encoding="UTF-8"?>
<!-- Generated by org.testng.reporters.JUnitReportReporter -->
<testsuite hostname="LAPTOP-1F0JMU93" name="IdentityVerification.C28356_VerifyThatDisclouserStepIsHighlightedWhenUserOnIndentityVerificationPage" tests="1" failures="0" timestamp="5 Mar 2020 18:19:27 GMT" time="89.067" errors="0">
  <testcase name="C28356_VerifyThatDisclouserStepIsHighlightedWhenUserOnIndentityVerificationPage" time="89.067" classname="IdentityVerification.C28356_VerifyThatDisclouserStepIsHighlightedWhenUserOnIndentityVerificationPage"/>
</testsuite> <!-- IdentityVerification.C28356_VerifyThatDisclouserStepIsHighlightedWhenUserOnIndentityVerificationPage -->
