<?xml version="1.0" encoding="UTF-8"?>
<!-- Generated by org.testng.reporters.JUnitReportReporter -->
<testsuite hostname="abrown-813SZW1" name="com.testcases.C24262_VerifyDeselectEDocs" tests="1" failures="0" timestamp="4 Dec 2019 15:17:18 GMT" time="49.787" errors="0">
  <testcase name="C24262_VerifyDeselectEDocs" time="49.787" classname="com.testcases.C24262_VerifyDeselectEDocs"/>
</testsuite> <!-- com.testcases.C24262_VerifyDeselectEDocs -->
