<?xml version="1.0" encoding="UTF-8"?>
<!-- Generated by org.testng.reporters.JUnitReportReporter -->
<testsuite hostname="LAPTOP-1F0JMU93" name="ConfirmAccounts.C28329_ValidateUserCanAddPromotionalCodeToTheConfirmAccount" tests="1" failures="0" timestamp="2 Mar 2020 18:38:32 GMT" time="71.803" errors="0">
  <testcase name="C28329_ValidateUserCanAddPromotionalCodeToTheConfirmAccount" time="71.803" classname="ConfirmAccounts.C28329_ValidateUserCanAddPromotionalCodeToTheConfirmAccount"/>
</testsuite> <!-- ConfirmAccounts.C28329_ValidateUserCanAddPromotionalCodeToTheConfirmAccount -->
