<?xml version="1.0" encoding="UTF-8"?>
<!-- Generated by org.testng.reporters.JUnitReportReporter -->
<testsuite hostname="abrown-813SZW1" name="com.testcases.C24070_VerifyMemberVerification" tests="1" failures="0" timestamp="3 Oct 2019 20:19:59 GMT" time="17.987" errors="0">
  <testcase name="C24070_VerifyMemberVerification" time="17.987" classname="com.testcases.C24070_VerifyMemberVerification"/>
</testsuite> <!-- com.testcases.C24070_VerifyMemberVerification -->
