<?xml version="1.0" encoding="UTF-8"?>
<!-- Generated by org.testng.reporters.JUnitReportReporter -->
<testsuite hostname="abrown-813SZW1" name="com.testcases.C24103_VerifyProductSelectionInfo" tests="1" failures="0" timestamp="4 Oct 2019 19:06:07 GMT" time="8.623" errors="0">
  <testcase name="C23835_VerifyProductSelectionInfo" time="8.623" classname="com.testcases.C24103_VerifyProductSelectionInfo"/>
</testsuite> <!-- com.testcases.C24103_VerifyProductSelectionInfo -->
