<?xml version="1.0" encoding="UTF-8"?>
<!-- Generated by org.testng.reporters.JUnitReportReporter -->
<testsuite hostname="LAPTOP-1F0JMU93" name="AccountFunding.C24057_VerifyClubFunding" tests="1" failures="0" timestamp="13 Mar 2020 18:58:11 GMT" time="117.213" errors="0">
  <testcase name="C24057_VerifyClubFunding" time="117.213" classname="AccountFunding.C24057_VerifyClubFunding"/>
</testsuite> <!-- AccountFunding.C24057_VerifyClubFunding -->
