<?xml version="1.0" encoding="UTF-8"?>
<!-- Generated by org.testng.reporters.JUnitReportReporter -->
<testsuite hostname="LAPTOP-1F0JMU93" name="AccountFunding.C24056_VerifyMoneyMarketFunding" tests="1" failures="0" timestamp="13 Mar 2020 18:49:52 GMT" time="80.431" errors="0">
  <testcase name="C24056_VerifyMoneyMarketFunding" time="80.431" classname="AccountFunding.C24056_VerifyMoneyMarketFunding"/>
</testsuite> <!-- AccountFunding.C24056_VerifyMoneyMarketFunding -->
