<?xml version="1.0" encoding="UTF-8"?>
<!-- Generated by org.testng.reporters.JUnitReportReporter -->
<testsuite hostname="abrown-813SZW1" name="com.testcases.C24105_VerifyCreditCardSelection" tests="1" failures="0" timestamp="12 Sep 2019 20:49:39 GMT" time="28.408" errors="0">
  <testcase name="C24105_VerifyCreditCardSelection" time="28.408" classname="com.testcases.C24105_VerifyCreditCardSelection"/>
</testsuite> <!-- com.testcases.C24105_VerifyCreditCardSelection -->
