<?xml version="1.0" encoding="UTF-8"?>
<!-- Generated by org.testng.reporters.JUnitReportReporter -->
<testsuite hostname="abrown-813SZW1" name="com.testcases.C24154_VerifyCCMinMax" tests="1" failures="0" timestamp="27 Sep 2019 14:10:50 GMT" time="14.902" errors="0">
  <testcase name="C24154_VerifyCCMinMax" time="14.902" classname="com.testcases.C24154_VerifyCCMinMax"/>
</testsuite> <!-- com.testcases.C24154_VerifyCCMinMax -->
