<?xml version="1.0" encoding="UTF-8"?>
<!-- Generated by org.testng.reporters.JUnitReportReporter -->
<testsuite hostname="abrown-813SZW1" name="com.testcases.C24029_VerifyIdentityQuestions" tests="1" failures="0" timestamp="9 Dec 2019 14:58:50 GMT" time="26.455" errors="0">
  <testcase name="C24029_VerifyIdentityQuestions" time="26.455" classname="com.testcases.C24029_VerifyIdentityQuestions"/>
</testsuite> <!-- com.testcases.C24029_VerifyIdentityQuestions -->
