<?xml version="1.0" encoding="UTF-8"?>
<!-- Generated by org.testng.reporters.JUnitReportReporter -->
<testsuite hostname="abrown-813SZW1" name="com.testcases.C24071_VerifyInvalidMemberInput" tests="1" failures="0" timestamp="4 Dec 2019 14:32:25 GMT" time="24.165" errors="0">
  <testcase name="C24071_VerifyInvalidMemberInput" time="24.165" classname="com.testcases.C24071_VerifyInvalidMemberInput"/>
</testsuite> <!-- com.testcases.C24071_VerifyInvalidMemberInput -->
