<?xml version="1.0" encoding="UTF-8"?>
<!-- Generated by org.testng.reporters.JUnitReportReporter -->
<testsuite hostname="abrown-813SZW1" name="com.testcases.C24155_VerifyVehicleLoanInfo" tests="1" failures="0" timestamp="27 Sep 2019 18:15:34 GMT" time="17.249" errors="0">
  <testcase name="C24155_VerifyVehicleLoanInfo" time="17.249" classname="com.testcases.C24155_VerifyVehicleLoanInfo"/>
</testsuite> <!-- com.testcases.C24155_VerifyVehicleLoanInfo -->
