<?xml version="1.0" encoding="UTF-8"?>
<!-- Generated by org.testng.reporters.JUnitReportReporter -->
<testsuite hostname="abrown-813SZW1" name="com.testcases.C24207_VerifyPreviousEmployerField" tests="1" failures="0" timestamp="4 Dec 2019 13:47:39 GMT" time="35.121" errors="0">
  <testcase name="C24207_VerifyPreviousEmployerField" time="35.121" classname="com.testcases.C24207_VerifyPreviousEmployerField"/>
</testsuite> <!-- com.testcases.C24207_VerifyPreviousEmployerField -->
