<?xml version="1.0" encoding="UTF-8"?>
<!-- Generated by org.testng.reporters.JUnitReportReporter -->
<testsuite hostname="abrown-813SZW1" name="com.testcases.C24176_VerifyValidVehicleInfo" tests="1" failures="0" timestamp="1 Oct 2019 15:17:47 GMT" time="31.211" errors="0">
  <testcase name="C24176_VerifyValidVehicleInfo" time="31.211" classname="com.testcases.C24176_VerifyValidVehicleInfo"/>
</testsuite> <!-- com.testcases.C24176_VerifyValidVehicleInfo -->
