<?xml version="1.0" encoding="UTF-8"?>
<!-- Generated by org.testng.reporters.JUnitReportReporter -->
<testsuite hostname="abrown-813SZW1" name="com.testcases.C24106_VerifyVehicleLoanSelection" tests="1" failures="0" timestamp="3 Dec 2019 16:52:01 GMT" time="186.131" errors="0">
  <testcase name="C24106_VerifyVehicleLoanSelection" time="186.131" classname="com.testcases.C24106_VerifyVehicleLoanSelection"/>
</testsuite> <!-- com.testcases.C24106_VerifyVehicleLoanSelection -->
