<?xml version="1.0" encoding="UTF-8"?>
<!-- Generated by org.testng.reporters.JUnitReportReporter -->
<testsuite hostname="LAPTOP-1F0JMU93" name="ConfirmAccounts.C28365_VerifyLanguageOnAconfirmAccountSelectionPage" tests="1" failures="0" timestamp="9 Mar 2020 19:29:32 GMT" time="93.822" errors="0">
  <testcase name="C28365_VerifyLanguageOnAconfirmAccountSelectionPage" time="93.822" classname="ConfirmAccounts.C28365_VerifyLanguageOnAconfirmAccountSelectionPage"/>
</testsuite> <!-- ConfirmAccounts.C28365_VerifyLanguageOnAconfirmAccountSelectionPage -->
