<?xml version="1.0" encoding="UTF-8"?>
<!-- Generated by org.testng.reporters.JUnitReportReporter -->
<testsuite hostname="LAPTOP-1F0JMU93" name="MemberVerification.C28375_UserwouldLikeToEnterOTP" tests="1" failures="0" timestamp="10 Mar 2020 19:25:27 GMT" time="76.705" errors="0">
  <testcase name="C28375_UserwouldLikeToEnterOTP" time="76.705" classname="MemberVerification.C28375_UserwouldLikeToEnterOTP"/>
</testsuite> <!-- MemberVerification.C28375_UserwouldLikeToEnterOTP -->
