<?xml version="1.0" encoding="UTF-8"?>
<!-- Generated by org.testng.reporters.JUnitReportReporter -->
<testsuite hostname="abrown-813SZW1" name="com.testcases.C24158_VerifyVehicleLoanReqFields" tests="1" failures="0" timestamp="27 Sep 2019 19:38:11 GMT" time="25.447" errors="0">
  <testcase name="C24158_VerifyVehicleLoanReqFields" time="25.447" classname="com.testcases.C24158_VerifyVehicleLoanReqFields"/>
</testsuite> <!-- com.testcases.C24158_VerifyVehicleLoanReqFields -->
