<?xml version="1.0" encoding="UTF-8"?>
<!-- Generated by org.testng.reporters.JUnitReportReporter -->
<testsuite hostname="LAPTOP-1F0JMU93" name="MemberVerification.C28371_ValidateDeliveryMethodForOneTimePassWord" tests="1" failures="0" timestamp="18 Feb 2020 19:16:27 GMT" time="19.194" errors="0">
  <testcase name="C28371_ValidateDeliveryMethodForOneTimePassWord" time="19.194" classname="MemberVerification.C28371_ValidateDeliveryMethodForOneTimePassWord"/>
</testsuite> <!-- MemberVerification.C28371_ValidateDeliveryMethodForOneTimePassWord -->
