<?xml version="1.0" encoding="UTF-8"?>
<!-- Generated by org.testng.reporters.JUnitReportReporter -->
<testsuite hostname="abrown-813SZW1" name="com.testcases.C24025_VerifyAddAccountSelection" tests="1" failures="0" timestamp="4 Dec 2019 15:32:16 GMT" time="49.085" errors="0">
  <testcase name="C24025_VerifyAddAccountSelection" time="49.085" classname="com.testcases.C24025_VerifyAddAccountSelection"/>
</testsuite> <!-- com.testcases.C24025_VerifyAddAccountSelection -->
