<?xml version="1.0" encoding="UTF-8"?>
<!-- Generated by org.testng.reporters.JUnitReportReporter -->
<testsuite hostname="abrown-813SZW1" name="com.testcases.C24188_VerifyPersonalInfo" tests="1" failures="0" timestamp="4 Dec 2019 13:58:07 GMT" time="25.177" errors="0">
  <testcase name="C24188_VerifyPersonalInfo" time="25.177" classname="com.testcases.C24188_VerifyPersonalInfo"/>
</testsuite> <!-- com.testcases.C24188_VerifyPersonalInfo -->
