<?xml version="1.0" encoding="UTF-8"?>
<!-- Generated by org.testng.reporters.JUnitReportReporter -->
<testsuite hostname="abrown-813SZW1" name="com.testcases.C24026_VerifyRemoveAccountSelection" tests="1" failures="0" timestamp="7 Oct 2019 15:13:53 GMT" time="61.026" errors="0">
  <testcase name="C24026_VerifyRemoveAccountSelection" time="61.026" classname="com.testcases.C24026_VerifyRemoveAccountSelection"/>
</testsuite> <!-- com.testcases.C24026_VerifyRemoveAccountSelection -->
