<?xml version="1.0" encoding="UTF-8"?>
<!-- Generated by org.testng.reporters.JUnitReportReporter -->
<testsuite hostname="abrown-813SZW1" name="com.testcases.C24155_VerifyVehicleLoanInfo" tests="1" failures="0" timestamp="3 Dec 2019 20:21:44 GMT" time="16.929" errors="0">
  <testcase name="C24155_VerifyVehicleLoanInfo" time="16.929" classname="com.testcases.C24155_VerifyVehicleLoanInfo"/>
</testsuite> <!-- com.testcases.C24155_VerifyVehicleLoanInfo -->
