<?xml version="1.0" encoding="UTF-8"?>
<!-- Generated by org.testng.reporters.JUnitReportReporter -->
<testsuite hostname="abrown-813SZW1" name="com.testcases.VerifyProductSelectionInfo" tests="1" failures="0" timestamp="12 Sep 2019 13:10:09 GMT" time="6.252" errors="0">
  <testcase name="C23835_VerifyProductSelectionInfo" time="6.252" classname="com.testcases.VerifyProductSelectionInfo"/>
</testsuite> <!-- com.testcases.VerifyProductSelectionInfo -->
