<?xml version="1.0" encoding="UTF-8"?>
<!-- Generated by org.testng.reporters.JUnitReportReporter -->
<testsuite hostname="LAPTOP-1F0JMU93" name="MemberVerification.C28372_UserwouldLikeToRecieveOTPViaEmail" tests="1" failures="0" timestamp="10 Mar 2020 19:09:59 GMT" time="61.419" errors="0">
  <testcase name="C28372_UserwouldLikeToRecieveOTPViaEmail" time="61.419" classname="MemberVerification.C28372_UserwouldLikeToRecieveOTPViaEmail"/>
</testsuite> <!-- MemberVerification.C28372_UserwouldLikeToRecieveOTPViaEmail -->
