<?xml version="1.0" encoding="UTF-8"?>
<!-- Generated by org.testng.reporters.JUnitReportReporter -->
<testsuite hostname="abrown-813SZW1" name="com.testcases.C24104_VerifyProductExpandSections" tests="1" failures="0" timestamp="12 Sep 2019 16:22:01 GMT" time="9.853" errors="0">
  <testcase name="C24104_VerifyProductExpandSections" time="9.853" classname="com.testcases.C24104_VerifyProductExpandSections"/>
</testsuite> <!-- com.testcases.C24104_VerifyProductExpandSections -->
