<?xml version="1.0" encoding="UTF-8"?>
<!-- Generated by org.testng.reporters.JUnitReportReporter -->
<testsuite hostname="abrown-813SZW1" name="com.testcases.C24207_VerifyPreviousEmployerField" tests="1" failures="0" timestamp="2 Oct 2019 18:50:30 GMT" time="31.537" errors="0">
  <testcase name="C24207_VerifyPreviousEmployerField" time="31.537" classname="com.testcases.C24207_VerifyPreviousEmployerField"/>
</testsuite> <!-- com.testcases.C24207_VerifyPreviousEmployerField -->
