<?xml version="1.0" encoding="UTF-8"?>
<!-- Generated by org.testng.reporters.JUnitReportReporter -->
<testsuite hostname="abrown-813SZW1" name="com.testcases.C24285_VerifyPersonalInfoRO" tests="1" failures="0" timestamp="4 Dec 2019 14:20:31 GMT" time="17.994" errors="0">
  <testcase name="C24285_VerifyPersonalInfoRO" time="17.994" classname="com.testcases.C24285_VerifyPersonalInfoRO"/>
</testsuite> <!-- com.testcases.C24285_VerifyPersonalInfoRO -->
