<?xml version="1.0" encoding="UTF-8"?>
<!-- Generated by org.testng.reporters.JUnitReportReporter -->
<testsuite hostname="LAPTOP-1F0JMU93" name="MemberVerification.C28370_ValidateSocialSecurityNoAndDOB" tests="1" failures="0" timestamp="20 Mar 2020 18:42:14 GMT" time="14.883" errors="0">
  <testcase name="C28370_ValidateSocialSecurityNoAndDOB" time="14.883" classname="MemberVerification.C28370_ValidateSocialSecurityNoAndDOB"/>
</testsuite> <!-- MemberVerification.C28370_ValidateSocialSecurityNoAndDOB -->
