<?xml version="1.0" encoding="UTF-8"?>
<!-- Generated by org.testng.reporters.JUnitReportReporter -->
<testsuite hostname="LAPTOP-1F0JMU93" name="com.testcases.C24024_VerifyAccountSelections" tests="1" failures="0" timestamp="18 Dec 2019 18:27:21 GMT" time="30.882" errors="0">
  <testcase name="C24024_VerifyAccountSelections" time="30.882" classname="com.testcases.C24024_VerifyAccountSelections"/>
</testsuite> <!-- com.testcases.C24024_VerifyAccountSelections -->
