<?xml version="1.0" encoding="UTF-8"?>
<!-- Generated by org.testng.reporters.JUnitReportReporter -->
<testsuite hostname="abrown-813SZW1" name="com.testcases.C24192_VerifyLivedAtAddressFields" tests="1" failures="0" timestamp="2 Oct 2019 14:42:01 GMT" time="19.452" errors="0">
  <testcase name="C24192_VerifyLivedAtAddressFields" time="19.452" classname="com.testcases.C24192_VerifyLivedAtAddressFields"/>
</testsuite> <!-- com.testcases.C24192_VerifyLivedAtAddressFields -->
