<?xml version="1.0" encoding="UTF-8"?>
<!-- Generated by org.testng.reporters.JUnitReportReporter -->
<testsuite hostname="abrown-813SZW1" name="com.testcases.C24205_VerifyMonthlyIncomeField" tests="1" failures="0" timestamp="2 Oct 2019 15:13:14 GMT" time="54.756" errors="0">
  <testcase name="C24205_VerifyMonthlyIncomeField" time="54.756" classname="com.testcases.C24205_VerifyMonthlyIncomeField"/>
</testsuite> <!-- com.testcases.C24205_VerifyMonthlyIncomeField -->
