<?xml version="1.0" encoding="UTF-8"?>
<!-- Generated by org.testng.reporters.JUnitReportReporter -->
<testsuite hostname="abrown-813SZW1" name="com.testcases.C24103_VerifyProductSelectionInfo" tests="1" failures="0" timestamp="3 Dec 2019 16:41:28 GMT" time="9.025" errors="0">
  <testcase name="C23835_VerifyProductSelectionInfo" time="9.025" classname="com.testcases.C24103_VerifyProductSelectionInfo"/>
</testsuite> <!-- com.testcases.C24103_VerifyProductSelectionInfo -->
