<?xml version="1.0" encoding="UTF-8"?>
<!-- Generated by org.testng.reporters.JUnitReportReporter -->
<testsuite hostname="abrown-813SZW1" name="com.testcases.C24163_VerifyValidPersonalLoanInfo" tests="1" failures="0" timestamp="1 Oct 2019 15:10:46 GMT" time="19.166" errors="0">
  <testcase name="C24163_VerifyValidPersonalLoanInfo" time="19.166" classname="com.testcases.C24163_VerifyValidPersonalLoanInfo"/>
</testsuite> <!-- com.testcases.C24163_VerifyValidPersonalLoanInfo -->
