<?xml version="1.0" encoding="UTF-8"?>
<!-- Generated by org.testng.reporters.JUnitReportReporter -->
<testsuite hostname="abrown-813SZW1" name="com.testcases.C24162_VerifyPersonalLoanMinMax" tests="1" failures="0" timestamp="1 Oct 2019 13:27:12 GMT" time="26.673" errors="0">
  <testcase name="C24162_VerifyPersonalLoanMinMax" time="26.673" classname="com.testcases.C24162_VerifyPersonalLoanMinMax"/>
</testsuite> <!-- com.testcases.C24162_VerifyPersonalLoanMinMax -->
