<?xml version="1.0" encoding="UTF-8"?>
<!-- Generated by org.testng.reporters.JUnitReportReporter -->
<testsuite hostname="LAPTOP-1F0JMU93" name="JointOwnersBeneficiaries.C28344_VerifyThatInformationTabIsHighLightedWhenUserInBeneficiariesPage" tests="1" failures="0" timestamp="5 Mar 2020 18:45:13 GMT" time="81.081" errors="0">
  <testcase name="C28344_VerifyThatInformationTabIsHighLightedWhenUserInBeneficiariesPage" time="81.081" classname="JointOwnersBeneficiaries.C28344_VerifyThatInformationTabIsHighLightedWhenUserInBeneficiariesPage"/>
</testsuite> <!-- JointOwnersBeneficiaries.C28344_VerifyThatInformationTabIsHighLightedWhenUserInBeneficiariesPage -->
