<?xml version="1.0" encoding="UTF-8"?>
<!-- Generated by org.testng.reporters.JUnitReportReporter -->
<testsuite hostname="abrown-813SZW1" name="com.testcases.C24193_VerifyEmpStatusField" tests="1" failures="0" timestamp="3 Dec 2019 21:43:04 GMT" time="23.214" errors="0">
  <testcase name="C24193_VerifyEmpStatusField" time="23.214" classname="com.testcases.C24193_VerifyEmpStatusField"/>
</testsuite> <!-- com.testcases.C24193_VerifyEmpStatusField -->
