<?xml version="1.0" encoding="UTF-8"?>
<!-- Generated by org.testng.reporters.JUnitReportReporter -->
<testsuite hostname="abrown-813SZW1" name="com.testcases.C24194_VerifyEmployerField" tests="1" failures="0" timestamp="2 Oct 2019 16:48:45 GMT" time="22.021" errors="0">
  <testcase name="C24194_VerifyEmployerField" time="22.021" classname="com.testcases.C24194_VerifyEmployerField"/>
</testsuite> <!-- com.testcases.C24194_VerifyEmployerField -->
