<?xml version="1.0" encoding="UTF-8"?>
<!-- Generated by org.testng.reporters.JUnitReportReporter -->
<testsuite hostname="abrown-813SZW1" name="com.testcases.C24160_VerifyPersonalLoanInfo" tests="1" failures="0" timestamp="30 Sep 2019 19:30:34 GMT" time="16.603" errors="0">
  <testcase name="C24160_VerifyPersonalLoanInfo" time="16.603" classname="com.testcases.C24160_VerifyPersonalLoanInfo"/>
</testsuite> <!-- com.testcases.C24160_VerifyPersonalLoanInfo -->
