<?xml version="1.0" encoding="UTF-8"?>
<!-- Generated by org.testng.reporters.JUnitReportReporter -->
<testsuite hostname="abrown-813SZW1" name="com.testcases.C24160_VerifyPersonalLoanInfo" tests="1" failures="0" timestamp="9 Dec 2019 19:54:24 GMT" time="13.245" errors="0">
  <testcase name="C24160_VerifyPersonalLoanInfo" time="13.245" classname="com.testcases.C24160_VerifyPersonalLoanInfo"/>
</testsuite> <!-- com.testcases.C24160_VerifyPersonalLoanInfo -->
