<?xml version="1.0" encoding="UTF-8"?>
<!-- Generated by org.testng.reporters.JUnitReportReporter -->
<testsuite hostname="LAPTOP-1F0JMU93" name="VehicleLoanInfo.C28349_VerifyInformationprogressBarHighlightedOnVehicleInfoPage" tests="1" failures="0" timestamp="11 Feb 2020 18:32:50 GMT" time="13.012" errors="0">
  <testcase name="C28349_VerifyInformationprogressBarHighlightedOnVehicleInfoPage" time="13.012" classname="VehicleLoanInfo.C28349_VerifyInformationprogressBarHighlightedOnVehicleInfoPage"/>
</testsuite> <!-- VehicleLoanInfo.C28349_VerifyInformationprogressBarHighlightedOnVehicleInfoPage -->
