<?xml version="1.0" encoding="UTF-8"?>
<!-- Generated by org.testng.reporters.JUnitReportReporter -->
<testsuite hostname="abrown-813SZW1" name="com.testcases.C24104_VerifyProductExpandSections" tests="1" failures="0" timestamp="3 Dec 2019 16:43:52 GMT" time="8.481" errors="0">
  <testcase name="C24104_VerifyProductExpandSections" time="8.481" classname="com.testcases.C24104_VerifyProductExpandSections"/>
</testsuite> <!-- com.testcases.C24104_VerifyProductExpandSections -->
