<?xml version="1.0" encoding="UTF-8"?>
<!-- Generated by org.testng.reporters.JUnitReportReporter -->
<testsuite hostname="abrown-813SZW1" name="com.testcases.C24161_VerifyPersonalLoanLimit" tests="1" failures="0" timestamp="30 Sep 2019 20:32:54 GMT" time="14.398" errors="0">
  <testcase name="C24161_VerifyPersonalLoanLimit" time="14.398" classname="com.testcases.C24161_VerifyPersonalLoanLimit"/>
</testsuite> <!-- com.testcases.C24161_VerifyPersonalLoanLimit -->
