<?xml version="1.0" encoding="UTF-8"?>
<!-- Generated by org.testng.reporters.JUnitReportReporter -->
<testsuite hostname="abrown-813SZW1" name="com.testcases.C24029_VerifyIdentityQuestions" tests="1" failures="0" timestamp="4 Dec 2019 16:39:29 GMT" time="24.943" errors="0">
  <testcase name="C24029_VerifyIdentityQuestions" time="24.943" classname="com.testcases.C24029_VerifyIdentityQuestions"/>
</testsuite> <!-- com.testcases.C24029_VerifyIdentityQuestions -->
