<?xml version="1.0" encoding="UTF-8"?>
<!-- Generated by org.testng.reporters.JUnitReportReporter -->
<testsuite hostname="LAPTOP-1F0JMU93" name="AccountFunding.C28362_VerifyThatFundingStepIsHighlightedWhenUserOnFundAccountsPage" tests="1" failures="0" timestamp="9 Mar 2020 19:08:26 GMT" time="74.241" errors="0">
  <testcase name="C28362_VerifyThatFundingStepIsHighlightedWhenUserOnFundAccountsPage" time="74.241" classname="AccountFunding.C28362_VerifyThatFundingStepIsHighlightedWhenUserOnFundAccountsPage"/>
</testsuite> <!-- AccountFunding.C28362_VerifyThatFundingStepIsHighlightedWhenUserOnFundAccountsPage -->
