<?xml version="1.0" encoding="UTF-8"?>
<!-- Generated by org.testng.reporters.JUnitReportReporter -->
<testsuite hostname="LAPTOP-1F0JMU93" name="ConfirmAccounts.C28354_VerifyThatVerificationStepIsHighlightedWhenUserIsOnAccountSummaryPage" tests="1" failures="0" timestamp="4 Mar 2020 19:17:46 GMT" time="59.697" errors="0">
  <testcase name="C28354_VerifyThatVerificationStepIsHighlightedWhenUserIsOnAccountSummaryPage" time="59.697" classname="ConfirmAccounts.C28354_VerifyThatVerificationStepIsHighlightedWhenUserIsOnAccountSummaryPage"/>
</testsuite> <!-- ConfirmAccounts.C28354_VerifyThatVerificationStepIsHighlightedWhenUserIsOnAccountSummaryPage -->
