<?xml version="1.0" encoding="UTF-8"?>
<!-- Generated by org.testng.reporters.JUnitReportReporter -->
<testsuite hostname="LAPTOP-1F0JMU93" name="MemberVerification.C28338_UpdateTheDesignOfTheMemberVerificationScreen" tests="1" failures="0" timestamp="18 Feb 2020 19:07:22 GMT" time="16.106" errors="0">
  <testcase name="C28338_UpdateTheDesignOfTheMemberVerificationScreen" time="16.106" classname="MemberVerification.C28338_UpdateTheDesignOfTheMemberVerificationScreen"/>
</testsuite> <!-- MemberVerification.C28338_UpdateTheDesignOfTheMemberVerificationScreen -->
