<?xml version="1.0" encoding="UTF-8"?>
<!-- Generated by org.testng.reporters.JUnitReportReporter -->
<testsuite hostname="LAPTOP-1F0JMU93" name="AccountFunding.C28367_VerifyThankYouPageProvidingClearInstructions" tests="1" failures="0" timestamp="9 Mar 2020 20:02:36 GMT" time="90.913" errors="0">
  <testcase name="C28367_VerifyThankYouPageProvidingClearInstructions" time="90.913" classname="AccountFunding.C28367_VerifyThankYouPageProvidingClearInstructions"/>
</testsuite> <!-- AccountFunding.C28367_VerifyThankYouPageProvidingClearInstructions -->
