<?xml version="1.0" encoding="UTF-8"?>
<!-- Generated by org.testng.reporters.JUnitReportReporter -->
<testsuite hostname="abrown-813SZW1" name="com.testcases.C24189_VerifyAdditionalLoanInfo" tests="1" failures="0" timestamp="3 Dec 2019 21:32:59 GMT" time="25.073" errors="0">
  <testcase name="C24189_VerifyAdditionalLoanInfo" time="25.073" classname="com.testcases.C24189_VerifyAdditionalLoanInfo"/>
</testsuite> <!-- com.testcases.C24189_VerifyAdditionalLoanInfo -->
