<?xml version="1.0" encoding="UTF-8"?>
<!-- Generated by org.testng.reporters.JUnitReportReporter -->
<testsuite hostname="abrown-813SZW1" name="com.testcases.C24267_VerifyAgreementsandDisclosures" tests="1" failures="0" timestamp="8 Oct 2019 16:28:36 GMT" time="34.063" errors="0">
  <testcase name="C24267_VerifyAgreementsandDisclosures" time="34.063" classname="com.testcases.C24267_VerifyAgreementsandDisclosures"/>
</testsuite> <!-- com.testcases.C24267_VerifyAgreementsandDisclosures -->
