<?xml version="1.0" encoding="UTF-8"?>
<!-- Generated by org.testng.reporters.JUnitReportReporter -->
<testsuite hostname="abrown-813SZW1" name="com.testcases.C24261_VerifyEDocsConsentLink" tests="1" failures="0" timestamp="4 Dec 2019 14:35:10 GMT" time="24.054" errors="0">
  <testcase name="C24261_VerifyEDocsConsentLink" time="24.054" classname="com.testcases.C24261_VerifyEDocsConsentLink"/>
</testsuite> <!-- com.testcases.C24261_VerifyEDocsConsentLink -->
