<?xml version="1.0" encoding="UTF-8"?>
<!-- Generated by org.testng.reporters.JUnitReportReporter -->
<testsuite hostname="abrown-813SZW1" name="com.testcases.C24209_VerifyLengthofPrevEmpFields" tests="1" failures="0" timestamp="2 Oct 2019 20:10:13 GMT" time="18.137" errors="0">
  <testcase name="C24209_VerifyLengthofPrevEmpFields" time="18.137" classname="com.testcases.C24209_VerifyLengthofPrevEmpFields"/>
</testsuite> <!-- com.testcases.C24209_VerifyLengthofPrevEmpFields -->
