<?xml version="1.0" encoding="UTF-8"?>
<!-- Generated by org.testng.reporters.JUnitReportReporter -->
<testsuite hostname="abrown-813SZW1" name="com.testcases.C24026_VerifyRemoveAccountSelection" tests="1" failures="0" timestamp="4 Dec 2019 15:51:11 GMT" time="29.280" errors="0">
  <testcase name="C24026_VerifyRemoveAccountSelection" time="29.280" classname="com.testcases.C24026_VerifyRemoveAccountSelection"/>
</testsuite> <!-- com.testcases.C24026_VerifyRemoveAccountSelection -->
