<?xml version="1.0" encoding="UTF-8"?>
<!-- Generated by org.testng.reporters.JUnitReportReporter -->
<testsuite hostname="LAPTOP-1F0JMU93" name="JointOwnersBeneficiaries.C28338_VerifyThatInformationTabIsHighLightedWhenUserInJointOwnerPage" tests="1" failures="0" timestamp="2 Mar 2020 19:18:50 GMT" time="57.751" errors="0">
  <testcase name="C28338_VerifyThatInformationTabIsHighLightedWhenUserInJointOwnerPage" time="57.751" classname="JointOwnersBeneficiaries.C28338_VerifyThatInformationTabIsHighLightedWhenUserInJointOwnerPage"/>
</testsuite> <!-- JointOwnersBeneficiaries.C28338_VerifyThatInformationTabIsHighLightedWhenUserInJointOwnerPage -->
