<?xml version="1.0" encoding="UTF-8"?>
<!-- Generated by org.testng.reporters.JUnitReportReporter -->
<testsuite hostname="abrown-813SZW1" name="com.testcases.C24206_VerifyLengthofEmploymentFields" tests="1" failures="0" timestamp="3 Dec 2019 22:00:14 GMT" time="24.408" errors="0">
  <testcase name="C24206_VerifyLengthofEmploymentFields" time="24.408" classname="com.testcases.C24206_VerifyLengthofEmploymentFields"/>
</testsuite> <!-- com.testcases.C24206_VerifyLengthofEmploymentFields -->
