<?xml version="1.0" encoding="UTF-8"?>
<!-- Generated by org.testng.reporters.JUnitReportReporter -->
<testsuite hostname="abrown-813SZW1" name="com.testcases.C24288_VerifyIdentificationInfo" tests="1" failures="0" timestamp="4 Dec 2019 13:55:40 GMT" time="32.610" errors="0">
  <testcase name="C24288_VerifyIdentificationInfo" time="32.610" classname="com.testcases.C24288_VerifyIdentificationInfo"/>
</testsuite> <!-- com.testcases.C24288_VerifyIdentificationInfo -->
