<?xml version="1.0" encoding="UTF-8"?>
<!-- Generated by org.testng.reporters.JUnitReportReporter -->
<testsuite hostname="abrown-813SZW1" name="com.testcases.C24024_VerifyAccountSelections" tests="1" failures="0" timestamp="4 Dec 2019 15:29:52 GMT" time="24.777" errors="0">
  <testcase name="C24024_VerifyAccountSelections" time="24.777" classname="com.testcases.C24024_VerifyAccountSelections"/>
</testsuite> <!-- com.testcases.C24024_VerifyAccountSelections -->
