<?xml version="1.0" encoding="UTF-8"?>
<!-- Generated by org.testng.reporters.JUnitReportReporter -->
<testsuite hostname="abrown-813SZW1" name="com.testcases.C24314_VerifyCheckingAccountSelection1" tests="1" failures="0" timestamp="3 Dec 2019 19:27:52 GMT" time="35.151" errors="0">
  <testcase name="C24314_VerifyCheckingAccountSelection1" time="35.151" classname="com.testcases.C24314_VerifyCheckingAccountSelection1"/>
</testsuite> <!-- com.testcases.C24314_VerifyCheckingAccountSelection1 -->
