<?xml version="1.0" encoding="UTF-8"?>
<!-- Generated by org.testng.reporters.JUnitReportReporter -->
<testsuite hostname="LAPTOP-1F0JMU93" name="CreditCardInfo.C28346_VerifyInformationProgressBarHighLightedOnceInCreditCardInfoScreen" tests="1" failures="0" timestamp="11 Feb 2020 18:18:44 GMT" time="9.601" errors="0">
  <testcase name="C28346_VerifyInformationProgressBarHighLightedOnceInCreditCardInfoScreen" time="9.601" classname="CreditCardInfo.C28346_VerifyInformationProgressBarHighLightedOnceInCreditCardInfoScreen"/>
</testsuite> <!-- CreditCardInfo.C28346_VerifyInformationProgressBarHighLightedOnceInCreditCardInfoScreen -->
