<?xml version="1.0" encoding="UTF-8"?>
<!-- Generated by org.testng.reporters.JUnitReportReporter -->
<testsuite hostname="abrown-813SZW1" name="com.testcases.C24191_VerifyHousingPaymentField" tests="1" failures="0" timestamp="3 Dec 2019 21:38:11 GMT" time="24.388" errors="0">
  <testcase name="C24191_VerifyHousingPaymentField" time="24.388" classname="com.testcases.C24191_VerifyHousingPaymentField"/>
</testsuite> <!-- com.testcases.C24191_VerifyHousingPaymentField -->
