<?xml version="1.0" encoding="UTF-8"?>
<!-- Generated by org.testng.reporters.JUnitReportReporter -->
<testsuite hostname="abrown-813SZW1" name="com.testcases.C24109_VerifyCheckingMMSelection" tests="1" failures="0" timestamp="19 Sep 2019 16:30:38 GMT" time="20.387" errors="0">
  <testcase name="C24109_VerifyCheckingMMSelection" time="20.387" classname="com.testcases.C24109_VerifyCheckingMMSelection"/>
</testsuite> <!-- com.testcases.C24109_VerifyCheckingMMSelection -->
