<?xml version="1.0" encoding="UTF-8"?>
<!-- Generated by org.testng.reporters.JUnitReportReporter -->
<testsuite hostname="LAPTOP-1F0JMU93" name="AgreementsDisclosures.C28358_VerifyThatDisclousersStepIsHighlightedWhenUserOnDisclouserPage" tests="1" failures="0" timestamp="6 Mar 2020 18:48:20 GMT" time="63.342" errors="0">
  <testcase name="C28358_VerifyThatDisclousersStepIsHighlightedWhenUserOnDisclouserPage" time="63.342" classname="AgreementsDisclosures.C28358_VerifyThatDisclousersStepIsHighlightedWhenUserOnDisclouserPage"/>
</testsuite> <!-- AgreementsDisclosures.C28358_VerifyThatDisclousersStepIsHighlightedWhenUserOnDisclouserPage -->
