<?xml version="1.0" encoding="UTF-8"?>
<!-- Generated by org.testng.reporters.JUnitReportReporter -->
<testsuite hostname="abrown-813SZW1" name="com.testcases.C24314_VerifyCheckingAccountSelection1" tests="1" failures="0" timestamp="25 Sep 2019 15:37:18 GMT" time="49.021" errors="0">
  <testcase name="C24314_VerifyCheckingAccountSelection1" time="49.021" classname="com.testcases.C24314_VerifyCheckingAccountSelection1"/>
</testsuite> <!-- com.testcases.C24314_VerifyCheckingAccountSelection1 -->
