<?xml version="1.0" encoding="UTF-8"?>
<!-- Generated by org.testng.reporters.JUnitReportReporter -->
<testsuite hostname="LAPTOP-1F0JMU93" name="MemberVerification.C28336_VerifyInformationProgressBarHighlightedOnMemberVerificationPage" tests="1" failures="0" timestamp="10 Feb 2020 18:31:15 GMT" time="11.802" errors="0">
  <testcase name="C28336_VerifyInformationProgressBarHighlightedOnMemberVerificationPage" time="11.802" classname="MemberVerification.C28336_VerifyInformationProgressBarHighlightedOnMemberVerificationPage"/>
</testsuite> <!-- MemberVerification.C28336_VerifyInformationProgressBarHighlightedOnMemberVerificationPage -->
