<?xml version="1.0" encoding="UTF-8"?>
<!-- Generated by org.testng.reporters.JUnitReportReporter -->
<testsuite hostname="LAPTOP-1F0JMU93" name="ApplicantInfo.C28337_VerifyInformationProgressBarHighlightedOnExistingApplicantPage" tests="1" failures="0" timestamp="2 Mar 2020 18:54:37 GMT" time="65.152" errors="0">
  <testcase name="C28337_VerifyInformationProgressBarHighlightedOnExistingApplicantPage" time="65.152" classname="ApplicantInfo.C28337_VerifyInformationProgressBarHighlightedOnExistingApplicantPage"/>
</testsuite> <!-- ApplicantInfo.C28337_VerifyInformationProgressBarHighlightedOnExistingApplicantPage -->
