<?xml version="1.0" encoding="UTF-8"?>
<!-- Generated by org.testng.reporters.JUnitReportReporter -->
<testsuite hostname="abrown-813SZW1" name="com.testcases.C24194_VerifyEmployerField" tests="1" failures="0" timestamp="4 Dec 2019 13:44:49 GMT" time="33.177" errors="0">
  <testcase name="C24194_VerifyEmployerField" time="33.177" classname="com.testcases.C24194_VerifyEmployerField"/>
</testsuite> <!-- com.testcases.C24194_VerifyEmployerField -->
