<?xml version="1.0" encoding="UTF-8"?>
<!-- Generated by org.testng.reporters.JUnitReportReporter -->
<testsuite hostname="abrown-813SZW1" name="com.testcases.C24158_VerifyVehicleLoanReqFields" tests="1" failures="0" timestamp="3 Dec 2019 20:54:52 GMT" time="25.883" errors="0">
  <testcase name="C24158_VerifyVehicleLoanReqFields" time="25.883" classname="com.testcases.C24158_VerifyVehicleLoanReqFields"/>
</testsuite> <!-- com.testcases.C24158_VerifyVehicleLoanReqFields -->
