<?xml version="1.0" encoding="UTF-8"?>
<!-- Generated by org.testng.reporters.JUnitReportReporter -->
<testsuite hostname="abrown-813SZW1" name="com.testcases.C24103_VerifyProductSelectionInfo" tests="1" failures="0" timestamp="26 Sep 2019 16:01:17 GMT" time="6.111" errors="0">
  <testcase name="C23835_VerifyProductSelectionInfo" time="6.111" classname="com.testcases.C24103_VerifyProductSelectionInfo"/>
</testsuite> <!-- com.testcases.C24103_VerifyProductSelectionInfo -->
