<?xml version="1.0" encoding="UTF-8"?>
<!-- Generated by org.testng.reporters.JUnitReportReporter -->
<testsuite hostname="abrown-813SZW1" name="com.testcases.C24028_VerifyConfirmAccounts" tests="1" failures="0" timestamp="4 Dec 2019 16:36:57 GMT" time="39.060" errors="0">
  <testcase name="C24028_VerifyConfirmAccounts" time="39.060" classname="com.testcases.C24028_VerifyConfirmAccounts"/>
</testsuite> <!-- com.testcases.C24028_VerifyConfirmAccounts -->
