<?xml version="1.0" encoding="UTF-8"?>
<!-- Generated by org.testng.reporters.JUnitReportReporter -->
<testsuite hostname="abrown-813SZW1" name="com.testcases.C24153_VerifyCreditCardLimit" tests="1" failures="0" timestamp="26 Sep 2019 19:12:47 GMT" time="16.006" errors="0">
  <testcase name="C24153_VerifyCreditCardLimit" time="16.006" classname="com.testcases.C24153_VerifyCreditCardLimit"/>
</testsuite> <!-- com.testcases.C24153_VerifyCreditCardLimit -->
