<?xml version="1.0" encoding="UTF-8"?>
<!-- Generated by org.testng.reporters.JUnitReportReporter -->
<testsuite hostname="abrown-813SZW1" name="com.testcases.C24313_VerifyCheckingOptions" tests="1" failures="0" timestamp="27 Sep 2019 15:44:47 GMT" time="5.516" errors="0">
  <testcase name="C24313_VerifyCheckingOptions" time="5.516" classname="com.testcases.C24313_VerifyCheckingOptions"/>
</testsuite> <!-- com.testcases.C24313_VerifyCheckingOptions -->
