<?xml version="1.0" encoding="UTF-8"?>
<!-- Generated by org.testng.reporters.JUnitReportReporter -->
<testsuite hostname="LAPTOP-1F0JMU93" name="AgreementsDisclosures.C28360_VerifyThatDisclouserStepIsHighlightedWhenUserOnDeclineDisclouserPage" tests="1" failures="0" timestamp="6 Mar 2020 19:01:00 GMT" time="68.305" errors="0">
  <testcase name="C28360_VerifyThatDisclouserStepIsHighlightedWhenUserOnDeclineDisclouserPage" time="68.305" classname="AgreementsDisclosures.C28360_VerifyThatDisclouserStepIsHighlightedWhenUserOnDeclineDisclouserPage"/>
</testsuite> <!-- AgreementsDisclosures.C28360_VerifyThatDisclouserStepIsHighlightedWhenUserOnDeclineDisclouserPage -->
