<?xml version="1.0" encoding="UTF-8"?>
<!-- Generated by org.testng.reporters.JUnitReportReporter -->
<testsuite hostname="abrown-813SZW1" name="com.testcases.C24192_VerifyLivedAtAddressFields" tests="1" failures="0" timestamp="3 Dec 2019 21:40:39 GMT" time="18.116" errors="0">
  <testcase name="C24192_VerifyLivedAtAddressFields" time="18.116" classname="com.testcases.C24192_VerifyLivedAtAddressFields"/>
</testsuite> <!-- com.testcases.C24192_VerifyLivedAtAddressFields -->
