<?xml version="1.0" encoding="UTF-8"?>
<!-- Generated by org.testng.reporters.JUnitReportReporter -->
<testsuite hostname="abrown-813SZW1" name="com.testcases.C24205_VerifyMonthlyIncomeField" tests="1" failures="0" timestamp="3 Dec 2019 21:45:14 GMT" time="22.341" errors="0">
  <testcase name="C24205_VerifyMonthlyIncomeField" time="22.341" classname="com.testcases.C24205_VerifyMonthlyIncomeField"/>
</testsuite> <!-- com.testcases.C24205_VerifyMonthlyIncomeField -->
