<?xml version="1.0" encoding="UTF-8"?>
<!-- Generated by org.testng.reporters.JUnitReportReporter -->
<testsuite hostname="abrown-813SZW1" name="com.testcases.C24150_VerifyCreditCardInfo" tests="1" failures="0" timestamp="27 Sep 2019 18:16:21 GMT" time="13.380" errors="0">
  <testcase name="C24150_VerifyCreditCardInfo" time="13.380" classname="com.testcases.C24150_VerifyCreditCardInfo"/>
</testsuite> <!-- com.testcases.C24150_VerifyCreditCardInfo -->
