<?xml version="1.0" encoding="UTF-8"?>
<!-- Generated by org.testng.reporters.JUnitReportReporter -->
<testsuite hostname="abrown-813SZW1" name="com.testcases.C24268_VerifyDeclineDisclosures" tests="1" failures="0" timestamp="4 Dec 2019 16:34:00 GMT" time="34.232" errors="0">
  <testcase name="C24268_VerifyDeclineDisclosures" time="34.232" classname="com.testcases.C24268_VerifyDeclineDisclosures"/>
</testsuite> <!-- com.testcases.C24268_VerifyDeclineDisclosures -->
