<?xml version="1.0" encoding="UTF-8"?>
<!-- Generated by org.testng.reporters.JUnitReportReporter -->
<testsuite hostname="abrown-813SZW1" name="com.testcases.C24193_VerifyEmpStatusField" tests="1" failures="0" timestamp="2 Oct 2019 14:44:16 GMT" time="17.139" errors="0">
  <testcase name="C24193_VerifyEmpStatusField" time="17.139" classname="com.testcases.C24193_VerifyEmpStatusField"/>
</testsuite> <!-- com.testcases.C24193_VerifyEmpStatusField -->
