<?xml version="1.0" encoding="UTF-8"?>
<!-- Generated by org.testng.reporters.JUnitReportReporter -->
<testsuite hostname="abrown-813SZW1" name="com.testcases.C24267_VerifyAgreementsandDisclosures" tests="1" failures="0" timestamp="9 Dec 2019 15:04:19 GMT" time="32.446" errors="0">
  <testcase name="C24267_VerifyAgreementsandDisclosures" time="32.446" classname="com.testcases.C24267_VerifyAgreementsandDisclosures"/>
</testsuite> <!-- com.testcases.C24267_VerifyAgreementsandDisclosures -->
