<?xml version="1.0" encoding="UTF-8"?>
<!-- Generated by org.testng.reporters.JUnitReportReporter -->
<testsuite hostname="abrown-813SZW1" name="com.testcases.C24309_VerifyMoneyMarketSelection" tests="1" failures="0" timestamp="26 Sep 2019 13:49:20 GMT" time="53.985" errors="0">
  <testcase name="C24309_VerifyMoneyMarketSelection" time="53.985" classname="com.testcases.C24309_VerifyMoneyMarketSelection"/>
</testsuite> <!-- com.testcases.C24309_VerifyMoneyMarketSelection -->
