<?xml version="1.0" encoding="UTF-8"?>
<!-- Generated by org.testng.reporters.JUnitReportReporter -->
<testsuite hostname="LAPTOP-1F0JMU93" name="PersonalLoanInfo.C238348_VerifyInformationProgressBarHighlightedUnderPersonalLoanSection" tests="1" failures="0" timestamp="11 Feb 2020 18:27:13 GMT" time="10.297" errors="0">
  <testcase name="C238348_VerifyInformationProgressBarHighlightedUnderPersonalLoanSection" time="10.297" classname="PersonalLoanInfo.C238348_VerifyInformationProgressBarHighlightedUnderPersonalLoanSection"/>
</testsuite> <!-- PersonalLoanInfo.C238348_VerifyInformationProgressBarHighlightedUnderPersonalLoanSection -->
