<?xml version="1.0" encoding="UTF-8"?>
<!-- Generated by org.testng.reporters.JUnitReportReporter -->
<testsuite hostname="abrown-813SZW1" name="com.testcases.C24285_VerifyPersonalInfoRO" tests="1" failures="0" timestamp="3 Oct 2019 16:58:34 GMT" time="13.739" errors="0">
  <testcase name="C24285_VerifyPersonalInfoRO" time="13.739" classname="com.testcases.C24285_VerifyPersonalInfoRO"/>
</testsuite> <!-- com.testcases.C24285_VerifyPersonalInfoRO -->
