<?xml version="1.0" encoding="UTF-8"?>
<!-- Generated by org.testng.reporters.JUnitReportReporter -->
<testsuite hostname="abrown-813SZW1" name="com.testcases.C24189_VerifyAdditionalLoanInfo" tests="1" failures="0" timestamp="1 Oct 2019 16:33:19 GMT" time="28.264" errors="0">
  <testcase name="C24189_VerifyAdditionalLoanInfo" time="28.264" classname="com.testcases.C24189_VerifyAdditionalLoanInfo"/>
</testsuite> <!-- com.testcases.C24189_VerifyAdditionalLoanInfo -->
