<?xml version="1.0" encoding="UTF-8"?>
<!-- Generated by org.testng.reporters.JUnitReportReporter -->
<testsuite hostname="abrown-813SZW1" name="com.testcases.C24027_VerifyModifyAccountSelection" tests="1" failures="0" timestamp="9 Dec 2019 16:59:30 GMT" time="31.658" errors="0">
  <testcase name="C24027_VerifyModifyAccountSelection" time="31.658" classname="com.testcases.C24027_VerifyModifyAccountSelection"/>
</testsuite> <!-- com.testcases.C24027_VerifyModifyAccountSelection -->
