<?xml version="1.0" encoding="UTF-8"?>
<!-- Generated by org.testng.reporters.JUnitReportReporter -->
<testsuite hostname="LAPTOP-1F0JMU93" name="JointOwnersBeneficiaries.C28351_VerifyThatInformationTabIsHighLightedWhenUserInConfirmAccountRolesPage" tests="1" failures="0" timestamp="4 Mar 2020 19:08:29 GMT" time="106.163" errors="0">
  <testcase name="C28351_VerifyThatInformationTabIsHighLightedWhenUserInConfirmAccountRolesPage" time="106.163" classname="JointOwnersBeneficiaries.C28351_VerifyThatInformationTabIsHighLightedWhenUserInConfirmAccountRolesPage"/>
</testsuite> <!-- JointOwnersBeneficiaries.C28351_VerifyThatInformationTabIsHighLightedWhenUserInConfirmAccountRolesPage -->
