<?xml version="1.0" encoding="UTF-8"?>
<!-- Generated by org.testng.reporters.JUnitReportReporter -->
<testsuite skipped="0" hostname="LAPTOP-1F0JMU93" name="com.testcases.VerifyMemberAgeUnder18Enroll" tests="1" failures="0" timestamp="16 Jul 2019 17:38:27 GMT" time="7.377" errors="0">
  <testcase name="VerifyMemberAgeUnder18Enroll" time="7.377" classname="com.testcases.VerifyMemberAgeUnder18Enroll"/>
</testsuite> <!-- com.testcases.VerifyMemberAgeUnder18Enroll -->
