<?xml version="1.0" encoding="UTF-8"?>
<!-- Generated by org.testng.reporters.JUnitReportReporter -->
<testsuite skipped="0" hostname="LAPTOP-1F0JMU93" name="com.testcases.VerifyUserEnrollInValidData" tests="1" failures="0" timestamp="17 Jul 2019 13:27:46 GMT" time="5.092" errors="0">
  <testcase name="VerifyUserEnrollInValidData" time="5.092" classname="com.testcases.VerifyUserEnrollInValidData"/>
</testsuite> <!-- com.testcases.VerifyUserEnrollInValidData -->
