<?xml version="1.0" encoding="UTF-8"?>
<!-- Generated by org.testng.reporters.JUnitReportReporter -->
<testsuite skipped="0" hostname="LAPTOP-1F0JMU93" name="com.testcases.VerifyEnrollAgainWithIn10Minutes" tests="1" failures="0" timestamp="16 Jul 2019 16:17:15 GMT" time="5.982" errors="0">
  <testcase name="VerifyEnrollAgainWithIn10Minutes" time="5.982" classname="com.testcases.VerifyEnrollAgainWithIn10Minutes"/>
</testsuite> <!-- com.testcases.VerifyEnrollAgainWithIn10Minutes -->
