<?xml version="1.0" encoding="UTF-8"?>
<!-- Generated by org.testng.reporters.JUnitReportReporter -->
<testsuite skipped="0" hostname="LAPTOP-1F0JMU93" name="com.testcases.VerifyValidationWithTrustAccountEnroll" tests="1" failures="0" timestamp="16 Jul 2019 17:58:07 GMT" time="6.980" errors="0">
  <testcase name="VerifyValidationWithTrustAccountEnroll" time="6.980" classname="com.testcases.VerifyValidationWithTrustAccountEnroll"/>
</testsuite> <!-- com.testcases.VerifyValidationWithTrustAccountEnroll -->
