<?xml version="1.0" encoding="UTF-8"?>
<!-- Generated by org.testng.reporters.JUnitReportReporter -->
<testsuite skipped="0" hostname="LAPTOP-1F0JMU93" name="com.testcases.VerifyChargeOffAccountDisplayed" tests="1" failures="0" timestamp="16 Jul 2019 16:09:39 GMT" time="6.258" errors="0">
  <testcase name="VerifyChargeOffAccountDisplayed" time="6.258" classname="com.testcases.VerifyChargeOffAccountDisplayed"/>
</testsuite> <!-- com.testcases.VerifyChargeOffAccountDisplayed -->
