<?xml version="1.0" encoding="UTF-8"?>
<!-- Generated by org.testng.reporters.JUnitReportReporter -->
<testsuite skipped="0" hostname="LAPTOP-1F0JMU93" name="com.testcases.VerifyUserAlreadyEnrolledInvalidData" tests="1" failures="0" timestamp="16 Jul 2019 17:42:52 GMT" time="7.441" errors="0">
  <testcase name="VerifyUserAlreadyEnrolledInvalidData" time="7.441" classname="com.testcases.VerifyUserAlreadyEnrolledInvalidData"/>
</testsuite> <!-- com.testcases.VerifyUserAlreadyEnrolledInvalidData -->
