<?xml version="1.0" encoding="UTF-8"?>
<!-- Generated by org.testng.reporters.JUnitReportReporter -->
<testsuite skipped="0" hostname="LAPTOP-1F0JMU93" name="com.testcases.VerifyTROAccountDisplayed" tests="1" failures="0" timestamp="12 Jul 2019 16:22:42 GMT" time="6.498" errors="0">
  <testcase name="VerifyTROAccountDisplayed" time="6.498" classname="com.testcases.VerifyTROAccountDisplayed"/>
</testsuite> <!-- com.testcases.VerifyTROAccountDisplayed -->
