<?xml version="1.0" encoding="UTF-8"?>
<!-- Generated by org.testng.reporters.JUnitReportReporter -->
<testsuite skipped="0" hostname="LAPTOP-1F0JMU93" name="com.testcases.VerifyEstateAccountEnrollValidation" tests="1" failures="0" timestamp="16 Jul 2019 17:36:16 GMT" time="7.143" errors="0">
  <testcase name="VerifyEstateAccountEnrollValidation" time="7.143" classname="com.testcases.VerifyEstateAccountEnrollValidation"/>
</testsuite> <!-- com.testcases.VerifyEstateAccountEnrollValidation -->
