<?xml version="1.0" encoding="UTF-8"?>
<!-- Generated by org.testng.reporters.JUnitReportReporter -->
<testsuite skipped="0" hostname="LAPTOP-1F0JMU93" name="AgreementsDisclosures.C28357_VerifyDisclouserStepIsHighLightedWhenUserOnAgreementsAndDisclouserPage" tests="1" failures="0" timestamp="24 Feb 2020 18:37:55 GMT" time="35.108" errors="0">
  <testcase name="C28357_VerifyDisclouserStepIsHighLightedWhenUserOnAgreementsAndDisclouserPage" time="35.108" classname="AgreementsDisclosures.C28357_VerifyDisclouserStepIsHighLightedWhenUserOnAgreementsAndDisclouserPage"/>
</testsuite> <!-- AgreementsDisclosures.C28357_VerifyDisclouserStepIsHighLightedWhenUserOnAgreementsAndDisclouserPage -->
