<?xml version="1.0" encoding="UTF-8"?>
<!-- Generated by org.testng.reporters.JUnitReportReporter -->
<testsuite skipped="0" hostname="LAPTOP-1F0JMU93" name="MembershipEligibility.C28352_VerifyVerificationStepHighlightedWhenOnMemberEligibilityPage" tests="1" failures="0" timestamp="11 Feb 2020 19:26:30 GMT" time="57.922" errors="0">
  <testcase name="C28352_VerifyVerificationStepHighlightedWhenOnMemberEligibilityPage" time="57.922" classname="MembershipEligibility.C28352_VerifyVerificationStepHighlightedWhenOnMemberEligibilityPage"/>
</testsuite> <!-- MembershipEligibility.C28352_VerifyVerificationStepHighlightedWhenOnMemberEligibilityPage -->
