<?xml version="1.0" encoding="UTF-8"?>
<!-- Generated by org.testng.reporters.JUnitReportReporter -->
<testsuite skipped="0" hostname="LAPTOP-1F0JMU93" name="JointOwser_Beneficiaries.C28343_VerifyInformationStepHighlightedWhenUserOnLookupBeneficiariesPage" tests="1" failures="0" timestamp="12 Feb 2020 18:40:41 GMT" time="27.207" errors="0">
  <testcase name="C28343_VerifyInformationStepHighlightedWhenUserOnLookupBeneficiariesPage" time="27.207" classname="JointOwser_Beneficiaries.C28343_VerifyInformationStepHighlightedWhenUserOnLookupBeneficiariesPage"/>
</testsuite> <!-- JointOwser_Beneficiaries.C28343_VerifyInformationStepHighlightedWhenUserOnLookupBeneficiariesPage -->
