<?xml version="1.0" encoding="UTF-8"?>
<!-- Generated by org.testng.reporters.JUnitReportReporter -->
<testsuite skipped="0" hostname="LAPTOP-1F0JMU93" name="ConfirmAccounts.C28364_VerifyTheLanguageOntheConfirmAccountPage" tests="1" failures="0" timestamp="14 Feb 2020 18:43:36 GMT" time="31.615" errors="0">
  <testcase name="C28364_VerifyTheLanguageOntheConfirmAccountPage" time="31.615" classname="ConfirmAccounts.C28364_VerifyTheLanguageOntheConfirmAccountPage"/>
</testsuite> <!-- ConfirmAccounts.C28364_VerifyTheLanguageOntheConfirmAccountPage -->
