<?xml version="1.0" encoding="UTF-8"?>
<!-- Generated by org.testng.reporters.JUnitReportReporter -->
<testsuite skipped="0" hostname="LAPTOP-1F0JMU93" name="ConfirmAccounts.C24228_NonMemberUserCanGetMobileDepositLinkIfOptionSelected" tests="1" failures="0" timestamp="20 Feb 2020 19:06:51 GMT" time="99.023" errors="0">
  <testcase name="C24228_NonMemberUserCanGetMobileDepositLinkIfOptionSelected" time="99.023" classname="ConfirmAccounts.C24228_NonMemberUserCanGetMobileDepositLinkIfOptionSelected"/>
</testsuite> <!-- ConfirmAccounts.C24228_NonMemberUserCanGetMobileDepositLinkIfOptionSelected -->
