<?xml version="1.0" encoding="UTF-8"?>
<!-- Generated by org.testng.reporters.JUnitReportReporter -->
<testsuite skipped="0" hostname="LAPTOP-1F0JMU93" name="AgreementsDisclosures.C24266_VerifyDeclineAgreements" tests="1" failures="0" timestamp="12 Feb 2020 19:24:52 GMT" time="100.643" errors="0">
  <testcase name="C24266_VerifyDeclineAgreements" time="100.643" classname="AgreementsDisclosures.C24266_VerifyDeclineAgreements"/>
</testsuite> <!-- AgreementsDisclosures.C24266_VerifyDeclineAgreements -->
