<?xml version="1.0" encoding="UTF-8"?>
<!-- Generated by org.testng.reporters.JUnitReportReporter -->
<testsuite skipped="0" hostname="sravyakarthik" name="ConfirmAccounts.C23857_NonMemberUserWouldLikeToViewSelectedAccountInfo" tests="1" failures="0" timestamp="21 Feb 2020 19:36:59 GMT" time="77.317" errors="0">
  <testcase name="C23857_NonMemberUserWouldLikeToViewSelectedAccountInfo" time="77.317" classname="ConfirmAccounts.C23857_NonMemberUserWouldLikeToViewSelectedAccountInfo"/>
</testsuite> <!-- ConfirmAccounts.C23857_NonMemberUserWouldLikeToViewSelectedAccountInfo -->
