<?xml version="1.0" encoding="UTF-8"?>
<!-- Generated by org.testng.reporters.JUnitReportReporter -->
<testsuite skipped="0" hostname="LAPTOP-1F0JMU93" name="AgreementsDisclosures.C24290_VerifyCourtesyPayAgreements" tests="1" failures="0" timestamp="12 Feb 2020 19:27:06 GMT" time="24.748" errors="0">
  <testcase name="C24290_VerifyCourtesyPayAgreements" time="24.748" classname="AgreementsDisclosures.C24290_VerifyCourtesyPayAgreements"/>
</testsuite> <!-- AgreementsDisclosures.C24290_VerifyCourtesyPayAgreements -->
