<?xml version="1.0" encoding="UTF-8"?>
<!-- Generated by org.testng.reporters.JUnitReportReporter -->
<testsuite skipped="0" hostname="LAPTOP-1F0JMU93" name="PersonalLoans.C28334_VerifyInformationProgressBarHighlightedForPersonalLoan" tests="1" failures="0" timestamp="10 Feb 2020 17:54:30 GMT" time="38.829" errors="0">
  <testcase name="C28334_VerifyInformationProgressBarHighlightedForPersonalLoan" time="38.829" classname="PersonalLoans.C28334_VerifyInformationProgressBarHighlightedForPersonalLoan"/>
</testsuite> <!-- PersonalLoans.C28334_VerifyInformationProgressBarHighlightedForPersonalLoan -->
