<?xml version="1.0" encoding="UTF-8"?>
<!-- Generated by org.testng.reporters.JUnitReportReporter -->
<testsuite skipped="0" hostname="LAPTOP-1F0JMU93" name="FundingAccounts.C28361_VerifyThatFundingStepIsHighlightedWhenUserOnAccountFundingPage" tests="1" failures="0" timestamp="24 Feb 2020 19:08:15 GMT" time="57.428" errors="0">
  <testcase name="C28361_VerifyThatFundingStepIsHighlightedWhenUserOnAccountFundingPage" time="57.428" classname="FundingAccounts.C28361_VerifyThatFundingStepIsHighlightedWhenUserOnAccountFundingPage"/>
</testsuite> <!-- FundingAccounts.C28361_VerifyThatFundingStepIsHighlightedWhenUserOnAccountFundingPage -->
