<?xml version="1.0" encoding="UTF-8"?>
<!-- Generated by org.testng.reporters.JUnitReportReporter -->
<testsuite skipped="0" hostname="ashish-pc" name="AgreementsDisclosures.C24290_VerifyCourtesyPayAgreements" tests="1" failures="0" timestamp="18 Mar 2020 11:51:41 GMT" time="28.444" errors="0">
  <testcase name="C24290_VerifyCourtesyPayAgreements" time="28.444" classname="AgreementsDisclosures.C24290_VerifyCourtesyPayAgreements"/>
</testsuite> <!-- AgreementsDisclosures.C24290_VerifyCourtesyPayAgreements -->
