<?xml version="1.0" encoding="UTF-8"?>
<!-- Generated by org.testng.reporters.JUnitReportReporter -->
<testsuite skipped="0" hostname="LAPTOP-1F0JMU93" name="AgreementsDisclosures.C24298_VerifySelectOneResidentOption" tests="1" failures="0" timestamp="20 Feb 2020 18:54:34 GMT" time="94.790" errors="0">
  <testcase name="C24298_VerifySelectOneResidentOption" time="94.790" classname="AgreementsDisclosures.C24298_VerifySelectOneResidentOption"/>
</testsuite> <!-- AgreementsDisclosures.C24298_VerifySelectOneResidentOption -->
