<?xml version="1.0" encoding="UTF-8"?>
<!-- Generated by org.testng.reporters.JUnitReportReporter -->
<testsuite skipped="0" hostname="ashish-pc" name="HomePage.C28363_VerifyFAQregradingPromoCode" tests="1" failures="0" timestamp="12 Mar 2020 10:22:22 GMT" time="1.759" errors="0">
  <testcase name="C28363_VerifyFAQregradingPromoCode" time="1.759" classname="HomePage.C28363_VerifyFAQregradingPromoCode"/>
</testsuite> <!-- HomePage.C28363_VerifyFAQregradingPromoCode -->
