<?xml version="1.0" encoding="UTF-8"?>
<!-- Generated by org.testng.reporters.JUnitReportReporter -->
<testsuite skipped="0" hostname="LAPTOP-1F0JMU93" name="ConfirmAccounts.C28328_VerifyThatPromotionalCodeFieldIsAvailableonConfirmAccountSelectionPage" tests="1" failures="0" timestamp="14 Feb 2020 18:30:26 GMT" time="66.423" errors="0">
  <testcase name="C28328_VerifyThatPromotionalCodeFieldIsAvailableonConfirmAccountSelectionPage" time="66.423" classname="ConfirmAccounts.C28328_VerifyThatPromotionalCodeFieldIsAvailableonConfirmAccountSelectionPage"/>
</testsuite> <!-- ConfirmAccounts.C28328_VerifyThatPromotionalCodeFieldIsAvailableonConfirmAccountSelectionPage -->
