<?xml version="1.0" encoding="UTF-8"?>
<!-- Generated by org.testng.reporters.JUnitReportReporter -->
<testsuite skipped="0" hostname="LAPTOP-1F0JMU93" name="JointOwser_Beneficiaries.C28339_VerifyInformationProgressTabHighLightedOnJointOwnerPage" tests="1" failures="0" timestamp="10 Feb 2020 19:09:59 GMT" time="26.424" errors="0">
  <testcase name="C23942_NonMemberUserCanAddOneJointOwnerToTheApplicationForm" time="26.424" classname="JointOwser_Beneficiaries.C28339_VerifyInformationProgressTabHighLightedOnJointOwnerPage"/>
</testsuite> <!-- JointOwser_Beneficiaries.C28339_VerifyInformationProgressTabHighLightedOnJointOwnerPage -->
