<?xml version="1.0" encoding="UTF-8"?>
<!-- Generated by org.testng.reporters.JUnitReportReporter -->
<testsuite skipped="0" hostname="LAPTOP-1F0JMU93" name="ConfirmAccounts.C28355_VerifyDisclouserStepIsHighLightedWhenUserOnIdentityVerification" tests="1" failures="0" timestamp="24 Feb 2020 18:29:12 GMT" time="38.200" errors="0">
  <testcase name="C28355_VerifyDisclouserStepIsHighLightedWhenUserOnIdentityVerification" time="38.200" classname="ConfirmAccounts.C28355_VerifyDisclouserStepIsHighLightedWhenUserOnIdentityVerification"/>
</testsuite> <!-- ConfirmAccounts.C28355_VerifyDisclouserStepIsHighLightedWhenUserOnIdentityVerification -->
