<?xml version="1.0" encoding="UTF-8"?>
<!-- Generated by org.testng.reporters.JUnitReportReporter -->
<testsuite skipped="0" hostname="LAPTOP-1F0JMU93" name="AgreementsDisclosures.C28359_VerifyThatDisclousertabIsHighlightedWhenUserDeclineTheAgreement" tests="1" failures="0" timestamp="24 Feb 2020 18:50:07 GMT" time="42.147" errors="0">
  <testcase name="C28359_VerifyThatDisclousertabIsHighlightedWhenUserDeclineTheAgreement" time="42.147" classname="AgreementsDisclosures.C28359_VerifyThatDisclousertabIsHighlightedWhenUserDeclineTheAgreement"/>
</testsuite> <!-- AgreementsDisclosures.C28359_VerifyThatDisclousertabIsHighlightedWhenUserDeclineTheAgreement -->
