<?xml version="1.0" encoding="UTF-8"?>
<!-- Generated by org.testng.reporters.JUnitReportReporter -->
<testsuite skipped="0" hostname="LAPTOP-1F0JMU93" name="VehicleLoans.C28335_VerifyInformationProgressBarHighlightedForVehicleLoan" tests="1" failures="0" timestamp="10 Feb 2020 18:02:52 GMT" time="18.012" errors="0">
  <testcase name="C28335_VerifyInformationProgressBarHighlightedForVehicleLoan" time="18.012" classname="VehicleLoans.C28335_VerifyInformationProgressBarHighlightedForVehicleLoan"/>
</testsuite> <!-- VehicleLoans.C28335_VerifyInformationProgressBarHighlightedForVehicleLoan -->
