<?xml version="1.0" encoding="UTF-8"?>
<!-- Generated by org.testng.reporters.JUnitReportReporter -->
<testsuite skipped="0" hostname="LAPTOP-1F0JMU93" name="JointOwser_Beneficiaries.C28350_VerifyInformationProgressTabHighLightedOnAccountRolePage" tests="1" failures="0" timestamp="11 Feb 2020 19:12:56 GMT" time="34.863" errors="0">
  <testcase name="C28350_VerifyInformationProgressTabHighLightedOnAccountRolePage" time="34.863" classname="JointOwser_Beneficiaries.C28350_VerifyInformationProgressTabHighLightedOnAccountRolePage"/>
</testsuite> <!-- JointOwser_Beneficiaries.C28350_VerifyInformationProgressTabHighLightedOnAccountRolePage -->
