<?xml version="1.0" encoding="UTF-8"?>
<!-- Generated by org.testng.reporters.JUnitReportReporter -->
<testsuite skipped="0" hostname="LAPTOP-1F0JMU93" name="ConfirmAccounts.C28364_VerifyTheLanguageOntheConfirmAccountPage" tests="1" failures="0" timestamp="27 Feb 2020 16:18:54 GMT" time="33.859" errors="0">
  <testcase name="C28364_VerifyTheLanguageOntheConfirmAccountPage" time="33.859" classname="ConfirmAccounts.C28364_VerifyTheLanguageOntheConfirmAccountPage"/>
</testsuite> <!-- ConfirmAccounts.C28364_VerifyTheLanguageOntheConfirmAccountPage -->
