<?xml version="1.0" encoding="UTF-8"?>
<!-- Generated by org.testng.reporters.JUnitReportReporter -->
<testsuite skipped="0" hostname="LAPTOP-1F0JMU93" name="JointOwser_Beneficiaries.C28342_VerifyTheInformationPageIsHighLightedWhenUserOnBeneficiariesPage" tests="1" failures="0" timestamp="12 Feb 2020 18:33:57 GMT" time="25.193" errors="0">
  <testcase name="C28342_VerifyTheInformationPageIsHighLightedWhenUserOnBeneficiariesPage" time="25.193" classname="JointOwser_Beneficiaries.C28342_VerifyTheInformationPageIsHighLightedWhenUserOnBeneficiariesPage"/>
</testsuite> <!-- JointOwser_Beneficiaries.C28342_VerifyTheInformationPageIsHighLightedWhenUserOnBeneficiariesPage -->
