<?xml version="1.0" encoding="UTF-8"?>
<!-- Generated by org.testng.reporters.JUnitReportReporter -->
<testsuite skipped="0" hostname="LAPTOP-1F0JMU93" name="AgreementsDisclosures.C24297_VerifySelectOneTaxOption" tests="1" failures="0" timestamp="14 Jan 2020 18:43:11 GMT" time="21.971" errors="0">
  <testcase name="C24297_VerifySelectOneTaxOption" time="21.971" classname="AgreementsDisclosures.C24297_VerifySelectOneTaxOption"/>
</testsuite> <!-- AgreementsDisclosures.C24297_VerifySelectOneTaxOption -->
