<?xml version="1.0" encoding="UTF-8"?>
<!-- Generated by org.testng.reporters.JUnitReportReporter -->
<testsuite skipped="0" hostname="LAPTOP-1F0JMU93" name="AgreementsDisclosures.C24297_VerifySelectOneTaxOption" tests="1" failures="0" timestamp="12 Feb 2020 19:30:36 GMT" time="34.874" errors="0">
  <testcase name="C24297_VerifySelectOneTaxOption" time="34.874" classname="AgreementsDisclosures.C24297_VerifySelectOneTaxOption"/>
</testsuite> <!-- AgreementsDisclosures.C24297_VerifySelectOneTaxOption -->
