<?xml version="1.0" encoding="UTF-8"?>
<!-- Generated by org.testng.reporters.JUnitReportReporter -->
<testsuite skipped="0" hostname="LAPTOP-1F0JMU93" name="Miscellaneous.TC001_ValidateTheAditionalLinkAndShowAllFesturedUnderCDSection" tests="1" failures="0" timestamp="27 Feb 2020 19:28:07 GMT" time="26.454" errors="0">
  <testcase name="TC001_ValidateTheAditionalLinkAndShowAllFesturedUnderCDSection" time="26.454" classname="Miscellaneous.TC001_ValidateTheAditionalLinkAndShowAllFesturedUnderCDSection"/>
</testsuite> <!-- Miscellaneous.TC001_ValidateTheAditionalLinkAndShowAllFesturedUnderCDSection -->
