<?xml version="1.0" encoding="UTF-8"?>
<!-- Generated by org.testng.reporters.JUnitReportReporter -->
<testsuite skipped="0" hostname="LAPTOP-1F0JMU93" name="MembershipEligibility.C23828_VerifyMembershipElibilitySelection" tests="1" failures="0" timestamp="20 Feb 2020 19:12:04 GMT" time="54.351" errors="0">
  <testcase name="C23828_VerifyMembershipElibilitySelection" time="54.351" classname="MembershipEligibility.C23828_VerifyMembershipElibilitySelection"/>
</testsuite> <!-- MembershipEligibility.C23828_VerifyMembershipElibilitySelection -->
