<?xml version="1.0" encoding="UTF-8"?>
<!-- Generated by org.testng.reporters.JUnitReportReporter -->
<testsuite skipped="0" hostname="LAPTOP-1F0JMU93" name="HomePage.C28363_VerifyFAQregradingPromoCode" tests="1" failures="0" timestamp="14 Feb 2020 19:31:22 GMT" time="2.276" errors="0">
  <testcase name="C28363_VerifyFAQregradingPromoCode" time="2.276" classname="HomePage.C28363_VerifyFAQregradingPromoCode"/>
</testsuite> <!-- HomePage.C28363_VerifyFAQregradingPromoCode -->
