<?xml version="1.0" encoding="UTF-8"?>
<!-- Generated by org.testng.reporters.JUnitReportReporter -->
<testsuite skipped="0" hostname="LAPTOP-1F0JMU93" name="CreditCard.C28333_VerifyInformationProgressBarHighlightedOnCreditCardInfoPage" tests="1" failures="0" timestamp="10 Feb 2020 17:55:28 GMT" time="12.079" errors="0">
  <testcase name="C28333_VerifyInformationProgressBarHighlightedOnCreditCardInfoPage" time="12.079" classname="CreditCard.C28333_VerifyInformationProgressBarHighlightedOnCreditCardInfoPage"/>
</testsuite> <!-- CreditCard.C28333_VerifyInformationProgressBarHighlightedOnCreditCardInfoPage -->
