<?xml version="1.0" encoding="UTF-8"?>
<!-- Generated by org.testng.reporters.JUnitReportReporter -->
<testsuite skipped="0" hostname="LAPTOP-1F0JMU93" name="HomePage.C28369_VerifyMemberNumberInfoRemovedFromHomePage" tests="1" failures="0" timestamp="17 Feb 2020 19:54:38 GMT" time="0.493" errors="0">
  <testcase name="C28369_VerifyMemberNumberInfoRemovedFromHomePage" time="0.493" classname="HomePage.C28369_VerifyMemberNumberInfoRemovedFromHomePage"/>
</testsuite> <!-- HomePage.C28369_VerifyMemberNumberInfoRemovedFromHomePage -->
