<?xml version="1.0" encoding="UTF-8"?>
<!-- Generated by org.testng.reporters.JUnitReportReporter -->
<testsuite skipped="0" hostname="LAPTOP-1F0JMU93" name="JointOwser_Beneficiaries.C28340_VerifyInformationStepHighlightedWhenUserOnLookupJointOwnerPage" tests="1" failures="0" timestamp="12 Feb 2020 18:24:24 GMT" time="29.810" errors="0">
  <testcase name="C28340_VerifyInformationStepHighlightedWhenUserOnLookupJointOwnerPage" time="29.810" classname="JointOwser_Beneficiaries.C28340_VerifyInformationStepHighlightedWhenUserOnLookupJointOwnerPage"/>
</testsuite> <!-- JointOwser_Beneficiaries.C28340_VerifyInformationStepHighlightedWhenUserOnLookupJointOwnerPage -->
