<?xml version="1.0" encoding="UTF-8"?>
<!-- Generated by org.testng.reporters.JUnitReportReporter -->
<testsuite skipped="0" hostname="LAPTOP-1F0JMU93" name="AgreementsDisclosures.C24290_VerifyCourtesyPayAgreements" tests="1" failures="0" timestamp="14 Jan 2020 18:43:11 GMT" time="23.407" errors="0">
  <testcase name="C24290_VerifyCourtesyPayAgreements" time="23.407" classname="AgreementsDisclosures.C24290_VerifyCourtesyPayAgreements"/>
</testsuite> <!-- AgreementsDisclosures.C24290_VerifyCourtesyPayAgreements -->
