<?xml version="1.0" encoding="UTF-8"?>
<!-- Generated by org.testng.reporters.JUnitReportReporter -->
<testsuite skipped="0" hostname="LAPTOP-1F0JMU93" name="ApplicantInfo.C23761_NonMemberUserToKnowAboutPersonalInfo" tests="1" failures="0" timestamp="27 Feb 2020 15:42:01 GMT" time="30.875" errors="0">
  <testcase name="C23761_NonMemberUserToKnowAboutPersonalInfo" time="30.875" classname="ApplicantInfo.C23761_NonMemberUserToKnowAboutPersonalInfo"/>
</testsuite> <!-- ApplicantInfo.C23761_NonMemberUserToKnowAboutPersonalInfo -->
