<?xml version="1.0" encoding="UTF-8"?>
<!-- Generated by org.testng.reporters.JUnitReportReporter -->
<testsuite skipped="0" hostname="LAPTOP-1F0JMU93" name="StatusCenter.C28325_VerifyThatUserShouldLandingOnApplicationStatusCenterPage" tests="1" failures="0" timestamp="13 Feb 2020 18:51:13 GMT" time="2.773" errors="0">
  <testcase name="C28325_VerifyThatUserShouldLandingOnApplicationStatusCenterPage" time="2.773" classname="StatusCenter.C28325_VerifyThatUserShouldLandingOnApplicationStatusCenterPage"/>
</testsuite> <!-- StatusCenter.C28325_VerifyThatUserShouldLandingOnApplicationStatusCenterPage -->
