<?xml version="1.0" encoding="UTF-8"?>
<!-- Generated by org.testng.reporters.JUnitReportReporter -->
<testsuite skipped="0" hostname="LAPTOP-1F0JMU93" name="AgreementsDisclosures.C24265_VerifyAgreementsandDisclosures" tests="1" failures="0" timestamp="14 Jan 2020 18:43:11 GMT" time="61.414" errors="0">
  <testcase name="C24265_VerifyAgreementsandDisclosures" time="61.414" classname="AgreementsDisclosures.C24265_VerifyAgreementsandDisclosures"/>
</testsuite> <!-- AgreementsDisclosures.C24265_VerifyAgreementsandDisclosures -->
