<?xml version="1.0" encoding="UTF-8"?>
<!-- Generated by org.testng.reporters.JUnitReportReporter -->
<testsuite skipped="0" hostname="LAPTOP-1F0JMU93" name="StatusCenter.IO_364_VerifyHomeIconHighlighted" tests="1" failures="0" timestamp="07 Feb 2020 18:28:38 GMT" time="0.262" errors="0">
  <testcase name="IO_364_VerifyHomeIconHighlighted" time="0.262" classname="StatusCenter.IO_364_VerifyHomeIconHighlighted"/>
</testsuite> <!-- StatusCenter.IO_364_VerifyHomeIconHighlighted -->
