<?xml version="1.0" encoding="UTF-8"?>
<!-- Generated by org.testng.reporters.JUnitReportReporter -->
<testsuite skipped="0" hostname="LAPTOP-1F0JMU93" name="ConfirmAccounts.C28353_VerifyInformationStepOnAccountSummaryPage" tests="1" failures="0" timestamp="11 Feb 2020 19:58:51 GMT" time="25.727" errors="0">
  <testcase name="C28353_VerifyInformationStepOnAccountSummaryPage" time="25.727" classname="ConfirmAccounts.C28353_VerifyInformationStepOnAccountSummaryPage"/>
</testsuite> <!-- ConfirmAccounts.C28353_VerifyInformationStepOnAccountSummaryPage -->
