<?xml version="1.0" encoding="UTF-8"?>
<!-- Generated by org.testng.reporters.JUnitReportReporter -->
<testsuite skipped="0" hostname="LAPTOP-1F0JMU93" name="StatusCenter.C28326_VerifyThatUserCanResetPassword" tests="1" failures="0" timestamp="13 Feb 2020 20:32:58 GMT" time="13.295" errors="0">
  <testcase name="C28326_VerifyThatUserCanResetPassword" time="13.295" classname="StatusCenter.C28326_VerifyThatUserCanResetPassword"/>
</testsuite> <!-- StatusCenter.C28326_VerifyThatUserCanResetPassword -->
