<?xml version="1.0" encoding="UTF-8"?>
<!-- Generated by org.testng.reporters.JUnitReportReporter -->
<testsuite skipped="0" hostname="LAPTOP-1F0JMU93" name="StatusCenter.IO_365_VerifyProductsProgressBarSelectedOnceStartAsNewMember" tests="1" failures="0" timestamp="07 Feb 2020 18:42:57 GMT" time="5.165" errors="0">
  <testcase name="IO_365_VerifyProductsProgressBarSelectedOnceStartAsNewMember" time="5.165" classname="StatusCenter.IO_365_VerifyProductsProgressBarSelectedOnceStartAsNewMember"/>
</testsuite> <!-- StatusCenter.IO_365_VerifyProductsProgressBarSelectedOnceStartAsNewMember -->
