<?xml version="1.0" encoding="UTF-8"?>
<!-- Generated by org.testng.reporters.JUnitReportReporter -->
<testsuite skipped="0" hostname="LAPTOP-1F0JMU93" name="Miscellaneous.TC002_ValidateTheAdditionalLinksPresentOnMemberEligibilityPage" tests="1" failures="0" timestamp="27 Feb 2020 19:52:40 GMT" time="56.112" errors="0">
  <testcase name="TC002_ValidateTheAdditionalLinksPresentOnMemberEligibilityPage" time="56.112" classname="Miscellaneous.TC002_ValidateTheAdditionalLinksPresentOnMemberEligibilityPage"/>
</testsuite> <!-- Miscellaneous.TC002_ValidateTheAdditionalLinksPresentOnMemberEligibilityPage -->
