<?xml version="1.0" encoding="UTF-8"?>
<!-- Generated by org.testng.reporters.JUnitReportReporter -->
<testsuite skipped="0" hostname="LAPTOP-1F0JMU93" name="FundingAccounts.C28366_VerifyThankYouPageComponents" tests="1" failures="0" timestamp="17 Feb 2020 18:48:00 GMT" time="61.785" errors="0">
  <testcase name="C28366_VerifyThankYouPageComponents" time="61.785" classname="FundingAccounts.C28366_VerifyThankYouPageComponents"/>
</testsuite> <!-- FundingAccounts.C28366_VerifyThankYouPageComponents -->
