<?xml version="1.0" encoding="UTF-8"?>
<!-- Generated by org.testng.reporters.JUnitReportReporter -->
<testsuite skipped="0" hostname="LAPTOP-1F0JMU93" name="StatusCenter.IO_376_VerifyInformationProgressBarSelectedOnceStartAsNewMember" tests="1" failures="0" timestamp="07 Feb 2020 18:57:36 GMT" time="19.377" errors="0">
  <testcase name="IO_376_VerifyInformationProgressBarSelectedOnceStartAsNewMember" time="19.377" classname="StatusCenter.IO_376_VerifyInformationProgressBarSelectedOnceStartAsNewMember"/>
</testsuite> <!-- StatusCenter.IO_376_VerifyInformationProgressBarSelectedOnceStartAsNewMember -->
