<?xml version="1.0" encoding="UTF-8"?>
<!-- Generated by org.testng.reporters.JUnitReportReporter -->
<testsuite skipped="0" hostname="LAPTOP-1F0JMU93" name="com.testcases.C23445_VerifyAccountDetailTransactionSearch" tests="1" failures="0" timestamp="23 Jul 2019 19:47:19 GMT" time="12.727" errors="0">
  <testcase name="C23445_VerifyAccountDetailTransactionSearch" time="12.727" classname="com.testcases.C23445_VerifyAccountDetailTransactionSearch"/>
</testsuite> <!-- com.testcases.C23445_VerifyAccountDetailTransactionSearch -->
