<?xml version="1.0" encoding="UTF-8"?>
<!-- Generated by org.testng.reporters.JUnitReportReporter -->
<testsuite skipped="0" hostname="sravyakarthik" name="com.testcases.C23593_VerifyFundTransferUsingRepeatForever" tests="1" failures="0" timestamp="17 Jun 2019 06:52:53 GMT" time="65.447" errors="0">
  <testcase name="C23593_VerifyFundTransferUsingRepeatForever" time="65.447" classname="com.testcases.C23593_VerifyFundTransferUsingRepeatForever"/>
</testsuite> <!-- com.testcases.C23593_VerifyFundTransferUsingRepeatForever -->
