<?xml version="1.0" encoding="UTF-8"?>
<!-- Generated by org.testng.reporters.JUnitReportReporter -->
<testsuite skipped="0" hostname="sravyakarthik" name="Transfers.C23402_VerifyInSufficientFundTransferValidation" tests="1" failures="0" timestamp="22 Aug 2019 13:28:09 GMT" time="15.027" errors="0">
  <testcase name="C23402_VerifyInSufficientFundTransferValidation" time="15.027" classname="Transfers.C23402_VerifyInSufficientFundTransferValidation"/>
</testsuite> <!-- Transfers.C23402_VerifyInSufficientFundTransferValidation -->
