<?xml version="1.0" encoding="UTF-8"?>
<!-- Generated by org.testng.reporters.JUnitReportReporter -->
<testsuite skipped="0" hostname="sravyakarthik" name="com.testcases.VerifyValidLogin" tests="1" failures="0" timestamp="20 Aug 2019 16:32:44 GMT" time="91.633" errors="0">
  <testcase name="VerifyValidLogin" time="91.633" classname="com.testcases.VerifyValidLogin"/>
</testsuite> <!-- com.testcases.VerifyValidLogin -->
