<?xml version="1.0" encoding="UTF-8"?>
<!-- Generated by org.testng.reporters.JUnitReportReporter -->
<testsuite skipped="0" hostname="LAPTOP-1F0JMU93" name="com.testcases.C23467_VerifyAccountSearchDuringWireTransfer" tests="1" failures="0" timestamp="18 Jun 2019 05:39:59 GMT" time="22.959" errors="0">
  <testcase name="C23467_VerifyAccountSearchDuringWireTransfer" time="22.959" classname="com.testcases.C23467_VerifyAccountSearchDuringWireTransfer"/>
</testsuite> <!-- com.testcases.C23467_VerifyAccountSearchDuringWireTransfer -->
