<?xml version="1.0" encoding="UTF-8"?>
<!-- Generated by org.testng.reporters.JUnitReportReporter -->
<testsuite skipped="0" hostname="sravyakarthik" name="com.testcases.C23484_VerifyAccountBalanceAlertSetupViaTextMessage" tests="1" failures="0" timestamp="15 Jun 2019 05:11:17 GMT" time="39.807" errors="0">
  <testcase name="C23484_VerifyAccountBalanceAlertSetupViaTextMessage" time="39.807" classname="com.testcases.C23484_VerifyAccountBalanceAlertSetupViaTextMessage"/>
</testsuite> <!-- com.testcases.C23484_VerifyAccountBalanceAlertSetupViaTextMessage -->
