<?xml version="1.0" encoding="UTF-8"?>
<!-- Generated by org.testng.reporters.JUnitReportReporter -->
<testsuite skipped="0" hostname="LAPTOP-1F0JMU93" name="com.testcases.C23516_VerifyHelpGuide" tests="1" failures="0" timestamp="10 Jun 2019 18:32:55 GMT" time="5.190" errors="0">
  <testcase name="C23516_VerifyHelpGuide" time="5.190" classname="com.testcases.C23516_VerifyHelpGuide"/>
</testsuite> <!-- com.testcases.C23516_VerifyHelpGuide -->
