<?xml version="1.0" encoding="UTF-8"?>
<!-- Generated by org.testng.reporters.JUnitReportReporter -->
<testsuite skipped="0" hostname="LAPTOP-1F0JMU93" name="Make_A_Payment.C23508_VerifyMakeRecurringCommercialLoanPayment" tests="1" failures="0" timestamp="28 Aug 2019 03:30:16 GMT" time="31.916" errors="0">
  <testcase name="C23508_VerifyMakeRecurringCommercialLoanPayment" time="31.916" classname="Make_A_Payment.C23508_VerifyMakeRecurringCommercialLoanPayment"/>
</testsuite> <!-- Make_A_Payment.C23508_VerifyMakeRecurringCommercialLoanPayment -->
