<?xml version="1.0" encoding="UTF-8"?>
<!-- Generated by org.testng.reporters.JUnitReportReporter -->
<testsuite skipped="0" hostname="LAPTOP-1F0JMU93" name="com.testcases.C23600_VerifyLinkInValidAccountValidation" tests="1" failures="0" timestamp="10 Jun 2019 19:31:17 GMT" time="9.465" errors="0">
  <testcase name="C23600_VerifyLinkInValidAccountValidation" time="9.465" classname="com.testcases.C23600_VerifyLinkInValidAccountValidation"/>
</testsuite> <!-- com.testcases.C23600_VerifyLinkInValidAccountValidation -->
