<?xml version="1.0" encoding="UTF-8"?>
<!-- Generated by org.testng.reporters.JUnitReportReporter -->
<testsuite skipped="0" hostname="LAPTOP-1F0JMU93" name="com.testcases.VerifyContactUs" tests="1" failures="0" timestamp="10 Jun 2019 15:56:28 GMT" time="4.909" errors="0">
  <testcase name="VerifyContactUs" time="4.909" classname="com.testcases.VerifyContactUs"/>
</testsuite> <!-- com.testcases.VerifyContactUs -->
