<?xml version="1.0" encoding="UTF-8"?>
<!-- Generated by org.testng.reporters.JUnitReportReporter -->
<testsuite skipped="0" hostname="LAPTOP-1F0JMU93" name="com.testcases.C23442_VerifyCreditCardInformation" tests="1" failures="0" timestamp="13 Jun 2019 14:41:46 GMT" time="22.859" errors="0">
  <testcase name="C23442_VerifyCreditCardInformation" time="22.859" classname="com.testcases.C23442_VerifyCreditCardInformation"/>
</testsuite> <!-- com.testcases.C23442_VerifyCreditCardInformation -->
