<?xml version="1.0" encoding="UTF-8"?>
<!-- Generated by org.testng.reporters.JUnitReportReporter -->
<testsuite skipped="0" hostname="LAPTOP-1F0JMU93" name="com.testcases.C23403_VerifyMemoFieldLimit" tests="1" failures="0" timestamp="25 Jul 2019 14:08:21 GMT" time="6.266" errors="0">
  <testcase name="C23403_VerifyMemoFieldLimit" time="6.266" classname="com.testcases.C23403_VerifyMemoFieldLimit"/>
</testsuite> <!-- com.testcases.C23403_VerifyMemoFieldLimit -->
