<?xml version="1.0" encoding="UTF-8"?>
<!-- Generated by org.testng.reporters.JUnitReportReporter -->
<testsuite skipped="0" hostname="sravyakarthik" name="Transfers.C23400_VerifyTransferFundsButton" tests="1" failures="0" timestamp="22 Aug 2019 12:46:39 GMT" time="6.784" errors="0">
  <testcase name="C23400_VerifyTransferFundsButton" time="6.784" classname="Transfers.C23400_VerifyTransferFundsButton"/>
</testsuite> <!-- Transfers.C23400_VerifyTransferFundsButton -->
