<?xml version="1.0" encoding="UTF-8"?>
<!-- Generated by org.testng.reporters.JUnitReportReporter -->
<testsuite skipped="0" hostname="sravyakarthik" name="com.testcases.C23490_VerifyAccountBalanceAlertSetupViaEmail" tests="1" failures="0" timestamp="15 Jun 2019 05:14:04 GMT" time="28.245" errors="0">
  <testcase name="C23490_VerifyAccountBalanceAlertSetupViaEmail" time="28.245" classname="com.testcases.C23490_VerifyAccountBalanceAlertSetupViaEmail"/>
</testsuite> <!-- com.testcases.C23490_VerifyAccountBalanceAlertSetupViaEmail -->
