<?xml version="1.0" encoding="UTF-8"?>
<!-- Generated by org.testng.reporters.JUnitReportReporter -->
<testsuite skipped="0" hostname="LAPTOP-1F0JMU93" name="M_M_Transfer.C23416_VerifyLinkAccount" tests="1" failures="0" timestamp="06 Nov 2019 17:18:08 GMT" time="31.594" errors="0">
  <testcase name="C23416_VerifyLinkAccount" time="31.594" classname="M_M_Transfer.C23416_VerifyLinkAccount"/>
</testsuite> <!-- M_M_Transfer.C23416_VerifyLinkAccount -->
