<?xml version="1.0" encoding="UTF-8"?>
<!-- Generated by org.testng.reporters.JUnitReportReporter -->
<testsuite skipped="0" hostname="LAPTOP-1F0JMU93" name="Make_A_Payment.C23512_VerifyCommercialLoanPayOffPayment" tests="1" failures="0" timestamp="28 Aug 2019 03:28:36 GMT" time="32.463" errors="0">
  <testcase name="C23512_VerifyCommercialLoanPayOffPayment" time="32.463" classname="Make_A_Payment.C23512_VerifyCommercialLoanPayOffPayment"/>
</testsuite> <!-- Make_A_Payment.C23512_VerifyCommercialLoanPayOffPayment -->
