<?xml version="1.0" encoding="UTF-8"?>
<!-- Generated by org.testng.reporters.JUnitReportReporter -->
<testsuite skipped="0" hostname="sravyakarthik" name="com.testcases.C23507_VerifyAlertDeleteOption" tests="1" failures="0" timestamp="10 Jun 2019 14:00:27 GMT" time="29.255" errors="0">
  <testcase name="C23507_VerifyAlertDeleteOption" time="29.255" classname="com.testcases.C23507_VerifyAlertDeleteOption"/>
</testsuite> <!-- com.testcases.C23507_VerifyAlertDeleteOption -->
