<?xml version="1.0" encoding="UTF-8"?>
<!-- Generated by org.testng.reporters.JUnitReportReporter -->
<testsuite skipped="0" hostname="sravyakarthik" name="com.testcases.C23422_VerifyMapOfLocations" tests="1" failures="0" timestamp="19 Jun 2019 14:16:43 GMT" time="11.354" errors="0">
  <testcase name="C23422_VerifyMapOfLocations" time="11.354" classname="com.testcases.C23422_VerifyMapOfLocations"/>
</testsuite> <!-- com.testcases.C23422_VerifyMapOfLocations -->
