<?xml version="1.0" encoding="UTF-8"?>
<!-- Generated by org.testng.reporters.JUnitReportReporter -->
<testsuite skipped="0" hostname="LAPTOP-1F0JMU93" name="com.testcases.C23416_VerifyLinkAccount" tests="1" failures="0" timestamp="10 Jun 2019 18:31:06 GMT" time="9.122" errors="0">
  <testcase name="C23416_VerifyLinkAccount" time="9.122" classname="com.testcases.C23416_VerifyLinkAccount"/>
</testsuite> <!-- com.testcases.C23416_VerifyLinkAccount -->
