<?xml version="1.0" encoding="UTF-8"?>
<!-- Generated by org.testng.reporters.JUnitReportReporter -->
<testsuite skipped="0" hostname="LAPTOP-1F0JMU93" name="com.testcases.C23437_VerifyStopPaymentNoteField" tests="1" failures="0" timestamp="10 Jun 2019 20:38:15 GMT" time="23.549" errors="0">
  <testcase name="C23437_VerifyStopPaymentNoteField" time="23.549" classname="com.testcases.C23437_VerifyStopPaymentNoteField"/>
</testsuite> <!-- com.testcases.C23437_VerifyStopPaymentNoteField -->
