<?xml version="1.0" encoding="UTF-8"?>
<!-- Generated by org.testng.reporters.JUnitReportReporter -->
<testsuite skipped="0" hostname="LAPTOP-1F0JMU93" name="com.testcases.C23436_VerifyStopPaymentDateField" tests="1" failures="0" timestamp="10 Jun 2019 20:35:37 GMT" time="22.324" errors="0">
  <testcase name="C23436_VerifyStopPaymentDateField" time="22.324" classname="com.testcases.C23436_VerifyStopPaymentDateField"/>
</testsuite> <!-- com.testcases.C23436_VerifyStopPaymentDateField -->
