<?xml version="1.0" encoding="UTF-8"?>
<!-- Generated by org.testng.reporters.JUnitReportReporter -->
<testsuite skipped="0" hostname="sravyakarthik" name="M_M_Transfer.C23604_VerifyCheckingAccountM2MSingleTransfer" tests="1" failures="0" timestamp="21 Aug 2019 14:21:05 GMT" time="85.026" errors="0">
  <testcase name="C23604_VerifyCheckingAccountM2MSingleTransfer" time="85.026" classname="M_M_Transfer.C23604_VerifyCheckingAccountM2MSingleTransfer"/>
</testsuite> <!-- M_M_Transfer.C23604_VerifyCheckingAccountM2MSingleTransfer -->
