<?xml version="1.0" encoding="UTF-8"?>
<!-- Generated by org.testng.reporters.JUnitReportReporter -->
<testsuite skipped="0" hostname="LAPTOP-1F0JMU93" name="M_M_Transfer.C23603_VerifySavingAccountM2MSingleTransfer" tests="1" failures="0" timestamp="06 Nov 2019 17:22:07 GMT" time="69.258" errors="0">
  <testcase name="C23603_VerifySavingAccountM2MSingleTransfer" time="69.258" classname="M_M_Transfer.C23603_VerifySavingAccountM2MSingleTransfer"/>
</testsuite> <!-- M_M_Transfer.C23603_VerifySavingAccountM2MSingleTransfer -->
