<?xml version="1.0" encoding="UTF-8"?>
<!-- Generated by org.testng.reporters.JUnitReportReporter -->
<testsuite skipped="0" hostname="sravyakarthik" name="com.testcases.C23488_VerifyOnlineTransactionAlertDelete" tests="1" failures="0" timestamp="10 Jun 2019 14:16:48 GMT" time="35.194" errors="0">
  <testcase name="C23488_VerifyOnlineTransactionAlertDelete" time="35.194" classname="com.testcases.C23488_VerifyOnlineTransactionAlertDelete"/>
</testsuite> <!-- com.testcases.C23488_VerifyOnlineTransactionAlertDelete -->
