<?xml version="1.0" encoding="UTF-8"?>
<!-- Generated by org.testng.reporters.JUnitReportReporter -->
<testsuite skipped="0" hostname="LAPTOP-1F0JMU93" name="com.testcases.C23465_VerifyMyAccountsVisibility" tests="1" failures="0" timestamp="18 Jun 2019 05:10:15 GMT" time="53.682" errors="0">
  <testcase name="C23465_VerifyMyAccountsVisibility" time="53.682" classname="com.testcases.C23465_VerifyMyAccountsVisibility"/>
</testsuite> <!-- com.testcases.C23465_VerifyMyAccountsVisibility -->
