<?xml version="1.0" encoding="UTF-8"?>
<!-- Generated by org.testng.reporters.JUnitReportReporter -->
<testsuite skipped="0" hostname="sravyakarthik" name="Transfers.C23403_VerifyMemoFieldLimit" tests="1" failures="0" timestamp="22 Aug 2019 13:30:10 GMT" time="9.993" errors="0">
  <testcase name="C23403_VerifyMemoFieldLimit" time="9.993" classname="Transfers.C23403_VerifyMemoFieldLimit"/>
</testsuite> <!-- Transfers.C23403_VerifyMemoFieldLimit -->
