<?xml version="1.0" encoding="UTF-8"?>
<!-- Generated by org.testng.reporters.JUnitReportReporter -->
<testsuite skipped="0" hostname="LAPTOP-1F0JMU93" name="M_M_Transfer.C23604_VerifyCheckingAccountM2MSingleTransfer" tests="1" failures="0" timestamp="27 Jan 2020 19:07:31 GMT" time="95.665" errors="0">
  <testcase name="C23604_VerifyCheckingAccountM2MSingleTransfer" time="95.665" classname="M_M_Transfer.C23604_VerifyCheckingAccountM2MSingleTransfer"/>
</testsuite> <!-- M_M_Transfer.C23604_VerifyCheckingAccountM2MSingleTransfer -->
