<?xml version="1.0" encoding="UTF-8"?>
<!-- Generated by org.testng.reporters.JUnitReportReporter -->
<testsuite skipped="0" hostname="sravyakarthik" name="com.testcases.C23486_VerifyOnlineTransactionAlertSetup" tests="1" failures="0" timestamp="10 Jun 2019 01:47:57 GMT" time="44.381" errors="0">
  <testcase name="C23486_VerifyOnlineTransactionAlertSetup" time="44.381" classname="com.testcases.C23486_VerifyOnlineTransactionAlertSetup"/>
</testsuite> <!-- com.testcases.C23486_VerifyOnlineTransactionAlertSetup -->
