<?xml version="1.0" encoding="UTF-8"?>
<!-- Generated by org.testng.reporters.JUnitReportReporter -->
<testsuite skipped="0" hostname="LAPTOP-1F0JMU93" name="com.testcases.C23426_VerifySingleCheckStopPayment" tests="1" failures="0" timestamp="25 Jul 2019 17:49:11 GMT" time="29.364" errors="0">
  <testcase name="C23426_VerifySingleCheckStopPayment" time="29.364" classname="com.testcases.C23426_VerifySingleCheckStopPayment"/>
</testsuite> <!-- com.testcases.C23426_VerifySingleCheckStopPayment -->
