<?xml version="1.0" encoding="UTF-8"?>
<!-- Generated by org.testng.reporters.JUnitReportReporter -->
<testsuite skipped="0" hostname="LAPTOP-1F0JMU93" name="com.testcases.C23517_VerifyLoginPageLocationOption" tests="1" failures="0" timestamp="10 Jun 2019 18:34:02 GMT" time="0.907" errors="0">
  <testcase name="C23517_VerifyLoginPageLocationOption" time="0.907" classname="com.testcases.C23517_VerifyLoginPageLocationOption"/>
</testsuite> <!-- com.testcases.C23517_VerifyLoginPageLocationOption -->
