<?xml version="1.0" encoding="UTF-8"?>
<!-- Generated by org.testng.reporters.JUnitReportReporter -->
<testsuite skipped="0" hostname="LAPTOP-1F0JMU93" name="com.testcases.C23455_VerifyWireTransferSortRecipients" tests="1" failures="0" timestamp="10 Jun 2019 19:51:37 GMT" time="46.520" errors="0">
  <testcase name="C23455_VerifyWireTransferSortRecipients" time="46.520" classname="com.testcases.C23455_VerifyWireTransferSortRecipients"/>
</testsuite> <!-- com.testcases.C23455_VerifyWireTransferSortRecipients -->
