<?xml version="1.0" encoding="UTF-8"?>
<!-- Generated by org.testng.reporters.JUnitReportReporter -->
<testsuite skipped="0" hostname="LAPTOP-1F0JMU93" name="com.testcases.C23593_VerifyFundTransferUsingRepeatForever" tests="1" failures="0" timestamp="28 Jan 2020 18:18:06 GMT" time="14.101" errors="0">
  <testcase name="C23593_VerifyFundTransferUsingRepeatForever" time="14.101" classname="com.testcases.C23593_VerifyFundTransferUsingRepeatForever"/>
</testsuite> <!-- com.testcases.C23593_VerifyFundTransferUsingRepeatForever -->
