<?xml version="1.0" encoding="UTF-8"?>
<!-- Generated by org.testng.reporters.JUnitReportReporter -->
<testsuite skipped="0" hostname="sravyakarthik" name="M_M_Transfer.C23600_VerifyLinkInValidAccountValidation" tests="1" failures="0" timestamp="21 Aug 2019 04:44:24 GMT" time="13.177" errors="0">
  <testcase name="C23600_VerifyLinkInValidAccountValidation" time="13.177" classname="M_M_Transfer.C23600_VerifyLinkInValidAccountValidation"/>
</testsuite> <!-- M_M_Transfer.C23600_VerifyLinkInValidAccountValidation -->
