<?xml version="1.0" encoding="UTF-8"?>
<!-- Generated by org.testng.reporters.JUnitReportReporter -->
<testsuite skipped="0" hostname="sravyakarthik" name="Transfers.C23496_VerifyMoreThanLineOfCreditAmountTransfer" tests="1" failures="0" timestamp="22 Aug 2019 13:42:45 GMT" time="15.473" errors="0">
  <testcase name="C23496_VerifyMoreThanLineOfCreditAmountTransfer" time="15.473" classname="Transfers.C23496_VerifyMoreThanLineOfCreditAmountTransfer"/>
</testsuite> <!-- Transfers.C23496_VerifyMoreThanLineOfCreditAmountTransfer -->
