<?xml version="1.0" encoding="UTF-8"?>
<!-- Generated by org.testng.reporters.JUnitReportReporter -->
<testsuite skipped="0" hostname="LAPTOP-1F0JMU93" name="com.testcases.VerifyOneTimeFundTransfer" tests="1" failures="0" timestamp="26 Jul 2019 14:45:05 GMT" time="16.146" errors="0">
  <testcase name="VerifyOneTimeFundTransfer" time="16.146" classname="com.testcases.VerifyOneTimeFundTransfer"/>
</testsuite> <!-- com.testcases.VerifyOneTimeFundTransfer -->
