<?xml version="1.0" encoding="UTF-8"?>
<!-- Generated by org.testng.reporters.JUnitReportReporter -->
<testsuite skipped="0" hostname="LAPTOP-1F0JMU93" name="com.testcases.C23440_VerifyTDECUrates" tests="1" failures="0" timestamp="30 May 2019 17:36:13 GMT" time="4.147" errors="0">
  <testcase name="C23440_VerifyTDECUrates" time="4.147" classname="com.testcases.C23440_VerifyTDECUrates"/>
</testsuite> <!-- com.testcases.C23440_VerifyTDECUrates -->
