<?xml version="1.0" encoding="UTF-8"?>
<!-- Generated by org.testng.reporters.JUnitReportReporter -->
<testsuite skipped="0" hostname="LAPTOP-1F0JMU93" name="com.testcases.VerifyTransferMoneyNowOptionOnHomepage" tests="1" failures="0" timestamp="10 Jun 2019 18:09:07 GMT" time="1.397" errors="0">
  <testcase name="VerifyValidLogin" time="1.397" classname="com.testcases.VerifyTransferMoneyNowOptionOnHomepage"/>
</testsuite> <!-- com.testcases.VerifyTransferMoneyNowOptionOnHomepage -->
