<?xml version="1.0" encoding="UTF-8"?>
<!-- Generated by org.testng.reporters.JUnitReportReporter -->
<testsuite skipped="0" hostname="LAPTOP-1F0JMU93" name="com.testcases.C23427_VerifyMultiCheckStopPayment" tests="1" failures="0" timestamp="24 Jul 2019 13:06:05 GMT" time="49.119" errors="0">
  <testcase name="C23427_VerifyMultiCheckStopPayment" time="49.119" classname="com.testcases.C23427_VerifyMultiCheckStopPayment"/>
</testsuite> <!-- com.testcases.C23427_VerifyMultiCheckStopPayment -->
