<?xml version="1.0" encoding="UTF-8"?>
<!-- Generated by org.testng.reporters.JUnitReportReporter -->
<testsuite skipped="0" hostname="LAPTOP-1F0JMU93" name="com.testcases.C23447_VerifyWireTransferFunctionality" tests="1" failures="0" timestamp="10 Jun 2019 19:47:54 GMT" time="13.833" errors="0">
  <testcase name="C23447_VerifyWireTransferFunctionality" time="13.833" classname="com.testcases.C23447_VerifyWireTransferFunctionality"/>
</testsuite> <!-- com.testcases.C23447_VerifyWireTransferFunctionality -->
