<?xml version="1.0" encoding="UTF-8"?>
<!-- Generated by org.testng.reporters.JUnitReportReporter -->
<testsuite skipped="0" hostname="LAPTOP-1F0JMU93" name="Transfers.C23496_VerifyMoreThanLineOfCreditAmountTransfer" tests="1" failures="0" timestamp="20 Jan 2020 19:41:15 GMT" time="12.138" errors="0">
  <testcase name="C23496_VerifyMoreThanLineOfCreditAmountTransfer" time="12.138" classname="Transfers.C23496_VerifyMoreThanLineOfCreditAmountTransfer"/>
</testsuite> <!-- Transfers.C23496_VerifyMoreThanLineOfCreditAmountTransfer -->
