<?xml version="1.0" encoding="UTF-8"?>
<!-- Generated by org.testng.reporters.JUnitReportReporter -->
<testsuite skipped="0" hostname="LAPTOP-1F0JMU93" name="com.testcases.C23519_VerifyInvalidLoginIDValidation" tests="1" failures="0" timestamp="10 Jun 2019 18:36:22 GMT" time="1.235" errors="0">
  <testcase name="C23519_VerifyInvalidLoginIDValidation" time="1.235" classname="com.testcases.C23519_VerifyInvalidLoginIDValidation"/>
</testsuite> <!-- com.testcases.C23519_VerifyInvalidLoginIDValidation -->
