<?xml version="1.0" encoding="UTF-8"?>
<!-- Generated by org.testng.reporters.JUnitReportReporter -->
<testsuite skipped="0" hostname="sravyakarthik" name="Transfers.C23401_VerifySelectedFromAccountNotInToAccount" tests="1" failures="0" timestamp="22 Aug 2019 12:53:03 GMT" time="14.290" errors="0">
  <testcase name="C23401_VerifySelectedFromAccountNotInToAccount" time="14.290" classname="Transfers.C23401_VerifySelectedFromAccountNotInToAccount"/>
</testsuite> <!-- Transfers.C23401_VerifySelectedFromAccountNotInToAccount -->
