<?xml version="1.0" encoding="UTF-8"?>
<!-- Generated by org.testng.reporters.JUnitReportReporter -->
<testsuite skipped="0" hostname="sravyakarthik" name="com.testcases.C23476_VerifyRecurringDateAlertSetUp" tests="1" failures="0" timestamp="11 Jun 2019 16:40:19 GMT" time="26.239" errors="0">
  <testcase name="C23476_VerifyRecurringDateAlertSetUp" time="26.239" classname="com.testcases.C23476_VerifyRecurringDateAlertSetUp"/>
</testsuite> <!-- com.testcases.C23476_VerifyRecurringDateAlertSetUp -->
