<?xml version="1.0" encoding="UTF-8"?>
<!-- Generated by org.testng.reporters.JUnitReportReporter -->
<testsuite skipped="0" hostname="LAPTOP-1F0JMU93" name="Make_A_Payment.C23512_VerifyCommercialLoanPayOffPayment" tests="1" failures="0" timestamp="03 Nov 2019 13:53:52 GMT" time="59.809" errors="0">
  <testcase name="C23512_VerifyCommercialLoanPayOffPayment" time="59.809" classname="Make_A_Payment.C23512_VerifyCommercialLoanPayOffPayment"/>
</testsuite> <!-- Make_A_Payment.C23512_VerifyCommercialLoanPayOffPayment -->
