<?xml version="1.0" encoding="UTF-8"?>
<!-- Generated by org.testng.reporters.JUnitReportReporter -->
<testsuite skipped="0" hostname="LAPTOP-1F0JMU93" name="com.testcases.C23459_VerifyWireTransferEditRecipient" tests="1" failures="0" timestamp="10 Jun 2019 20:15:58 GMT" time="32.426" errors="0">
  <testcase name="C23459_VerifyWireTransferEditRecipient" time="32.426" classname="com.testcases.C23459_VerifyWireTransferEditRecipient"/>
</testsuite> <!-- com.testcases.C23459_VerifyWireTransferEditRecipient -->
