<?xml version="1.0" encoding="UTF-8"?>
<!-- Generated by org.testng.reporters.JUnitReportReporter -->
<testsuite skipped="0" hostname="sravyakarthik" name="M_M_Transfer.C23602_VerifyM2MTransferCheckingAccountLinking" tests="1" failures="0" timestamp="21 Aug 2019 05:19:54 GMT" time="11.874" errors="0">
  <testcase name="C23602_VerifyM2MTransferCheckingAccountLinking" time="11.874" classname="M_M_Transfer.C23602_VerifyM2MTransferCheckingAccountLinking"/>
</testsuite> <!-- M_M_Transfer.C23602_VerifyM2MTransferCheckingAccountLinking -->
