<?xml version="1.0" encoding="UTF-8"?>
<!-- Generated by org.testng.reporters.JUnitReportReporter -->
<testsuite skipped="0" hostname="sravyakarthik" name="com.testcases.C23454_VerifyAccountDetailTransactionSearchByMultipleCriteria" tests="1" failures="0" timestamp="28 Jun 2019 05:35:23 GMT" time="8.566" errors="0">
  <testcase name="C23454_VerifyAccountDetailTransactionSearchByMultipleCriteria" time="8.566" classname="com.testcases.C23454_VerifyAccountDetailTransactionSearchByMultipleCriteria"/>
</testsuite> <!-- com.testcases.C23454_VerifyAccountDetailTransactionSearchByMultipleCriteria -->
