<?xml version="1.0" encoding="UTF-8"?>
<!-- Generated by org.testng.reporters.JUnitReportReporter -->
<testsuite skipped="0" hostname="sravyakarthik" name="com.testcases.C23496_VerifyMoreThanLineOfCreditAmountTransfer" tests="1" failures="0" timestamp="20 Jun 2019 17:46:49 GMT" time="11.115" errors="0">
  <testcase name="C23496_VerifyMoreThanLineOfCreditAmountTransfer" time="11.115" classname="com.testcases.C23496_VerifyMoreThanLineOfCreditAmountTransfer"/>
</testsuite> <!-- com.testcases.C23496_VerifyMoreThanLineOfCreditAmountTransfer -->
