<?xml version="1.0" encoding="UTF-8"?>
<!-- Generated by org.testng.reporters.JUnitReportReporter -->
<testsuite skipped="0" hostname="LAPTOP-1F0JMU93" name="com.testcases.C23443_VerifyAccountDetails" tests="1" failures="0" timestamp="17 Jun 2019 16:52:31 GMT" time="4.397" errors="0">
  <testcase name="C23443_VerifyAccountDetails" time="4.397" classname="com.testcases.C23443_VerifyAccountDetails"/>
</testsuite> <!-- com.testcases.C23443_VerifyAccountDetails -->
