<?xml version="1.0" encoding="UTF-8"?>
<!-- Generated by org.testng.reporters.JUnitReportReporter -->
<testsuite skipped="0" hostname="LAPTOP-1F0JMU93" name="com.testcases.C23528_VerifyMortageLoanGreaterThanAmountPayment" tests="1" failures="0" timestamp="14 Jun 2019 04:32:45 GMT" time="10.977" errors="0">
  <testcase name="C23528_VerifyMortageLoanGreaterThanAmountPayment" time="10.977" classname="com.testcases.C23528_VerifyMortageLoanGreaterThanAmountPayment"/>
</testsuite> <!-- com.testcases.C23528_VerifyMortageLoanGreaterThanAmountPayment -->
