<?xml version="1.0" encoding="UTF-8"?>
<!-- Generated by org.testng.reporters.JUnitReportReporter -->
<testsuite skipped="0" hostname="LAPTOP-1F0JMU93" name="com.testcases.C23498_VerifyMakeConsumerLoanPayment" tests="1" failures="0" timestamp="12 Jun 2019 17:54:25 GMT" time="15.406" errors="0">
  <testcase name="C23498_VerifyMakeConsumerLoanPayment" time="15.406" classname="com.testcases.C23498_VerifyMakeConsumerLoanPayment"/>
</testsuite> <!-- com.testcases.C23498_VerifyMakeConsumerLoanPayment -->
