<?xml version="1.0" encoding="UTF-8"?>
<!-- Generated by org.testng.reporters.JUnitReportReporter -->
<testsuite skipped="0" hostname="sravyakarthik" name="com.testcases.C23414_VerifyRecurringTransactionInActivityCenter" tests="1" failures="0" timestamp="20 Jun 2019 17:46:49 GMT" time="32.986" errors="0">
  <testcase name="C23414_VerifyRecurringTransactionInActivityCenter" time="32.986" classname="com.testcases.C23414_VerifyRecurringTransactionInActivityCenter"/>
</testsuite> <!-- com.testcases.C23414_VerifyRecurringTransactionInActivityCenter -->
