<?xml version="1.0" encoding="UTF-8"?>
<!-- Generated by org.testng.reporters.JUnitReportReporter -->
<testsuite skipped="0" hostname="LAPTOP-1F0JMU93" name="Make_A_Payment.C23512_VerifyCommercialLoanPayOffPayment" tests="1" failures="0" timestamp="30 Jan 2020 15:26:09 GMT" time="28.261" errors="0">
  <testcase name="C23512_VerifyCommercialLoanPayOffPayment" time="28.261" classname="Make_A_Payment.C23512_VerifyCommercialLoanPayOffPayment"/>
</testsuite> <!-- Make_A_Payment.C23512_VerifyCommercialLoanPayOffPayment -->
