<?xml version="1.0" encoding="UTF-8"?>
<!-- Generated by org.testng.reporters.JUnitReportReporter -->
<testsuite skipped="0" hostname="sravyakarthik" name="com.testcases.C23468_VerifyCreateAlertOptions" tests="1" failures="0" timestamp="15 Jun 2019 05:01:03 GMT" time="0.020" errors="0">
  <testcase name="C23468_VerifyCreateAlertOptions" time="0.020" classname="com.testcases.C23468_VerifyCreateAlertOptions"/>
</testsuite> <!-- com.testcases.C23468_VerifyCreateAlertOptions -->
