<?xml version="1.0" encoding="UTF-8"?>
<!-- Generated by org.testng.reporters.JUnitReportReporter -->
<testsuite skipped="0" hostname="LAPTOP-1F0JMU93" name="M_M_Transfer.C23415_VerifySingleTransfer" tests="1" failures="0" timestamp="15 Jan 2020 17:26:11 GMT" time="14.270" errors="0">
  <testcase name="C23415_VerifySingleTransfer" time="14.270" classname="M_M_Transfer.C23415_VerifySingleTransfer"/>
</testsuite> <!-- M_M_Transfer.C23415_VerifySingleTransfer -->
