<?xml version="1.0" encoding="UTF-8"?>
<!-- Generated by org.testng.reporters.JUnitReportReporter -->
<testsuite skipped="0" hostname="LAPTOP-1F0JMU93" name="com.testcases.C23429_VerifyStopPaymentPayeeField" tests="1" failures="0" timestamp="10 Jun 2019 20:30:35 GMT" time="23.626" errors="0">
  <testcase name="C23429_VerifyStopPaymentPayeeField" time="23.626" classname="com.testcases.C23429_VerifyStopPaymentPayeeField"/>
</testsuite> <!-- com.testcases.C23429_VerifyStopPaymentPayeeField -->
