<?xml version="1.0" encoding="UTF-8"?>
<!-- Generated by org.testng.reporters.JUnitReportReporter -->
<testsuite skipped="0" hostname="sravyakarthik" name="com.testcases.C23642_VerifyActivityCenterTransactionDetails" tests="1" failures="0" timestamp="15 Jun 2019 04:28:00 GMT" time="63.176" errors="0">
  <testcase name="C23642_VerifyActivityCenterTransactionDetails" time="63.176" classname="com.testcases.C23642_VerifyActivityCenterTransactionDetails"/>
</testsuite> <!-- com.testcases.C23642_VerifyActivityCenterTransactionDetails -->
