<?xml version="1.0" encoding="UTF-8"?>
<!-- Generated by org.testng.reporters.JUnitReportReporter -->
<testsuite skipped="0" hostname="LAPTOP-1F0JMU93" name="com.testcases.C23421_VerifyStopPaymentScreen" tests="1" failures="0" timestamp="10 Jun 2019 20:25:21 GMT" time="36.545" errors="0">
  <testcase name="C23421_VerifyStopPaymentScreen" time="36.545" classname="com.testcases.C23421_VerifyStopPaymentScreen"/>
</testsuite> <!-- com.testcases.C23421_VerifyStopPaymentScreen -->
