<?xml version="1.0" encoding="UTF-8"?>
<!-- Generated by org.testng.reporters.JUnitReportReporter -->
<testsuite skipped="0" hostname="LAPTOP-1F0JMU93" name="Make_A_Payment.C23527_VerifyCommercialLoanGreaterThanAmountPayment" tests="1" failures="0" timestamp="30 Jan 2020 18:14:25 GMT" time="33.803" errors="0">
  <testcase name="C23527_VerifyCommercialLoanGreaterThanAmountPayment" time="33.803" classname="Make_A_Payment.C23527_VerifyCommercialLoanGreaterThanAmountPayment"/>
</testsuite> <!-- Make_A_Payment.C23527_VerifyCommercialLoanGreaterThanAmountPayment -->
