<?xml version="1.0" encoding="UTF-8"?>
<!-- Generated by org.testng.reporters.JUnitReportReporter -->
<testsuite skipped="0" hostname="LAPTOP-1F0JMU93" name="com.testcases.Verify_PSCUCreditcard" tests="1" failures="0" timestamp="26 Jul 2019 14:47:22 GMT" time="25.880" errors="0">
  <testcase name="Verify_PSCUCreditcard" time="25.880" classname="com.testcases.Verify_PSCUCreditcard"/>
</testsuite> <!-- com.testcases.Verify_PSCUCreditcard -->
