<?xml version="1.0" encoding="UTF-8"?>
<!-- Generated by org.testng.reporters.JUnitReportReporter -->
<testsuite skipped="0" hostname="sravyakarthik" name="M_M_Transfer.C23416_VerifyLinkAccount" tests="1" failures="0" timestamp="21 Aug 2019 04:42:08 GMT" time="10.932" errors="0">
  <testcase name="C23416_VerifyLinkAccount" time="10.932" classname="M_M_Transfer.C23416_VerifyLinkAccount"/>
</testsuite> <!-- M_M_Transfer.C23416_VerifyLinkAccount -->
