<?xml version="1.0" encoding="UTF-8"?>
<!-- Generated by org.testng.reporters.JUnitReportReporter -->
<testsuite skipped="0" hostname="LAPTOP-1F0JMU93" name="com.testcases.C23520_VerifyInvalidPasswordValidation" tests="1" failures="0" timestamp="10 Jun 2019 18:37:12 GMT" time="1.749" errors="0">
  <testcase name="C23520_VerifyInvalidPasswordValidation" time="1.749" classname="com.testcases.C23520_VerifyInvalidPasswordValidation"/>
</testsuite> <!-- com.testcases.C23520_VerifyInvalidPasswordValidation -->
