<?xml version="1.0" encoding="UTF-8"?>
<!-- Generated by org.testng.reporters.JUnitReportReporter -->
<testsuite skipped="0" hostname="sravyakarthik" name="com.testcases.C23626_VerifyActivityCenterAdvanceFilters" tests="1" failures="0" timestamp="15 Jun 2019 04:49:07 GMT" time="24.793" errors="0">
  <testcase name="C23626_VerifyActivityCenterAdvanceFilters" time="24.793" classname="com.testcases.C23626_VerifyActivityCenterAdvanceFilters"/>
</testsuite> <!-- com.testcases.C23626_VerifyActivityCenterAdvanceFilters -->
