<?xml version="1.0" encoding="UTF-8"?>
<!-- Generated by org.testng.reporters.JUnitReportReporter -->
<testsuite skipped="0" hostname="sravyakarthik" name="Transfers.C23414_VerifyRecurringTransactionInActivityCenter" tests="1" failures="0" timestamp="22 Aug 2019 13:41:28 GMT" time="41.717" errors="0">
  <testcase name="C23414_VerifyRecurringTransactionInActivityCenter" time="41.717" classname="Transfers.C23414_VerifyRecurringTransactionInActivityCenter"/>
</testsuite> <!-- Transfers.C23414_VerifyRecurringTransactionInActivityCenter -->
