<?xml version="1.0" encoding="UTF-8"?>
<!-- Generated by org.testng.reporters.JUnitReportReporter -->
<testsuite skipped="0" hostname="sravyakarthik" name="com.testcases.C23407_VerifyMakeThisRecurringTransactionCheck" tests="1" failures="0" timestamp="17 Jun 2019 06:05:07 GMT" time="108.418" errors="0">
  <testcase name="C23407_VerifyMakeThisRecurringTransactionCheck" time="108.418" classname="com.testcases.C23407_VerifyMakeThisRecurringTransactionCheck"/>
</testsuite> <!-- com.testcases.C23407_VerifyMakeThisRecurringTransactionCheck -->
