<?xml version="1.0" encoding="UTF-8"?>
<!-- Generated by org.testng.reporters.JUnitReportReporter -->
<testsuite skipped="0" hostname="sravyakarthik" name="WireTransfer.C23466_VerifyWireTransferThroughReviewSubmitButton" tests="1" failures="0" timestamp="23 Aug 2019 16:13:45 GMT" time="42.564" errors="0">
  <testcase name="C23466_VerifyWireTransferThroughReviewSubmitButton" time="42.564" classname="WireTransfer.C23466_VerifyWireTransferThroughReviewSubmitButton"/>
</testsuite> <!-- WireTransfer.C23466_VerifyWireTransferThroughReviewSubmitButton -->
