<?xml version="1.0" encoding="UTF-8"?>
<!-- Generated by org.testng.reporters.JUnitReportReporter -->
<testsuite skipped="0" hostname="LAPTOP-1F0JMU93" name="com.testcases.C23471_VerifyAccountSearchOnAccountPreferences" tests="1" failures="0" timestamp="10 Jun 2019 19:45:09 GMT" time="21.653" errors="0">
  <testcase name="C23471_VerifyAccountSearchOnAccountPreferences" time="21.653" classname="com.testcases.C23471_VerifyAccountSearchOnAccountPreferences"/>
</testsuite> <!-- com.testcases.C23471_VerifyAccountSearchOnAccountPreferences -->
