<?xml version="1.0" encoding="UTF-8"?>
<!-- Generated by org.testng.reporters.JUnitReportReporter -->
<testsuite skipped="0" hostname="LAPTOP-1F0JMU93" name="com.testcases.C23510_VerifyMakeRecurringConsumerLoanPayment" tests="1" failures="0" timestamp="12 Jun 2019 17:43:28 GMT" time="31.517" errors="0">
  <testcase name="C23510_VerifyMakeRecurringConsumerLoanPayment" time="31.517" classname="com.testcases.C23510_VerifyMakeRecurringConsumerLoanPayment"/>
</testsuite> <!-- com.testcases.C23510_VerifyMakeRecurringConsumerLoanPayment -->
