<?xml version="1.0" encoding="UTF-8"?>
<!-- Generated by org.testng.reporters.JUnitReportReporter -->
<testsuite skipped="0" hostname="sravyakarthik" name="com.testcases.C23628_VerifyDeleteFavoriteSearchTemplate" tests="1" failures="0" timestamp="15 Jun 2019 04:54:52 GMT" time="0.013" errors="0">
  <testcase name="C23628_VerifyDeleteFavoriteSearchTemplate" time="0.013" classname="com.testcases.C23628_VerifyDeleteFavoriteSearchTemplate"/>
</testsuite> <!-- com.testcases.C23628_VerifyDeleteFavoriteSearchTemplate -->
