<?xml version="1.0" encoding="UTF-8"?>
<!-- Generated by org.testng.reporters.JUnitReportReporter -->
<testsuite skipped="0" hostname="LAPTOP-1F0JMU93" name="Transfers.C23402_VerifyInSufficientFundTransferValidation" tests="1" failures="0" timestamp="28 Jan 2020 15:28:40 GMT" time="10.864" errors="0">
  <testcase name="C23402_VerifyInSufficientFundTransferValidation" time="10.864" classname="Transfers.C23402_VerifyInSufficientFundTransferValidation"/>
</testsuite> <!-- Transfers.C23402_VerifyInSufficientFundTransferValidation -->
