<?xml version="1.0" encoding="UTF-8"?>
<!-- Generated by org.testng.reporters.JUnitReportReporter -->
<testsuite skipped="0" hostname="sravyakarthik" name="com.testcases.C23502_VerifyAccountAlertSetupForTransactions" tests="1" failures="0" timestamp="15 Jun 2019 05:19:06 GMT" time="32.391" errors="0">
  <testcase name="C23502_VerifyAccountAlertSetupForTransactions" time="32.391" classname="com.testcases.C23502_VerifyAccountAlertSetupForTransactions"/>
</testsuite> <!-- com.testcases.C23502_VerifyAccountAlertSetupForTransactions -->
