<?xml version="1.0" encoding="UTF-8"?>
<!-- Generated by org.testng.reporters.JUnitReportReporter -->
<testsuite skipped="0" hostname="sravyakarthik" name="M_M_Transfer.C23603_VerifySavingAccountM2MSingleTransfer" tests="1" failures="0" timestamp="21 Aug 2019 14:02:16 GMT" time="83.691" errors="0">
  <testcase name="C23603_VerifySavingAccountM2MSingleTransfer" time="83.691" classname="M_M_Transfer.C23603_VerifySavingAccountM2MSingleTransfer"/>
</testsuite> <!-- M_M_Transfer.C23603_VerifySavingAccountM2MSingleTransfer -->
