<?xml version="1.0" encoding="UTF-8"?>
<!-- Generated by org.testng.reporters.JUnitReportReporter -->
<testsuite skipped="0" hostname="LAPTOP-1F0JMU93" name="com.testcases.C23460_VerifyWireTransferSearchRecipient" tests="1" failures="0" timestamp="10 Jun 2019 19:53:52 GMT" time="14.071" errors="0">
  <testcase name="C23460_VerifyWireTransferSearchRecipient" time="14.071" classname="com.testcases.C23460_VerifyWireTransferSearchRecipient"/>
</testsuite> <!-- com.testcases.C23460_VerifyWireTransferSearchRecipient -->
