<?xml version="1.0" encoding="UTF-8"?>
<!-- Generated by org.testng.reporters.JUnitReportReporter -->
<testsuite skipped="0" hostname="LAPTOP-1F0JMU93" name="com.testcases.C23643_VerifyActivityCenterTransactionsPerPage" tests="1" failures="0" timestamp="20 Jun 2019 04:16:08 GMT" time="8.540" errors="0">
  <testcase name="C23643_VerifyActivityCenterTransactionsPerPage" time="8.540" classname="com.testcases.C23643_VerifyActivityCenterTransactionsPerPage"/>
</testsuite> <!-- com.testcases.C23643_VerifyActivityCenterTransactionsPerPage -->
