<?xml version="1.0" encoding="UTF-8"?>
<!-- Generated by org.testng.reporters.JUnitReportReporter -->
<testsuite skipped="0" hostname="LAPTOP-1F0JMU93" name="com.testcases.C23430_VerifyStopPaymentAmountField" tests="1" failures="0" timestamp="18 Jun 2019 05:47:45 GMT" time="28.534" errors="0">
  <testcase name="C23430_VerifyStopPaymentAmountField" time="28.534" classname="com.testcases.C23430_VerifyStopPaymentAmountField"/>
</testsuite> <!-- com.testcases.C23430_VerifyStopPaymentAmountField -->
