<?xml version="1.0" encoding="UTF-8"?>
<!-- Generated by org.testng.reporters.JUnitReportReporter -->
<testsuite skipped="0" hostname="LAPTOP-1F0JMU93" name="com.testcases.C23428_VerifyClearCheckNumber" tests="1" failures="0" timestamp="10 Jun 2019 20:28:03 GMT" time="25.720" errors="0">
  <testcase name="C23428_VerifyClearCheckNumber" time="25.720" classname="com.testcases.C23428_VerifyClearCheckNumber"/>
</testsuite> <!-- com.testcases.C23428_VerifyClearCheckNumber -->
