<?xml version="1.0" encoding="UTF-8"?>
<!-- Generated by org.testng.reporters.JUnitReportReporter -->
<testsuite skipped="0" hostname="LAPTOP-1F0JMU93" name="com.testcases.C23522_VerifyLogoutPageAfterApplicationLogout" tests="1" failures="0" timestamp="17 Jun 2019 16:55:49 GMT" time="68.538" errors="0">
  <testcase name="C23522_VerifyLogoutPageAfterApplicationLogout" time="68.538" classname="com.testcases.C23522_VerifyLogoutPageAfterApplicationLogout"/>
</testsuite> <!-- com.testcases.C23522_VerifyLogoutPageAfterApplicationLogout -->
