<?xml version="1.0" encoding="UTF-8"?>
<!-- Generated by org.testng.reporters.JUnitReportReporter -->
<testsuite skipped="0" hostname="sravyakarthik" name="com.testcases.C23505_VerifyAlertEdit" tests="1" failures="0" timestamp="15 Jun 2019 05:21:47 GMT" time="47.758" errors="0">
  <testcase name="C23505_VerifyAlertEdit" time="47.758" classname="com.testcases.C23505_VerifyAlertEdit"/>
</testsuite> <!-- com.testcases.C23505_VerifyAlertEdit -->
