<?xml version="1.0" encoding="UTF-8"?>
<!-- Generated by org.testng.reporters.JUnitReportReporter -->
<testsuite skipped="0" hostname="LAPTOP-1F0JMU93" name="com.testcases.C23646_VerifyActivityCenterInquiryTransaction" tests="1" failures="0" timestamp="20 Jun 2019 05:31:20 GMT" time="27.035" errors="0">
  <testcase name="C23646_VerifyActivityCenterInquiryTransaction" time="27.035" classname="com.testcases.C23646_VerifyActivityCenterInquiryTransaction"/>
</testsuite> <!-- com.testcases.C23646_VerifyActivityCenterInquiryTransaction -->
