<?xml version="1.0" encoding="UTF-8"?>
<!-- Generated by org.testng.reporters.JUnitReportReporter -->
<testsuite skipped="0" hostname="sravyakarthik" name="Transfers.C23413_VerifySingleTransactionInActivityCenter" tests="1" failures="0" timestamp="22 Aug 2019 13:37:08 GMT" time="18.714" errors="0">
  <testcase name="C23413_VerifySingleTransactionInActivityCenter" time="18.714" classname="Transfers.C23413_VerifySingleTransactionInActivityCenter"/>
</testsuite> <!-- Transfers.C23413_VerifySingleTransactionInActivityCenter -->
