<?xml version="1.0" encoding="UTF-8"?>
<!-- Generated by org.testng.reporters.JUnitReportReporter -->
<testsuite skipped="0" hostname="LAPTOP-1F0JMU93" name="Make_A_Payment.C23508_VerifyMakeRecurringCommercialLoanPayment" tests="1" failures="0" timestamp="03 Nov 2019 15:14:24 GMT" time="56.796" errors="0">
  <testcase name="C23508_VerifyMakeRecurringCommercialLoanPayment" time="56.796" classname="Make_A_Payment.C23508_VerifyMakeRecurringCommercialLoanPayment"/>
</testsuite> <!-- Make_A_Payment.C23508_VerifyMakeRecurringCommercialLoanPayment -->
