<?xml version="1.0" encoding="UTF-8"?>
<!-- Generated by org.testng.reporters.JUnitReportReporter -->
<testsuite skipped="0" hostname="LAPTOP-1F0JMU93" name="com.testcases.C23643_VerifyActivityCenterTransactionsPerPage" tests="1" failures="0" timestamp="24 Jan 2020 19:39:28 GMT" time="9.191" errors="0">
  <testcase name="C23643_VerifyActivityCenterTransactionsPerPage" time="9.191" classname="com.testcases.C23643_VerifyActivityCenterTransactionsPerPage"/>
</testsuite> <!-- com.testcases.C23643_VerifyActivityCenterTransactionsPerPage -->
