<?xml version="1.0" encoding="UTF-8"?>
<!-- Generated by org.testng.reporters.JUnitReportReporter -->
<testsuite hostname="abrown-813SZW1" name="Alerts.C23469_VerifyAlertsSetup" tests="1" failures="0" timestamp="13 Nov 2019 01:04:19 GMT" time="11.211" errors="0">
  <testcase name="C23469_VerifyAlertsSetup" time="11.211" classname="Alerts.C23469_VerifyAlertsSetup"/>
</testsuite> <!-- Alerts.C23469_VerifyAlertsSetup -->
