<?xml version="1.0" encoding="UTF-8"?>
<!-- Generated by org.testng.reporters.JUnitReportReporter -->
<testsuite skipped="0" hostname="LAPTOP-1F0JMU93" name="Transfers.C23414_VerifyRecurringTransactionInActivityCenter" tests="1" failures="0" timestamp="28 Jan 2020 15:28:40 GMT" time="17.824" errors="0">
  <testcase name="C23414_VerifyRecurringTransactionInActivityCenter" time="17.824" classname="Transfers.C23414_VerifyRecurringTransactionInActivityCenter"/>
</testsuite> <!-- Transfers.C23414_VerifyRecurringTransactionInActivityCenter -->
