<?xml version="1.0" encoding="UTF-8"?>
<!-- Generated by org.testng.reporters.JUnitReportReporter -->
<testsuite skipped="0" hostname="LAPTOP-1F0JMU93" name="Transfers.C23400_VerifyTransferFundsButton" tests="1" failures="0" timestamp="10 Oct 2019 14:31:27 GMT" time="4.573" errors="0">
  <testcase name="C23400_VerifyTransferFundsButton" time="4.573" classname="Transfers.C23400_VerifyTransferFundsButton"/>
</testsuite> <!-- Transfers.C23400_VerifyTransferFundsButton -->
