<?xml version="1.0" encoding="UTF-8"?>
<!-- Generated by org.testng.reporters.JUnitReportReporter -->
<testsuite skipped="0" hostname="sravyakarthik" name="com.testcases.C23627_VerifyCreateFavoriteSearchTemplate" tests="1" failures="0" timestamp="15 Jun 2019 04:51:30 GMT" time="26.669" errors="0">
  <testcase name="C23627_VerifyCreateFavoriteSearchTemplate" time="26.669" classname="com.testcases.C23627_VerifyCreateFavoriteSearchTemplate"/>
</testsuite> <!-- com.testcases.C23627_VerifyCreateFavoriteSearchTemplate -->
