<?xml version="1.0" encoding="UTF-8"?>
<!-- Generated by org.testng.reporters.JUnitReportReporter -->
<testsuite skipped="0" hostname="sravyakarthik" name="com.testcases.VerifyTransferFundsButton" tests="1" failures="0" timestamp="13 May 2019 01:52:13 GMT" time="4.772" errors="0">
  <testcase name="VerifyTransferFundsButton" time="4.772" classname="com.testcases.VerifyTransferFundsButton"/>
</testsuite> <!-- com.testcases.VerifyTransferFundsButton -->
