<?xml version="1.0" encoding="UTF-8"?>
<!-- Generated by org.testng.reporters.JUnitReportReporter -->
<testsuite skipped="0" hostname="sravyakarthik" name="com.testcases.C23506_VerifyAlertOnOff" tests="1" failures="0" timestamp="10 Jun 2019 13:50:09 GMT" time="16.078" errors="0">
  <testcase name="C23506_VerifyALertOnOff" time="16.078" classname="com.testcases.C23506_VerifyAlertOnOff"/>
</testsuite> <!-- com.testcases.C23506_VerifyAlertOnOff -->
