<?xml version="1.0" encoding="UTF-8"?>
<!-- Generated by org.testng.reporters.JUnitReportReporter -->
<testsuite skipped="0" hostname="LAPTOP-1F0JMU93" name="Transfers.C23401_VerifySelectedFromAccountNotInToAccount" tests="1" failures="0" timestamp="06 Nov 2019 19:16:03 GMT" time="59.876" errors="0">
  <testcase name="C23401_VerifySelectedFromAccountNotInToAccount" time="59.876" classname="Transfers.C23401_VerifySelectedFromAccountNotInToAccount"/>
</testsuite> <!-- Transfers.C23401_VerifySelectedFromAccountNotInToAccount -->
