<?xml version="1.0" encoding="UTF-8"?>
<!-- Generated by org.testng.reporters.JUnitReportReporter -->
<testsuite skipped="0" hostname="LAPTOP-1F0JMU93" name="Transfers.C23401_VerifySelectedFromAccountNotInToAccount" tests="1" failures="0" timestamp="20 Jan 2020 19:41:15 GMT" time="11.249" errors="0">
  <testcase name="C23401_VerifySelectedFromAccountNotInToAccount" time="11.249" classname="Transfers.C23401_VerifySelectedFromAccountNotInToAccount"/>
</testsuite> <!-- Transfers.C23401_VerifySelectedFromAccountNotInToAccount -->
