<?xml version="1.0" encoding="UTF-8"?>
<!-- Generated by org.testng.reporters.JUnitReportReporter -->
<testsuite skipped="0" hostname="LAPTOP-1F0JMU93" name="Transfers.C23403_VerifyMemoFieldLimit" tests="1" failures="0" timestamp="06 Nov 2019 19:37:20 GMT" time="49.006" errors="0">
  <testcase name="C23403_VerifyMemoFieldLimit" time="49.006" classname="Transfers.C23403_VerifyMemoFieldLimit"/>
</testsuite> <!-- Transfers.C23403_VerifyMemoFieldLimit -->
