<?xml version="1.0" encoding="UTF-8"?>
<!-- Generated by org.testng.reporters.JUnitReportReporter -->
<testsuite skipped="0" hostname="LAPTOP-1F0JMU93" name="M_M_Transfer.C23600_VerifyLinkInValidAccountValidation" tests="1" failures="0" timestamp="17 Jan 2020 18:14:09 GMT" time="69.723" errors="0">
  <testcase name="C23600_VerifyLinkInValidAccountValidation" time="69.723" classname="M_M_Transfer.C23600_VerifyLinkInValidAccountValidation"/>
</testsuite> <!-- M_M_Transfer.C23600_VerifyLinkInValidAccountValidation -->
