<?xml version="1.0" encoding="UTF-8"?>
<!-- Generated by org.testng.reporters.JUnitReportReporter -->
<testsuite skipped="0" hostname="sravyakarthik" name="com.testcases.C23669_VerifyActivityCenterTransactionFilteringWithTransactionID" tests="1" failures="0" timestamp="21 Jun 2019 12:57:29 GMT" time="22.656" errors="0">
  <testcase name="C23669_VerifyActivityCenterTransactionFilteringWithTransactionID" time="22.656" classname="com.testcases.C23669_VerifyActivityCenterTransactionFilteringWithTransactionID"/>
</testsuite> <!-- com.testcases.C23669_VerifyActivityCenterTransactionFilteringWithTransactionID -->
