<?xml version="1.0" encoding="UTF-8"?>
<!-- Generated by org.testng.reporters.JUnitReportReporter -->
<testsuite skipped="0" hostname="LAPTOP-1F0JMU93" name="com.testcases.C23400_VerifyTransferFundsButton" tests="1" failures="0" timestamp="23 Jul 2019 19:39:42 GMT" time="3.095" errors="0">
  <testcase name="C23400_VerifyTransferFundsButton" time="3.095" classname="com.testcases.C23400_VerifyTransferFundsButton"/>
</testsuite> <!-- com.testcases.C23400_VerifyTransferFundsButton -->
