<?xml version="1.0" encoding="UTF-8"?>
<!-- Generated by org.testng.reporters.JUnitReportReporter -->
<testsuite skipped="0" hostname="LAPTOP-1F0JMU93" name="M_M_Transfer.C23415_VerifySingleTransfer" tests="1" failures="0" timestamp="06 Nov 2019 17:14:28 GMT" time="26.873" errors="0">
  <testcase name="C23415_VerifySingleTransfer" time="26.873" classname="M_M_Transfer.C23415_VerifySingleTransfer"/>
</testsuite> <!-- M_M_Transfer.C23415_VerifySingleTransfer -->
