<?xml version="1.0" encoding="UTF-8"?>
<!-- Generated by org.testng.reporters.JUnitReportReporter -->
<testsuite skipped="0" hostname="LAPTOP-1F0JMU93" name="com.testcases.C23660_VerifyActivityCenterTransactionFilteringWithTransactionType" tests="1" failures="0" timestamp="22 Jul 2019 14:38:09 GMT" time="51.151" errors="0">
  <testcase name="C23660_VerifyActivityCenterTransactionFilteringWithTransactionType" time="51.151" classname="com.testcases.C23660_VerifyActivityCenterTransactionFilteringWithTransactionType"/>
</testsuite> <!-- com.testcases.C23660_VerifyActivityCenterTransactionFilteringWithTransactionType -->
