<?xml version="1.0" encoding="UTF-8"?>
<!-- Generated by org.testng.reporters.JUnitReportReporter -->
<testsuite skipped="0" hostname="LAPTOP-1F0JMU93" name="com.testcases.C23518_VerifyLoginPagePrivacyNoticeOption" tests="1" failures="0" timestamp="10 Jun 2019 18:35:39 GMT" time="4.340" errors="0">
  <testcase name="C23518_VerifyLoginPagePrivacyNoticeOption" time="4.340" classname="com.testcases.C23518_VerifyLoginPagePrivacyNoticeOption"/>
</testsuite> <!-- com.testcases.C23518_VerifyLoginPagePrivacyNoticeOption -->
