<?xml version="1.0" encoding="UTF-8"?>
<!-- Generated by org.testng.reporters.JUnitReportReporter -->
<testsuite skipped="0" hostname="LAPTOP-1F0JMU93" name="M_M_Transfer.C23602_VerifyM2MTransferCheckingAccountLinking" tests="1" failures="0" timestamp="06 Nov 2019 18:17:00 GMT" time="22.737" errors="0">
  <testcase name="C23602_VerifyM2MTransferCheckingAccountLinking" time="22.737" classname="M_M_Transfer.C23602_VerifyM2MTransferCheckingAccountLinking"/>
</testsuite> <!-- M_M_Transfer.C23602_VerifyM2MTransferCheckingAccountLinking -->
