<?xml version="1.0" encoding="UTF-8"?>
<!-- Generated by org.testng.reporters.JUnitReportReporter -->
<testsuite skipped="0" hostname="sravyakarthik" name="com.testcases.C23425_VerifyLocationSearch" tests="1" failures="0" timestamp="15 Jun 2019 04:41:28 GMT" time="23.071" errors="0">
  <testcase name="C23425_VerifyLocationSearch" time="23.071" classname="com.testcases.C23425_VerifyLocationSearch"/>
</testsuite> <!-- com.testcases.C23425_VerifyLocationSearch -->
