<?xml version="1.0" encoding="UTF-8"?>
<!-- Generated by org.testng.reporters.JUnitReportReporter -->
<testsuite skipped="0" hostname="LAPTOP-1F0JMU93" name="Transfers.C23403_VerifyMemoFieldLimit" tests="1" failures="0" timestamp="20 Jan 2020 19:41:15 GMT" time="9.006" errors="0">
  <testcase name="C23403_VerifyMemoFieldLimit" time="9.006" classname="Transfers.C23403_VerifyMemoFieldLimit"/>
</testsuite> <!-- Transfers.C23403_VerifyMemoFieldLimit -->
