<?xml version="1.0" encoding="UTF-8"?>
<!-- Generated by org.testng.reporters.JUnitReportReporter -->
<testsuite skipped="0" hostname="LAPTOP-1F0JMU93" name="M_M_Transfer.C23603_VerifySavingAccountM2MSingleTransfer" tests="1" failures="0" timestamp="15 Oct 2019 20:01:12 GMT" time="43.253" errors="0">
  <testcase name="C23603_VerifySavingAccountM2MSingleTransfer" time="43.253" classname="M_M_Transfer.C23603_VerifySavingAccountM2MSingleTransfer"/>
</testsuite> <!-- M_M_Transfer.C23603_VerifySavingAccountM2MSingleTransfer -->
