<?xml version="1.0" encoding="UTF-8"?>
<!-- Generated by org.testng.reporters.JUnitReportReporter -->
<testsuite skipped="0" hostname="LAPTOP-1F0JMU93" name="com.testcases.VerifyWelcomePageOnHomePage" tests="1" failures="0" timestamp="17 Jun 2019 16:42:26 GMT" time="0.058" errors="0">
  <testcase name="VerifyWelcomePageOnHomePage" time="0.058" classname="com.testcases.VerifyWelcomePageOnHomePage"/>
</testsuite> <!-- com.testcases.VerifyWelcomePageOnHomePage -->
