<?xml version="1.0" encoding="UTF-8"?>
<!-- Generated by org.testng.reporters.JUnitReportReporter -->
<testsuite skipped="0" hostname="sravyakarthik" name="M_M_Transfer.C23415_VerifySingleTransfer" tests="1" failures="0" timestamp="21 Aug 2019 04:39:38 GMT" time="7.474" errors="0">
  <testcase name="C23415_VerifySingleTransfer" time="7.474" classname="M_M_Transfer.C23415_VerifySingleTransfer"/>
</testsuite> <!-- M_M_Transfer.C23415_VerifySingleTransfer -->
