<?xml version="1.0" encoding="UTF-8"?>
<!-- Generated by org.testng.reporters.JUnitReportReporter -->
<testsuite skipped="0" hostname="LAPTOP-1F0JMU93" name="com.testcases.C23470_VerifyAccountNicknameUpdation" tests="1" failures="0" timestamp="18 Jun 2019 05:26:25 GMT" time="27.538" errors="0">
  <testcase name="C23470_VerifyAccountNicknameUpdation" time="27.538" classname="com.testcases.C23470_VerifyAccountNicknameUpdation"/>
</testsuite> <!-- com.testcases.C23470_VerifyAccountNicknameUpdation -->
