<?xml version="1.0" encoding="UTF-8"?>
<!-- Generated by org.testng.reporters.JUnitReportReporter -->
<testsuite skipped="0" hostname="LAPTOP-1F0JMU93" name="M_M_Transfer.C23600_VerifyLinkInValidAccountValidation" tests="1" failures="0" timestamp="15 Oct 2019 19:24:05 GMT" time="15.558" errors="0">
  <testcase name="C23600_VerifyLinkInValidAccountValidation" time="15.558" classname="M_M_Transfer.C23600_VerifyLinkInValidAccountValidation"/>
</testsuite> <!-- M_M_Transfer.C23600_VerifyLinkInValidAccountValidation -->
