<?xml version="1.0" encoding="UTF-8"?>
<!-- Generated by org.testng.reporters.JUnitReportReporter -->
<testsuite skipped="0" hostname="sravyakarthik" name="com.testcases.C23625_VerifyTransactionActionsLinkOnActivityCenter" tests="1" failures="0" timestamp="15 Jun 2019 04:46:36 GMT" time="10.162" errors="0">
  <testcase name="C23625_VerifyTransactionActionsLinkOnActivityCenter" time="10.162" classname="com.testcases.C23625_VerifyTransactionActionsLinkOnActivityCenter"/>
</testsuite> <!-- com.testcases.C23625_VerifyTransactionActionsLinkOnActivityCenter -->
