<?xml version="1.0" encoding="UTF-8"?>
<!-- Generated by org.testng.reporters.JUnitReportReporter -->
<testsuite skipped="0" hostname="LAPTOP-1F0JMU93" name="com.testcases.C23644_VerifyActivityCenterInformativeMessage" tests="1" failures="0" timestamp="20 Jun 2019 04:18:24 GMT" time="38.875" errors="0">
  <testcase name="C23644_VerifyActivityCenterInformativeMessage" time="38.875" classname="com.testcases.C23644_VerifyActivityCenterInformativeMessage"/>
</testsuite> <!-- com.testcases.C23644_VerifyActivityCenterInformativeMessage -->
