<?xml version="1.0" encoding="UTF-8"?>
<!-- Generated by org.testng.reporters.JUnitReportReporter -->
<testsuite skipped="0" hostname="sravyakarthik" name="com.testcases.C23616_VerifyActivityCenterTransactionSorting" tests="1" failures="0" timestamp="15 Jun 2019 04:24:45 GMT" time="37.429" errors="0">
  <testcase name="C23616_VerifyActivityCenterTransactionSorting" time="37.429" classname="com.testcases.C23616_VerifyActivityCenterTransactionSorting"/>
</testsuite> <!-- com.testcases.C23616_VerifyActivityCenterTransactionSorting -->
