<?xml version="1.0" encoding="UTF-8"?>
<!-- Generated by org.testng.reporters.JUnitReportReporter -->
<testsuite skipped="0" hostname="LAPTOP-1F0JMU93" name="com.testcases.C23408_VerifyRepeatForeverCheckBox" tests="1" failures="0" timestamp="24 Jul 2019 12:58:32 GMT" time="48.628" errors="0">
  <testcase name="C23408_VerifyRepeatForeverCheckBox" time="48.628" classname="com.testcases.C23408_VerifyRepeatForeverCheckBox"/>
</testsuite> <!-- com.testcases.C23408_VerifyRepeatForeverCheckBox -->
