<?xml version="1.0" encoding="UTF-8"?>
<!-- Generated by org.testng.reporters.JUnitReportReporter -->
<testsuite skipped="0" hostname="LAPTOP-1F0JMU93" name="com.testcases.C23503_VerifyHistoryAlertSetupForCheckTransaction" tests="1" failures="0" timestamp="10 Jun 2019 21:13:35 GMT" time="31.691" errors="0">
  <testcase name="C23503_VerifyHistoryAlertSetupForCheckTransaction" time="31.691" classname="com.testcases.C23503_VerifyHistoryAlertSetupForCheckTransaction"/>
</testsuite> <!-- com.testcases.C23503_VerifyHistoryAlertSetupForCheckTransaction -->
