<?xml version="1.0" encoding="UTF-8"?>
<!-- Generated by org.testng.reporters.JUnitReportReporter -->
<testsuite skipped="0" hostname="LAPTOP-1F0JMU93" name="com.testcases.VerifyLogout" tests="1" failures="0" timestamp="08 May 2019 17:07:16 GMT" time="42.390" errors="0">
  <testcase name="VerifyLogout" time="42.390" classname="com.testcases.VerifyLogout"/>
</testsuite> <!-- com.testcases.VerifyLogout -->
