<?xml version="1.0" encoding="UTF-8"?>
<!-- Generated by org.testng.reporters.JUnitReportReporter -->
<testsuite skipped="0" hostname="LAPTOP-1F0JMU93" name="com.testcases.C23666_VerifyActivityCenterTransactionFilteringWithAccount" tests="1" failures="0" timestamp="24 Jan 2020 18:40:51 GMT" time="38.205" errors="0">
  <testcase name="C23666_VerifyActivityCenterTransactionFilteringWithAccount" time="38.205" classname="com.testcases.C23666_VerifyActivityCenterTransactionFilteringWithAccount"/>
</testsuite> <!-- com.testcases.C23666_VerifyActivityCenterTransactionFilteringWithAccount -->
