<?xml version="1.0" encoding="UTF-8"?>
<!-- Generated by org.testng.reporters.JUnitReportReporter -->
<testsuite skipped="0" hostname="sravyakarthik" name="C23493_VerifyAccountBalanceAlertSetupViaPhone" tests="1" failures="0" timestamp="05 Jun 2019 12:30:28 GMT" time="40.975" errors="0">
  <testcase name="C23493_VerifyAccountBalanceAlertSetupViaPhone" time="40.975" classname="C23493_VerifyAccountBalanceAlertSetupViaPhone"/>
</testsuite> <!-- C23493_VerifyAccountBalanceAlertSetupViaPhone -->
