<?xml version="1.0" encoding="UTF-8"?>
<!-- Generated by org.testng.reporters.JUnitReportReporter -->
<testsuite skipped="0" hostname="sravyakarthik" name="com.testcases.C23452_VerifyAccountDetailTransactionSearchByAmountRange" tests="1" failures="0" timestamp="27 Jun 2019 06:16:37 GMT" time="27.298" errors="0">
  <testcase name="C23452_VerifyAccountDetailTransactionSearchByAmountRange" time="27.298" classname="com.testcases.C23452_VerifyAccountDetailTransactionSearchByAmountRange"/>
</testsuite> <!-- com.testcases.C23452_VerifyAccountDetailTransactionSearchByAmountRange -->
