<?xml version="1.0" encoding="UTF-8"?>
<!-- Generated by org.testng.reporters.JUnitReportReporter -->
<testsuite skipped="0" hostname="LAPTOP-1F0JMU93" name="M_M_Transfer.C23601_VerifyM2MTransferSavingAccountLinking" tests="1" failures="0" timestamp="06 Nov 2019 18:12:43 GMT" time="22.692" errors="0">
  <testcase name="C23601_VerifyM2MTransferSavingAccountLinking" time="22.692" classname="M_M_Transfer.C23601_VerifyM2MTransferSavingAccountLinking"/>
</testsuite> <!-- M_M_Transfer.C23601_VerifyM2MTransferSavingAccountLinking -->
