<?xml version="1.0" encoding="UTF-8"?>
<!-- Generated by org.testng.reporters.JUnitReportReporter -->
<testsuite skipped="0" hostname="LAPTOP-1F0JMU93" name="com.testcases.C23501_VerifyMakeRecurringMortageLoanPayment" tests="1" failures="0" timestamp="12 Jun 2019 18:00:04 GMT" time="30.852" errors="0">
  <testcase name="C23501_VerifyMakeRecurringMortageLoanPayment" time="30.852" classname="com.testcases.C23501_VerifyMakeRecurringMortageLoanPayment"/>
</testsuite> <!-- com.testcases.C23501_VerifyMakeRecurringMortageLoanPayment -->
