<?xml version="1.0" encoding="UTF-8"?>
<!-- Generated by org.testng.reporters.JUnitReportReporter -->
<testsuite skipped="0" hostname="LAPTOP-1F0JMU93" name="com.testcases.C23645_VerifyActivityCenterCancelTransaction" tests="1" failures="0" timestamp="24 Jan 2020 19:48:04 GMT" time="74.470" errors="0">
  <testcase name="C23645_VerifyActivityCenterCancelTransaction" time="74.470" classname="com.testcases.C23645_VerifyActivityCenterCancelTransaction"/>
</testsuite> <!-- com.testcases.C23645_VerifyActivityCenterCancelTransaction -->
