<?xml version="1.0" encoding="UTF-8"?>
<!-- Generated by org.testng.reporters.JUnitReportReporter -->
<testsuite skipped="0" hostname="LAPTOP-1F0JMU93" name="com.testcases.C23402_VerifyInSufficientFundTransferValidation" tests="1" failures="0" timestamp="25 Jul 2019 14:10:28 GMT" time="10.807" errors="0">
  <testcase name="C23402_VerifyInSufficientFundTransferValidation" time="10.807" classname="com.testcases.C23402_VerifyInSufficientFundTransferValidation"/>
</testsuite> <!-- com.testcases.C23402_VerifyInSufficientFundTransferValidation -->
