<?xml version="1.0" encoding="UTF-8"?>
<!-- Generated by org.testng.reporters.JUnitReportReporter -->
<testsuite skipped="0" hostname="LAPTOP-1F0JMU93" name="com.testcases.C23665_VerifyActivityCenterTransactionFilteringWithStatus" tests="1" failures="0" timestamp="22 Jul 2019 14:40:36 GMT" time="49.427" errors="0">
  <testcase name="C23665_VerifyActivityCenterTransactionFilteringWithStatus" time="49.427" classname="com.testcases.C23665_VerifyActivityCenterTransactionFilteringWithStatus"/>
</testsuite> <!-- com.testcases.C23665_VerifyActivityCenterTransactionFilteringWithStatus -->
