<?xml version="1.0" encoding="UTF-8"?>
<!-- Generated by org.testng.reporters.JUnitReportReporter -->
<testsuite skipped="0" hostname="LAPTOP-1F0JMU93" name="com.testcases.C23504_VerifyHistoryAlertSetupForDescriptionTransaction" tests="1" failures="0" timestamp="10 Jun 2019 21:16:01 GMT" time="31.189" errors="0">
  <testcase name="C23504_VerifyHistoryAlertSetupForDescriptionTransaction" time="31.189" classname="com.testcases.C23504_VerifyHistoryAlertSetupForDescriptionTransaction"/>
</testsuite> <!-- com.testcases.C23504_VerifyHistoryAlertSetupForDescriptionTransaction -->
