<?xml version="1.0" encoding="UTF-8"?>
<!-- Generated by org.testng.reporters.JUnitReportReporter -->
<testsuite skipped="0" hostname="sravyakarthik" name="com.testcases.C23489_VerifyOnlineTransactionAlertOnOff" tests="1" failures="0" timestamp="10 Jun 2019 14:18:24 GMT" time="22.295" errors="0">
  <testcase name="C23489_VerifyOnlineTransactionAlertOnOff" time="22.295" classname="com.testcases.C23489_VerifyOnlineTransactionAlertOnOff"/>
</testsuite> <!-- com.testcases.C23489_VerifyOnlineTransactionAlertOnOff -->
