<?xml version="1.0" encoding="UTF-8"?>
<!-- Generated by org.testng.reporters.JUnitReportReporter -->
<testsuite skipped="0" hostname="sravyakarthik" name="com.testcases.C23451_VerifyAccountDetailTransactionSearchByTransactionType" tests="1" failures="0" timestamp="27 Jun 2019 05:56:12 GMT" time="18.885" errors="0">
  <testcase name="C23451_VerifyAccountDetailTransactionSearchByTransactionType" time="18.885" classname="com.testcases.C23451_VerifyAccountDetailTransactionSearchByTransactionType"/>
</testsuite> <!-- com.testcases.C23451_VerifyAccountDetailTransactionSearchByTransactionType -->
