<?xml version="1.0" encoding="UTF-8"?>
<!-- Generated by org.testng.reporters.JUnitReportReporter -->
<testsuite skipped="0" hostname="LAPTOP-1F0JMU93" name="com.testcases.C23415_VerifySingleTransfer" tests="1" failures="0" timestamp="10 Jun 2019 18:21:09 GMT" time="8.147" errors="0">
  <testcase name="C23415_VerifySingleTransfer" time="8.147" classname="com.testcases.C23415_VerifySingleTransfer"/>
</testsuite> <!-- com.testcases.C23415_VerifySingleTransfer -->
