<?xml version="1.0" encoding="UTF-8"?>
<!-- Generated by org.testng.reporters.JUnitReportReporter -->
<testsuite skipped="0" hostname="sravyakarthik" name="com.testcases.C23494_VerifyAccountBalanceAlertSetUpViaSecureMessage" tests="1" failures="0" timestamp="11 Jun 2019 16:28:49 GMT" time="27.334" errors="0">
  <testcase name="C23494_VerifyAccountBalanceAlertSetUpViaSecureMessage" time="27.334" classname="com.testcases.C23494_VerifyAccountBalanceAlertSetUpViaSecureMessage"/>
</testsuite> <!-- com.testcases.C23494_VerifyAccountBalanceAlertSetUpViaSecureMessage -->
