<?xml version="1.0" encoding="UTF-8"?>
<!-- Generated by org.testng.reporters.JUnitReportReporter -->
<testsuite skipped="0" hostname="sravyakarthik" name="com.testcases.C23469_VerifyAlertsSetup" tests="1" failures="0" timestamp="15 Jun 2019 05:03:55 GMT" time="39.499" errors="0">
  <testcase name="C23469_VerifyAlertsSetup" time="39.499" classname="com.testcases.C23469_VerifyAlertsSetup"/>
</testsuite> <!-- com.testcases.C23469_VerifyAlertsSetup -->
