<?xml version="1.0" encoding="UTF-8"?>
<!-- Generated by org.testng.reporters.JUnitReportReporter -->
<testsuite skipped="0" hostname="LAPTOP-1F0JMU93" name="Transfers.C23496_VerifyMoreThanLineOfCreditAmountTransfer" tests="1" failures="0" timestamp="24 Oct 2019 19:47:57 GMT" time="37.066" errors="0">
  <testcase name="C23496_VerifyMoreThanLineOfCreditAmountTransfer" time="37.066" classname="Transfers.C23496_VerifyMoreThanLineOfCreditAmountTransfer"/>
</testsuite> <!-- Transfers.C23496_VerifyMoreThanLineOfCreditAmountTransfer -->
