<?xml version="1.0" encoding="UTF-8"?>
<!-- Generated by org.testng.reporters.JUnitReportReporter -->
<testsuite skipped="0" hostname="sravyakarthik" name="com.testcases.C23475_VerifyDateAlertSetupViaPhone" tests="1" failures="0" timestamp="15 Jun 2019 05:08:42 GMT" time="39.653" errors="0">
  <testcase name="C23475_VerifyDateAlertSetupViaPhone" time="39.653" classname="com.testcases.C23475_VerifyDateAlertSetupViaPhone"/>
</testsuite> <!-- com.testcases.C23475_VerifyDateAlertSetupViaPhone -->
