<?xml version="1.0" encoding="UTF-8"?>
<!-- Generated by org.testng.reporters.JUnitReportReporter -->
<testsuite skipped="0" hostname="sravyakarthik" name="com.testcases.VerifySelectedFromAccountNotInToAccount" tests="1" failures="0" timestamp="13 May 2019 01:32:26 GMT" time="13.155" errors="0">
  <testcase name="VerifySelectedFromAccountNotInToAccount" time="13.155" classname="com.testcases.VerifySelectedFromAccountNotInToAccount"/>
</testsuite> <!-- com.testcases.VerifySelectedFromAccountNotInToAccount -->
