<?xml version="1.0" encoding="UTF-8"?>
<!-- Generated by org.testng.reporters.JUnitReportReporter -->
<testsuite skipped="0" hostname="LAPTOP-1F0JMU93" name="Transfers.C23413_VerifySingleTransactionInActivityCenter" tests="1" failures="0" timestamp="21 Oct 2019 20:25:41 GMT" time="18.530" errors="0">
  <testcase name="C23413_VerifySingleTransactionInActivityCenter" time="18.530" classname="Transfers.C23413_VerifySingleTransactionInActivityCenter"/>
</testsuite> <!-- Transfers.C23413_VerifySingleTransactionInActivityCenter -->
