<?xml version="1.0" encoding="UTF-8"?>
<!-- Generated by org.testng.reporters.JUnitReportReporter -->
<testsuite skipped="0" hostname="sravyakarthik" name="Transfers.C23685_VerifyOneTimeFundTransfer" tests="1" failures="0" timestamp="22 Aug 2019 13:46:21 GMT" time="38.375" errors="0">
  <testcase name="VerifyOneTimeFundTransfer" time="38.375" classname="Transfers.C23685_VerifyOneTimeFundTransfer"/>
</testsuite> <!-- Transfers.C23685_VerifyOneTimeFundTransfer -->
