<?xml version="1.0" encoding="UTF-8"?>
<!-- Generated by org.testng.reporters.JUnitReportReporter -->
<testsuite skipped="0" hostname="LAPTOP-1F0JMU93" name="com.testcases.C23448_VerifyWireTransferAddNewRecipient" tests="1" failures="0" timestamp="18 Jun 2019 05:37:34 GMT" time="33.344" errors="0">
  <testcase name="C23448_VerifyWireTransferAddNewRecipient" time="33.344" classname="com.testcases.C23448_VerifyWireTransferAddNewRecipient"/>
</testsuite> <!-- com.testcases.C23448_VerifyWireTransferAddNewRecipient -->
