<?xml version="1.0" encoding="UTF-8"?>
<!-- Generated by org.testng.reporters.JUnitReportReporter -->
<testsuite skipped="0" hostname="LAPTOP-1F0JMU93" name="Transfers.C23685_VerifyOneTimeFundTransfer" tests="1" failures="0" timestamp="20 Jan 2020 19:43:11 GMT" time="40.289" errors="0">
  <testcase name="VerifyOneTimeFundTransfer" time="40.289" classname="Transfers.C23685_VerifyOneTimeFundTransfer"/>
</testsuite> <!-- Transfers.C23685_VerifyOneTimeFundTransfer -->
