<?xml version="1.0" encoding="UTF-8"?>
<!-- Generated by org.testng.reporters.JUnitReportReporter -->
<testsuite skipped="0" hostname="sravyakarthik" name="Transfers.C23408_VerifyRepeatForeverCheckBox" tests="1" failures="0" timestamp="22 Aug 2019 13:35:48 GMT" time="53.291" errors="0">
  <testcase name="C23408_VerifyRepeatForeverCheckBox" time="53.291" classname="Transfers.C23408_VerifyRepeatForeverCheckBox"/>
</testsuite> <!-- Transfers.C23408_VerifyRepeatForeverCheckBox -->
