<?xml version="1.0" encoding="UTF-8"?>
<!-- Generated by org.testng.reporters.JUnitReportReporter -->
<testsuite skipped="0" hostname="sravyakarthik" name="com.testcases.C23446_VerifyAccountDetailTransactionSearchByTime" tests="1" failures="0" timestamp="25 Jun 2019 06:30:47 GMT" time="19.361" errors="0">
  <testcase name="C23446_VerifyAccountDetailTransactionSearchByTime" time="19.361" classname="com.testcases.C23446_VerifyAccountDetailTransactionSearchByTime"/>
</testsuite> <!-- com.testcases.C23446_VerifyAccountDetailTransactionSearchByTime -->
