<?xml version="1.0" encoding="UTF-8"?>
<!-- Generated by org.testng.reporters.JUnitReportReporter -->
<testsuite skipped="0" hostname="LAPTOP-1F0JMU93" name="M_M_Transfer.C23603_VerifySavingAccountM2MSingleTransfer" tests="1" failures="0" timestamp="17 Jan 2020 18:34:26 GMT" time="71.692" errors="0">
  <testcase name="C23603_VerifySavingAccountM2MSingleTransfer" time="71.692" classname="M_M_Transfer.C23603_VerifySavingAccountM2MSingleTransfer"/>
</testsuite> <!-- M_M_Transfer.C23603_VerifySavingAccountM2MSingleTransfer -->
