<?xml version="1.0" encoding="UTF-8"?>
<!-- Generated by org.testng.reporters.JUnitReportReporter -->
<testsuite skipped="0" hostname="sravyakarthik" name="com.testcases.C23474_VerifyDateAlertSetup" tests="1" failures="0" timestamp="15 Jun 2019 05:06:11 GMT" time="24.883" errors="0">
  <testcase name="C23474_VerifyDateAlertSetup" time="24.883" classname="com.testcases.C23474_VerifyDateAlertSetup"/>
</testsuite> <!-- com.testcases.C23474_VerifyDateAlertSetup -->
