<?xml version="1.0" encoding="UTF-8"?>
<!-- Generated by org.testng.reporters.JUnitReportReporter -->
<testsuite skipped="0" hostname="LAPTOP-1F0JMU93" name="com.testcases.C23644_VerifyActivityCenterInformativeMessage" tests="1" failures="0" timestamp="24 Jan 2020 19:41:42 GMT" time="41.220" errors="0">
  <testcase name="C23644_VerifyActivityCenterInformativeMessage" time="41.220" classname="com.testcases.C23644_VerifyActivityCenterInformativeMessage"/>
</testsuite> <!-- com.testcases.C23644_VerifyActivityCenterInformativeMessage -->
