<?xml version="1.0" encoding="UTF-8"?>
<!-- Generated by org.testng.reporters.JUnitReportReporter -->
<testsuite skipped="0" hostname="LAPTOP-1F0JMU93" name="com.testcases.C24086_VerifyPrimaryApplicantPage" tests="1" failures="0" timestamp="31 Jul 2019 13:25:55 GMT" time="80.016" errors="0">
  <testcase name="C24086_VerifyPrimaryApplicantPage" time="80.016" classname="com.testcases.C24086_VerifyPrimaryApplicantPage"/>
</testsuite> <!-- com.testcases.C24086_VerifyPrimaryApplicantPage -->
